Started by user admin
Running as SYSTEM
Building in workspace /var/jenkins_home/workspace/eCommerceAppBuild
The recommended git tool is: NONE
using credential e139137c-78ab-404e-90b2-357538b26058
 > git rev-parse --resolve-git-dir /var/jenkins_home/workspace/eCommerceAppBuild/.git # timeout=10
Fetching changes from the remote Git repository
 > git config remote.origin.url https://github.com/ahmealy/eCommerce-App # timeout=10
Fetching upstream changes from https://github.com/ahmealy/eCommerce-App
 > git --version # timeout=10
 > git --version # 'git version 2.32.0'
using GIT_SSH to set credentials 
 > git fetch --tags --force --progress -- https://github.com/ahmealy/eCommerce-App +refs/heads/*:refs/remotes/origin/* # timeout=10
 > git rev-parse refs/remotes/origin/master^{commit} # timeout=10
Checking out Revision 15962371beb8bb1b489f2c57edcc8fc20bafa0e1 (refs/remotes/origin/master)
 > git config core.sparsecheckout # timeout=10
 > git checkout -f 15962371beb8bb1b489f2c57edcc8fc20bafa0e1 # timeout=10
Commit message: "Merge branch 'master' of https://github.com/ahmealy/eCommerce-App"
 > git rev-list --no-walk 03681854affdc0e05aaf631eb610c494fcb1b797 # timeout=10
[eCommerceAppBuild] $ mvn -f starter_code/pom.xml package
[INFO] Scanning for projects...
[INFO] 
[INFO] ---------------------< com.example:ecommerce-app >----------------------
[INFO] Building ecommerce-application 0.0.1-SNAPSHOT
[INFO] --------------------------------[ jar ]---------------------------------
[INFO] 
[INFO] --- maven-resources-plugin:3.1.0:resources (default-resources) @ ecommerce-app ---
[INFO] Using 'UTF-8' encoding to copy filtered resources.
[INFO] Copying 1 resource
[INFO] Copying 2 resources
[INFO] 
[INFO] --- maven-compiler-plugin:3.8.1:compile (default-compile) @ ecommerce-app ---
[INFO] Nothing to compile - all classes are up to date
[INFO] 
[INFO] --- maven-resources-plugin:3.1.0:testResources (default-testResources) @ ecommerce-app ---
[INFO] Using 'UTF-8' encoding to copy filtered resources.
[INFO] skip non existing resourceDirectory /var/jenkins_home/workspace/eCommerceAppBuild/starter_code/src/test/resources
[INFO] 
[INFO] --- maven-compiler-plugin:3.8.1:testCompile (default-testCompile) @ ecommerce-app ---
[INFO] Nothing to compile - all classes are up to date
[INFO] 
[INFO] --- maven-surefire-plugin:2.22.2:test (default-test) @ ecommerce-app ---
[INFO] 
[INFO] -------------------------------------------------------
[INFO]  T E S T S
[INFO] -------------------------------------------------------
2021-11-05T13:55:37.101+0000 INFO Neither @ContextConfiguration nor @ContextHierarchy found for test class [com.example.demo.SareetaApplicationTests], using SpringBootContextLoader
2021-11-05T13:55:37.179+0000 INFO Could not detect default resource locations for test class [com.example.demo.SareetaApplicationTests]: no resource found for suffixes {-context.xml, Context.groovy}.
2021-11-05T13:55:37.185+0000 INFO Could not detect default configuration classes for test class [com.example.demo.SareetaApplicationTests]: SareetaApplicationTests does not declare any static, non-private, non-final, nested classes annotated with @Configuration.
2021-11-05T13:55:37.486+0000 INFO Found @SpringBootConfiguration com.example.demo.SareetaApplication for test class com.example.demo.SareetaApplicationTests
2021-11-05T13:55:37.678+0000 INFO Loaded default TestExecutionListener class names from location [META-INF/spring.factories]: [org.springframework.security.test.context.support.WithSecurityContextTestExecutionListener, org.springframework.security.test.context.support.ReactorContextTestExecutionListener, org.springframework.test.context.web.ServletTestExecutionListener, org.springframework.test.context.support.DirtiesContextBeforeModesTestExecutionListener, org.springframework.test.context.support.DependencyInjectionTestExecutionListener, org.springframework.test.context.support.DirtiesContextTestExecutionListener, org.springframework.test.context.transaction.TransactionalTestExecutionListener, org.springframework.test.context.jdbc.SqlScriptsTestExecutionListener, org.springframework.test.context.event.EventPublishingTestExecutionListener, org.springframework.boot.test.mock.mockito.MockitoTestExecutionListener, org.springframework.boot.test.mock.mockito.ResetMocksTestExecutionListener, org.springframework.boot.test.autoconfigure.restdocs.RestDocsTestExecutionListener, org.springframework.boot.test.autoconfigure.web.client.MockRestServiceServerResetTestExecutionListener, org.springframework.boot.test.autoconfigure.web.servlet.MockMvcPrintOnlyOnFailureTestExecutionListener, org.springframework.boot.test.autoconfigure.web.servlet.WebDriverTestExecutionListener, org.springframework.boot.test.autoconfigure.webservices.client.MockWebServiceServerTestExecutionListener]
2021-11-05T13:55:37.734+0000 INFO Using TestExecutionListeners: [org.springframework.test.context.web.ServletTestExecutionListener@3a095ec0, org.springframework.test.context.support.DirtiesContextBeforeModesTestExecutionListener@4f20a5e0, org.springframework.boot.test.mock.mockito.MockitoTestExecutionListener@54da32dc, org.springframework.boot.test.autoconfigure.SpringBootDependencyInjectionTestExecutionListener@1d782abe, org.springframework.test.context.support.DirtiesContextTestExecutionListener@6df7988f, org.springframework.test.context.transaction.TransactionalTestExecutionListener@27b22f74, org.springframework.test.context.jdbc.SqlScriptsTestExecutionListener@22fba58c, org.springframework.security.test.context.support.WithSecurityContextTestExecutionListener@7e8a46b7, org.springframework.test.context.event.EventPublishingTestExecutionListener@2fe88a09, org.springframework.security.test.context.support.ReactorContextTestExecutionListener@1917d90f, org.springframework.boot.test.mock.mockito.ResetMocksTestExecutionListener@66bfd864, org.springframework.boot.test.autoconfigure.restdocs.RestDocsTestExecutionListener@4aac85fa, org.springframework.boot.test.autoconfigure.web.client.MockRestServiceServerResetTestExecutionListener@21fff664, org.springframework.boot.test.autoconfigure.web.servlet.MockMvcPrintOnlyOnFailureTestExecutionListener@6079cf5, org.springframework.boot.test.autoconfigure.web.servlet.WebDriverTestExecutionListener@1e6308a9, org.springframework.boot.test.autoconfigure.webservices.client.MockWebServiceServerTestExecutionListener@30cecdca]
2021-11-05T13:55:37.768+0000 INFO Neither @ContextConfiguration nor @ContextHierarchy found for test class [com.example.demo.SareetaApplicationTests], using SpringBootContextLoader
2021-11-05T13:55:37.779+0000 INFO Could not detect default resource locations for test class [com.example.demo.SareetaApplicationTests]: no resource found for suffixes {-context.xml, Context.groovy}.
2021-11-05T13:55:37.780+0000 INFO Could not detect default configuration classes for test class [com.example.demo.SareetaApplicationTests]: SareetaApplicationTests does not declare any static, non-private, non-final, nested classes annotated with @Configuration.
2021-11-05T13:55:37.787+0000 INFO Found @SpringBootConfiguration com.example.demo.SareetaApplication for test class com.example.demo.SareetaApplicationTests
2021-11-05T13:55:37.790+0000 INFO Loaded default TestExecutionListener class names from location [META-INF/spring.factories]: [org.springframework.security.test.context.support.WithSecurityContextTestExecutionListener, org.springframework.security.test.context.support.ReactorContextTestExecutionListener, org.springframework.test.context.web.ServletTestExecutionListener, org.springframework.test.context.support.DirtiesContextBeforeModesTestExecutionListener, org.springframework.test.context.support.DependencyInjectionTestExecutionListener, org.springframework.test.context.support.DirtiesContextTestExecutionListener, org.springframework.test.context.transaction.TransactionalTestExecutionListener, org.springframework.test.context.jdbc.SqlScriptsTestExecutionListener, org.springframework.test.context.event.EventPublishingTestExecutionListener, org.springframework.boot.test.mock.mockito.MockitoTestExecutionListener, org.springframework.boot.test.mock.mockito.ResetMocksTestExecutionListener, org.springframework.boot.test.autoconfigure.restdocs.RestDocsTestExecutionListener, org.springframework.boot.test.autoconfigure.web.client.MockRestServiceServerResetTestExecutionListener, org.springframework.boot.test.autoconfigure.web.servlet.MockMvcPrintOnlyOnFailureTestExecutionListener, org.springframework.boot.test.autoconfigure.web.servlet.WebDriverTestExecutionListener, org.springframework.boot.test.autoconfigure.webservices.client.MockWebServiceServerTestExecutionListener]
2021-11-05T13:55:37.799+0000 INFO Using TestExecutionListeners: [org.springframework.test.context.web.ServletTestExecutionListener@aced190, org.springframework.test.context.support.DirtiesContextBeforeModesTestExecutionListener@245a060f, org.springframework.boot.test.mock.mockito.MockitoTestExecutionListener@6edaa77a, org.springframework.boot.test.autoconfigure.SpringBootDependencyInjectionTestExecutionListener@1e63d216, org.springframework.test.context.support.DirtiesContextTestExecutionListener@62ddd21b, org.springframework.test.context.transaction.TransactionalTestExecutionListener@16c3ca31, org.springframework.test.context.jdbc.SqlScriptsTestExecutionListener@2d195ee4, org.springframework.security.test.context.support.WithSecurityContextTestExecutionListener@2d6aca33, org.springframework.test.context.event.EventPublishingTestExecutionListener@21ab988f, org.springframework.security.test.context.support.ReactorContextTestExecutionListener@29314cc9, org.springframework.boot.test.mock.mockito.ResetMocksTestExecutionListener@4e38d975, org.springframework.boot.test.autoconfigure.restdocs.RestDocsTestExecutionListener@35f8a9d3, org.springframework.boot.test.autoconfigure.web.client.MockRestServiceServerResetTestExecutionListener@48ea2003, org.springframework.boot.test.autoconfigure.web.servlet.MockMvcPrintOnlyOnFailureTestExecutionListener@6b1e7ad3, org.springframework.boot.test.autoconfigure.web.servlet.WebDriverTestExecutionListener@63e5e5b4, org.springframework.boot.test.autoconfigure.webservices.client.MockWebServiceServerTestExecutionListener@13a37e2a]
[INFO] Running com.example.demo.controllers.CartControllerTest
2021-11-05T13:55:39.360+0000 INFO [ADD TO CART] [SUCCESS] for user: Ahmed
2021-11-05T13:55:39.403+0000 ERROR [REMOVE FROM CART] [FAIL] for user: test, REASON: User not found!
2021-11-05T13:55:39.414+0000 ERROR [REMOVE FROM CART] [FAIL] for user: treka, REASON: User not found!
[INFO] Tests run: 3, Failures: 0, Errors: 0, Skipped: 0, Time elapsed: 1.445 s - in com.example.demo.controllers.CartControllerTest
[INFO] Running com.example.demo.controllers.ItemControllerTest
[INFO] Tests run: 5, Failures: 0, Errors: 0, Skipped: 0, Time elapsed: 0.003 s - in com.example.demo.controllers.ItemControllerTest
[INFO] Running com.example.demo.controllers.OrderControllerTest
2021-11-05T13:55:39.606+0000 ERROR [SUBMIT ORDER] [FAIL] for user: someone, REASON: User not found!
2021-11-05T13:55:39.611+0000 ERROR [ORDER HISTORY] [FAIL] for user: someone, REASON: User not found!
2021-11-05T13:55:39.615+0000 INFO [ORDER HISTORY] [SUCCESS] for user: test
2021-11-05T13:55:39.626+0000 INFO [SUBMIT ORDER] [SUCCESS] for user: test
[INFO] Tests run: 4, Failures: 0, Errors: 0, Skipped: 0, Time elapsed: 0.09 s - in com.example.demo.controllers.OrderControllerTest
[INFO] Running com.example.demo.controllers.UserControllerTest
2021-11-05T13:55:39.716+0000 ERROR [CREATE USER] [FAIL] for user: Ahmed, REASON: Either length is less than 7 or pass and conf pass do not match. Unable to create!
2021-11-05T13:55:39.720+0000 ERROR [CREATE USER] [FAIL] for user: Ahmed, REASON: Either length is less than 7 or pass and conf pass do not match. Unable to create!
2021-11-05T13:55:39.723+0000 ERROR [CREATE USER] [FAIL] for user: test, REASON: Either length is less than 7 or pass and conf pass do not match. Unable to create!
2021-11-05T13:55:39.747+0000 INFO [CREATE USER] [SUCCESS] for user: Ahmed
[INFO] Tests run: 8, Failures: 0, Errors: 0, Skipped: 0, Time elapsed: 0.101 s - in com.example.demo.controllers.UserControllerTest
[INFO] Running com.example.demo.SareetaApplicationTests

  .   ____          _            __ _ _
 /\\ / ___'_ __ _ _(_)_ __  __ _ \ \ \ \
( ( )\___ | '_ | '_| | '_ \/ _` | \ \ \ \
 \\/  ___)| |_)| | | | | || (_| |  ) ) ) )
  '  |____| .__|_| |_|_| |_\__, | / / / /
 =========|_|==============|___/=/_/_/_/
 :: Spring Boot ::        (v2.3.2.RELEASE)

2021-11-05T13:55:40.343+0000 INFO Starting SareetaApplicationTests on 84f0d60e8f7a with PID 2593 (started by root in /var/jenkins_home/workspace/eCommerceAppBuild/starter_code)
2021-11-05T13:55:40.352+0000 INFO No active profile set, falling back to default profiles: default
2021-11-05T13:55:41.658+0000 INFO Bootstrapping Spring Data JPA repositories in DEFAULT mode.
2021-11-05T13:55:41.808+0000 INFO Finished Spring Data repository scanning in 128ms. Found 4 JPA repository interfaces.
2021-11-05T13:55:43.542+0000 INFO HHH000204: Processing PersistenceUnitInfo [name: default]
2021-11-05T13:55:43.742+0000 INFO HHH000412: Hibernate ORM core version 5.4.18.Final
2021-11-05T13:55:43.850+0000 INFO HCANN000001: Hibernate Commons Annotations {5.1.0.Final}
2021-11-05T13:55:44.108+0000 INFO HikariPool-1 - Starting...
2021-11-05T13:55:44.572+0000 INFO HikariPool-1 - Start completed.
2021-11-05T13:55:44.614+0000 INFO HHH000400: Using dialect: org.hibernate.dialect.H2Dialect
2021-11-05T13:55:46.110+0000 INFO HHH000490: Using JtaPlatform implementation: [org.hibernate.engine.transaction.jta.platform.internal.NoJtaPlatform]
2021-11-05T13:55:46.132+0000 INFO Initialized JPA EntityManagerFactory for persistence unit 'default'
2021-11-05T13:55:47.431+0000 WARN spring.jpa.open-in-view is enabled by default. Therefore, database queries may be performed during view rendering. Explicitly configure spring.jpa.open-in-view to disable this warning
2021-11-05T13:55:49.482+0000 INFO Creating filter chain: any request, [org.springframework.security.web.context.request.async.WebAsyncManagerIntegrationFilter@4c7d19bf, org.springframework.security.web.context.SecurityContextPersistenceFilter@1be3e952, org.springframework.security.web.header.HeaderWriterFilter@6fc03cf6, org.springframework.web.filter.CorsFilter@21d478f3, org.springframework.security.web.authentication.logout.LogoutFilter@1516f497, com.example.demo.security.JWTAuthenticationFilter@3be60847, com.example.demo.security.JWTAuthenticationVerficationFilter@19ea65f4, org.springframework.security.web.savedrequest.RequestCacheAwareFilter@495e1ad1, org.springframework.security.web.servletapi.SecurityContextHolderAwareRequestFilter@7a3f3bc4, org.springframework.security.web.authentication.AnonymousAuthenticationFilter@3dfe2797, org.springframework.security.web.session.SessionManagementFilter@5b5d6f9c, org.springframework.security.web.access.ExceptionTranslationFilter@6db2a260, org.springframework.security.web.access.intercept.FilterSecurityInterceptor@2fccfcdb]
2021-11-05T13:55:49.942+0000 INFO Initializing ExecutorService 'applicationTaskExecutor'
2021-11-05T13:55:50.434+0000 INFO Started SareetaApplicationTests in 10.574 seconds (JVM running for 16.921)
[INFO] Tests run: 1, Failures: 0, Errors: 0, Skipped: 0, Time elapsed: 10.744 s - in com.example.demo.SareetaApplicationTests
2021-11-05T13:55:50.551+0000 INFO Shutting down ExecutorService 'applicationTaskExecutor'
2021-11-05T13:55:50.559+0000 INFO Closing JPA EntityManagerFactory for persistence unit 'default'
2021-11-05T13:55:50.563+0000 INFO HikariPool-1 - Shutdown initiated...
2021-11-05T13:55:50.571+0000 INFO HikariPool-1 - Shutdown completed.
[INFO] 
[INFO] Results:
[INFO] 
[INFO] Tests run: 21, Failures: 0, Errors: 0, Skipped: 0
[INFO] 
[INFO] 
[INFO] --- maven-jar-plugin:3.1.1:jar (default-jar) @ ecommerce-app ---
Downloading from central: https://repo.maven.apache.org/maven2/org/apache/maven/maven-archiver/3.3.0/maven-archiver-3.3.0.pom
Progress (1): 2.7/4.4 kBProgress (1): 4.4 kB                        Downloaded from central: https://repo.maven.apache.org/maven2/org/apache/maven/maven-archiver/3.3.0/maven-archiver-3.3.0.pom (4.4 kB at 7.6 kB/s)
Downloading from central: https://repo.maven.apache.org/maven2/org/apache/maven/shared/maven-shared-components/33/maven-shared-components-33.pom
Progress (1): 2.7/5.1 kBProgress (1): 5.1 kB                        Downloaded from central: https://repo.maven.apache.org/maven2/org/apache/maven/shared/maven-shared-components/33/maven-shared-components-33.pom (5.1 kB at 232 kB/s)
Downloading from central: https://repo.maven.apache.org/maven2/org/codehaus/plexus/plexus-archiver/3.6.0/plexus-archiver-3.6.0.pom
Progress (1): 2.7/4.8 kBProgress (1): 4.8 kB                        Downloaded from central: https://repo.maven.apache.org/maven2/org/codehaus/plexus/plexus-archiver/3.6.0/plexus-archiver-3.6.0.pom (4.8 kB at 267 kB/s)
Downloading from central: https://repo.maven.apache.org/maven2/org/codehaus/plexus/plexus/5.0/plexus-5.0.pom
Progress (1): 2.7/21 kBProgress (1): 5.5/21 kBProgress (1): 8.2/21 kBProgress (1): 11/21 kB Progress (1): 14/21 kBProgress (1): 16/21 kBProgress (1): 19/21 kBProgress (1): 21 kB                      Downloaded from central: https://repo.maven.apache.org/maven2/org/codehaus/plexus/plexus/5.0/plexus-5.0.pom (21 kB at 547 kB/s)
Downloading from central: https://repo.maven.apache.org/maven2/org/codehaus/plexus/plexus-io/3.0.1/plexus-io-3.0.1.pom
Progress (1): 2.7/4.5 kBProgress (1): 4.5 kB                        Downloaded from central: https://repo.maven.apache.org/maven2/org/codehaus/plexus/plexus-io/3.0.1/plexus-io-3.0.1.pom (4.5 kB at 284 kB/s)
Downloading from central: https://repo.maven.apache.org/maven2/commons-io/commons-io/2.6/commons-io-2.6.pom
Progress (1): 2.7/14 kBProgress (1): 5.5/14 kBProgress (1): 8.2/14 kBProgress (1): 11/14 kB Progress (1): 14/14 kBProgress (1): 14 kB                      Downloaded from central: https://repo.maven.apache.org/maven2/commons-io/commons-io/2.6/commons-io-2.6.pom (14 kB at 528 kB/s)
Downloading from central: https://repo.maven.apache.org/maven2/org/apache/commons/commons-parent/42/commons-parent-42.pom
Progress (1): 2.7/68 kBProgress (1): 5.5/68 kBProgress (1): 9.6/68 kBProgress (1): 14/68 kB Progress (1): 18/68 kBProgress (1): 22/68 kBProgress (1): 26/68 kBProgress (1): 30/68 kBProgress (1): 34/68 kBProgress (1): 38/68 kBProgress (1): 42/68 kBProgress (1): 46/68 kBProgress (1): 51/68 kBProgress (1): 55/68 kBProgress (1): 59/68 kBProgress (1): 63/68 kBProgress (1): 67/68 kBProgress (1): 68 kB                      Downloaded from central: https://repo.maven.apache.org/maven2/org/apache/commons/commons-parent/42/commons-parent-42.pom (68 kB at 1.3 MB/s)
Downloading from central: https://repo.maven.apache.org/maven2/org/apache/commons/commons-compress/1.16.1/commons-compress-1.16.1.pom
Progress (1): 4.1/16 kBProgress (1): 8.2/16 kBProgress (1): 12/16 kB Progress (1): 16 kB                      Downloaded from central: https://repo.maven.apache.org/maven2/org/apache/commons/commons-compress/1.16.1/commons-compress-1.16.1.pom (16 kB at 652 kB/s)
Downloading from central: https://repo.maven.apache.org/maven2/org/apache/commons/commons-parent/43/commons-parent-43.pom
Progress (1): 4.1/70 kBProgress (1): 8.2/70 kBProgress (1): 12/70 kB Progress (1): 16/70 kBProgress (1): 20/70 kBProgress (1): 25/70 kBProgress (1): 29/70 kBProgress (1): 33/70 kBProgress (1): 37/70 kBProgress (1): 41/70 kBProgress (1): 45/70 kBProgress (1): 49/70 kBProgress (1): 53/70 kBProgress (1): 57/70 kBProgress (1): 61/70 kBProgress (1): 66/70 kBProgress (1): 70/70 kBProgress (1): 70 kB                      Downloaded from central: https://repo.maven.apache.org/maven2/org/apache/commons/commons-parent/43/commons-parent-43.pom (70 kB at 1.6 MB/s)
Downloading from central: https://repo.maven.apache.org/maven2/org/iq80/snappy/snappy/0.4/snappy-0.4.pom
Progress (1): 4.1/15 kBProgress (1): 8.2/15 kBProgress (1): 12/15 kB Progress (1): 15 kB                      Downloaded from central: https://repo.maven.apache.org/maven2/org/iq80/snappy/snappy/0.4/snappy-0.4.pom (15 kB at 538 kB/s)
Downloading from central: https://repo.maven.apache.org/maven2/org/tukaani/xz/1.8/xz-1.8.pom
Progress (1): 1.9 kB                    Downloaded from central: https://repo.maven.apache.org/maven2/org/tukaani/xz/1.8/xz-1.8.pom (1.9 kB at 27 kB/s)
Downloading from central: https://repo.maven.apache.org/maven2/org/codehaus/plexus/plexus-interpolation/1.25/plexus-interpolation-1.25.pom
Progress (1): 2.6 kB                    Downloaded from central: https://repo.maven.apache.org/maven2/org/codehaus/plexus/plexus-interpolation/1.25/plexus-interpolation-1.25.pom (2.6 kB at 165 kB/s)
Downloading from central: https://repo.maven.apache.org/maven2/org/codehaus/plexus/plexus/5.1/plexus-5.1.pom
Progress (1): 4.1/23 kBProgress (1): 8.2/23 kBProgress (1): 12/23 kB Progress (1): 16/23 kBProgress (1): 20/23 kBProgress (1): 23 kB                      Downloaded from central: https://repo.maven.apache.org/maven2/org/codehaus/plexus/plexus/5.1/plexus-5.1.pom (23 kB at 776 kB/s)
Downloading from central: https://repo.maven.apache.org/maven2/org/codehaus/plexus/plexus-archiver/3.7.0/plexus-archiver-3.7.0.pom
Progress (1): 4.1/4.8 kBProgress (1): 4.8 kB                        Downloaded from central: https://repo.maven.apache.org/maven2/org/codehaus/plexus/plexus-archiver/3.7.0/plexus-archiver-3.7.0.pom (4.8 kB at 345 kB/s)
Downloading from central: https://repo.maven.apache.org/maven2/org/codehaus/plexus/plexus-io/3.1.0/plexus-io-3.1.0.pom
Progress (1): 4.1/4.5 kBProgress (1): 4.5 kB                        Downloaded from central: https://repo.maven.apache.org/maven2/org/codehaus/plexus/plexus-io/3.1.0/plexus-io-3.1.0.pom (4.5 kB at 325 kB/s)
Downloading from central: https://repo.maven.apache.org/maven2/org/apache/commons/commons-compress/1.18/commons-compress-1.18.pom
Progress (1): 4.1/18 kBProgress (1): 8.2/18 kBProgress (1): 12/18 kB Progress (1): 16/18 kBProgress (1): 18 kB                      Downloaded from central: https://repo.maven.apache.org/maven2/org/apache/commons/commons-compress/1.18/commons-compress-1.18.pom (18 kB at 629 kB/s)
Downloading from central: https://repo.maven.apache.org/maven2/org/apache/commons/commons-parent/47/commons-parent-47.pom
Progress (1): 4.1/78 kBProgress (1): 8.2/78 kBProgress (1): 12/78 kB Progress (1): 16/78 kBProgress (1): 20/78 kBProgress (1): 25/78 kBProgress (1): 29/78 kBProgress (1): 33/78 kBProgress (1): 37/78 kBProgress (1): 41/78 kBProgress (1): 45/78 kBProgress (1): 49/78 kBProgress (1): 53/78 kBProgress (1): 57/78 kBProgress (1): 61/78 kBProgress (1): 66/78 kBProgress (1): 70/78 kBProgress (1): 74/78 kBProgress (1): 78 kB                      Downloaded from central: https://repo.maven.apache.org/maven2/org/apache/commons/commons-parent/47/commons-parent-47.pom (78 kB at 1.6 MB/s)
Downloading from central: https://repo.maven.apache.org/maven2/org/apache/maven/maven-archiver/3.3.0/maven-archiver-3.3.0.jar
Downloading from central: https://repo.maven.apache.org/maven2/org/codehaus/plexus/plexus-archiver/3.7.0/plexus-archiver-3.7.0.jar
Downloading from central: https://repo.maven.apache.org/maven2/org/codehaus/plexus/plexus-io/3.1.0/plexus-io-3.1.0.jar
Downloading from central: https://repo.maven.apache.org/maven2/org/apache/commons/commons-compress/1.18/commons-compress-1.18.jar
Downloading from central: https://repo.maven.apache.org/maven2/org/iq80/snappy/snappy/0.4/snappy-0.4.jar
Progress (1): 4.1/24 kBProgress (1): 8.2/24 kBProgress (1): 12/24 kB Progress (1): 16/24 kBProgress (1): 20/24 kBProgress (1): 24 kB                      Downloaded from central: https://repo.maven.apache.org/maven2/org/apache/maven/maven-archiver/3.3.0/maven-archiver-3.3.0.jar (24 kB at 314 kB/s)
Downloading from central: https://repo.maven.apache.org/maven2/org/tukaani/xz/1.8/xz-1.8.jar
Progress (1): 2.7/592 kBProgress (2): 2.7/592 kB | 2.7/192 kBProgress (2): 2.7/592 kB | 5.5/192 kBProgress (2): 2.7/592 kB | 8.2/192 kBProgress (2): 2.7/592 kB | 11/192 kB Progress (2): 2.7/592 kB | 14/192 kBProgress (2): 2.7/592 kB | 16/192 kBProgress (3): 2.7/592 kB | 16/192 kB | 4.1/109 kBProgress (4): 2.7/592 kB | 16/192 kB | 4.1/109 kB | 2.7/75 kBProgress (4): 2.7/592 kB | 16/192 kB | 4.1/109 kB | 5.5/75 kBProgress (4): 2.7/592 kB | 16/192 kB | 4.1/109 kB | 8.2/75 kBProgress (4): 2.7/592 kB | 16/192 kB | 4.1/109 kB | 11/75 kB Progress (5): 2.7/592 kB | 16/192 kB | 4.1/109 kB | 11/75 kB | 2.7/58 kBProgress (5): 5.5/592 kB | 16/192 kB | 4.1/109 kB | 11/75 kB | 2.7/58 kBProgress (5): 8.2/592 kB | 16/192 kB | 4.1/109 kB | 11/75 kB | 2.7/58 kBProgress (5): 11/592 kB | 16/192 kB | 4.1/109 kB | 11/75 kB | 2.7/58 kB Progress (5): 14/592 kB | 16/192 kB | 4.1/109 kB | 11/75 kB | 2.7/58 kBProgress (5): 16/592 kB | 16/192 kB | 4.1/109 kB | 11/75 kB | 2.7/58 kBProgress (5): 19/592 kB | 16/192 kB | 4.1/109 kB | 11/75 kB | 2.7/58 kBProgress (5): 19/592 kB | 16/192 kB | 8.2/109 kB | 11/75 kB | 2.7/58 kBProgress (5): 19/592 kB | 16/192 kB | 12/109 kB | 11/75 kB | 2.7/58 kB Progress (5): 19/592 kB | 16/192 kB | 16/109 kB | 11/75 kB | 2.7/58 kBProgress (5): 19/592 kB | 19/192 kB | 16/109 kB | 11/75 kB | 2.7/58 kBProgress (5): 19/592 kB | 22/192 kB | 16/109 kB | 11/75 kB | 2.7/58 kBProgress (5): 19/592 kB | 22/192 kB | 16/109 kB | 14/75 kB | 2.7/58 kBProgress (5): 19/592 kB | 22/192 kB | 16/109 kB | 16/75 kB | 2.7/58 kBProgress (5): 19/592 kB | 22/192 kB | 16/109 kB | 19/75 kB | 2.7/58 kBProgress (5): 19/592 kB | 22/192 kB | 16/109 kB | 22/75 kB | 2.7/58 kBProgress (5): 19/592 kB | 22/192 kB | 16/109 kB | 22/75 kB | 5.5/58 kBProgress (5): 19/592 kB | 22/192 kB | 16/109 kB | 22/75 kB | 8.2/58 kBProgress (5): 19/592 kB | 22/192 kB | 16/109 kB | 22/75 kB | 11/58 kB Progress (5): 19/592 kB | 22/192 kB | 16/109 kB | 22/75 kB | 14/58 kBProgress (5): 19/592 kB | 22/192 kB | 16/109 kB | 22/75 kB | 16/58 kBProgress (5): 22/592 kB | 22/192 kB | 16/109 kB | 22/75 kB | 16/58 kBProgress (5): 25/592 kB | 22/192 kB | 16/109 kB | 22/75 kB | 16/58 kBProgress (5): 25/592 kB | 25/192 kB | 16/109 kB | 22/75 kB | 16/58 kBProgress (5): 25/592 kB | 27/192 kB | 16/109 kB | 22/75 kB | 16/58 kBProgress (5): 25/592 kB | 27/192 kB | 20/109 kB | 22/75 kB | 16/58 kBProgress (5): 25/592 kB | 27/192 kB | 25/109 kB | 22/75 kB | 16/58 kBProgress (5): 25/592 kB | 27/192 kB | 29/109 kB | 22/75 kB | 16/58 kBProgress (5): 25/592 kB | 27/192 kB | 33/109 kB | 22/75 kB | 16/58 kBProgress (5): 25/592 kB | 27/192 kB | 37/109 kB | 22/75 kB | 16/58 kBProgress (5): 25/592 kB | 27/192 kB | 37/109 kB | 22/75 kB | 19/58 kBProgress (5): 25/592 kB | 27/192 kB | 37/109 kB | 22/75 kB | 22/58 kBProgress (5): 25/592 kB | 27/192 kB | 37/109 kB | 25/75 kB | 22/58 kBProgress (5): 25/592 kB | 27/192 kB | 37/109 kB | 27/75 kB | 22/58 kBProgress (5): 25/592 kB | 27/192 kB | 37/109 kB | 30/75 kB | 22/58 kBProgress (5): 27/592 kB | 27/192 kB | 37/109 kB | 30/75 kB | 22/58 kBProgress (5): 30/592 kB | 27/192 kB | 37/109 kB | 30/75 kB | 22/58 kBProgress (5): 30/592 kB | 30/192 kB | 37/109 kB | 30/75 kB | 22/58 kBProgress (5): 30/592 kB | 33/192 kB | 37/109 kB | 30/75 kB | 22/58 kBProgress (5): 30/592 kB | 36/192 kB | 37/109 kB | 30/75 kB | 22/58 kBProgress (5): 30/592 kB | 38/192 kB | 37/109 kB | 30/75 kB | 22/58 kBProgress (5): 30/592 kB | 38/192 kB | 37/109 kB | 30/75 kB | 25/58 kBProgress (5): 30/592 kB | 38/192 kB | 37/109 kB | 30/75 kB | 27/58 kBProgress (5): 30/592 kB | 38/192 kB | 37/109 kB | 33/75 kB | 27/58 kBProgress (5): 30/592 kB | 38/192 kB | 37/109 kB | 36/75 kB | 27/58 kBProgress (5): 30/592 kB | 38/192 kB | 37/109 kB | 38/75 kB | 27/58 kBProgress (5): 30/592 kB | 38/192 kB | 37/109 kB | 41/75 kB | 27/58 kBProgress (5): 30/592 kB | 38/192 kB | 37/109 kB | 44/75 kB | 27/58 kBProgress (5): 30/592 kB | 38/192 kB | 37/109 kB | 47/75 kB | 27/58 kBProgress (5): 30/592 kB | 38/192 kB | 37/109 kB | 49/75 kB | 27/58 kBProgress (5): 30/592 kB | 38/192 kB | 41/109 kB | 49/75 kB | 27/58 kBProgress (5): 30/592 kB | 38/192 kB | 45/109 kB | 49/75 kB | 27/58 kBProgress (5): 30/592 kB | 38/192 kB | 49/109 kB | 49/75 kB | 27/58 kBProgress (5): 30/592 kB | 38/192 kB | 53/109 kB | 49/75 kB | 27/58 kBProgress (5): 30/592 kB | 38/192 kB | 57/109 kB | 49/75 kB | 27/58 kBProgress (5): 30/592 kB | 38/192 kB | 61/109 kB | 49/75 kB | 27/58 kBProgress (5): 33/592 kB | 38/192 kB | 61/109 kB | 49/75 kB | 27/58 kBProgress (5): 36/592 kB | 38/192 kB | 61/109 kB | 49/75 kB | 27/58 kBProgress (5): 38/592 kB | 38/192 kB | 61/109 kB | 49/75 kB | 27/58 kBProgress (5): 41/592 kB | 38/192 kB | 61/109 kB | 49/75 kB | 27/58 kBProgress (5): 44/592 kB | 38/192 kB | 61/109 kB | 49/75 kB | 27/58 kBProgress (5): 47/592 kB | 38/192 kB | 61/109 kB | 49/75 kB | 27/58 kBProgress (5): 47/592 kB | 38/192 kB | 61/109 kB | 52/75 kB | 27/58 kBProgress (5): 47/592 kB | 38/192 kB | 61/109 kB | 52/75 kB | 30/58 kBProgress (5): 47/592 kB | 38/192 kB | 61/109 kB | 52/75 kB | 33/58 kBProgress (5): 47/592 kB | 38/192 kB | 61/109 kB | 52/75 kB | 36/58 kBProgress (5): 47/592 kB | 41/192 kB | 61/109 kB | 52/75 kB | 36/58 kBProgress (5): 47/592 kB | 44/192 kB | 61/109 kB | 52/75 kB | 36/58 kBProgress (5): 47/592 kB | 47/192 kB | 61/109 kB | 52/75 kB | 36/58 kBProgress (5): 47/592 kB | 49/192 kB | 61/109 kB | 52/75 kB | 36/58 kBProgress (5): 47/592 kB | 52/192 kB | 61/109 kB | 52/75 kB | 36/58 kBProgress (5): 47/592 kB | 55/192 kB | 61/109 kB | 52/75 kB | 36/58 kBProgress (5): 47/592 kB | 55/192 kB | 61/109 kB | 55/75 kB | 36/58 kBProgress (5): 47/592 kB | 55/192 kB | 61/109 kB | 58/75 kB | 36/58 kBProgress (5): 47/592 kB | 55/192 kB | 66/109 kB | 58/75 kB | 36/58 kBProgress (5): 47/592 kB | 55/192 kB | 70/109 kB | 58/75 kB | 36/58 kBProgress (5): 47/592 kB | 55/192 kB | 74/109 kB | 58/75 kB | 36/58 kBProgress (5): 47/592 kB | 55/192 kB | 78/109 kB | 58/75 kB | 36/58 kBProgress (5): 49/592 kB | 55/192 kB | 78/109 kB | 58/75 kB | 36/58 kBProgress (5): 49/592 kB | 55/192 kB | 78/109 kB | 58/75 kB | 38/58 kBProgress (5): 49/592 kB | 55/192 kB | 78/109 kB | 58/75 kB | 41/58 kBProgress (5): 49/592 kB | 55/192 kB | 78/109 kB | 58/75 kB | 44/58 kBProgress (5): 49/592 kB | 55/192 kB | 78/109 kB | 58/75 kB | 47/58 kBProgress (5): 49/592 kB | 55/192 kB | 78/109 kB | 58/75 kB | 49/58 kBProgress (5): 49/592 kB | 55/192 kB | 78/109 kB | 58/75 kB | 52/58 kBProgress (5): 52/592 kB | 55/192 kB | 78/109 kB | 58/75 kB | 52/58 kBProgress (5): 55/592 kB | 55/192 kB | 78/109 kB | 58/75 kB | 52/58 kBProgress (5): 55/592 kB | 58/192 kB | 78/109 kB | 58/75 kB | 52/58 kBProgress (5): 55/592 kB | 60/192 kB | 78/109 kB | 58/75 kB | 52/58 kBProgress (5): 55/592 kB | 60/192 kB | 78/109 kB | 60/75 kB | 52/58 kBProgress (5): 55/592 kB | 60/192 kB | 78/109 kB | 63/75 kB | 52/58 kBProgress (5): 55/592 kB | 60/192 kB | 78/109 kB | 66/75 kB | 52/58 kBProgress (5): 55/592 kB | 60/192 kB | 78/109 kB | 70/75 kB | 52/58 kBProgress (5): 55/592 kB | 60/192 kB | 78/109 kB | 74/75 kB | 52/58 kBProgress (5): 55/592 kB | 60/192 kB | 78/109 kB | 75 kB | 52/58 kB   Progress (5): 55/592 kB | 60/192 kB | 82/109 kB | 75 kB | 52/58 kBProgress (5): 55/592 kB | 60/192 kB | 86/109 kB | 75 kB | 52/58 kBProgress (5): 55/592 kB | 60/192 kB | 86/109 kB | 75 kB | 55/58 kBProgress (5): 55/592 kB | 60/192 kB | 86/109 kB | 75 kB | 58/58 kBProgress (5): 55/592 kB | 60/192 kB | 86/109 kB | 75 kB | 58 kB   Progress (5): 58/592 kB | 60/192 kB | 86/109 kB | 75 kB | 58 kBProgress (5): 60/592 kB | 60/192 kB | 86/109 kB | 75 kB | 58 kBProgress (5): 60/592 kB | 63/192 kB | 86/109 kB | 75 kB | 58 kBProgress (5): 60/592 kB | 66/192 kB | 86/109 kB | 75 kB | 58 kBProgress (5): 60/592 kB | 70/192 kB | 86/109 kB | 75 kB | 58 kBProgress (5): 60/592 kB | 74/192 kB | 86/109 kB | 75 kB | 58 kBProgress (5): 60/592 kB | 78/192 kB | 86/109 kB | 75 kB | 58 kBProgress (5): 60/592 kB | 82/192 kB | 86/109 kB | 75 kB | 58 kBProgress (5): 63/592 kB | 82/192 kB | 86/109 kB | 75 kB | 58 kBProgress (5): 66/592 kB | 82/192 kB | 86/109 kB | 75 kB | 58 kBProgress (5): 70/592 kB | 82/192 kB | 86/109 kB | 75 kB | 58 kBProgress (5): 70/592 kB | 82/192 kB | 90/109 kB | 75 kB | 58 kBProgress (5): 70/592 kB | 82/192 kB | 94/109 kB | 75 kB | 58 kBProgress (5): 70/592 kB | 82/192 kB | 98/109 kB | 75 kB | 58 kBProgress (5): 70/592 kB | 82/192 kB | 102/109 kB | 75 kB | 58 kB                                                                Downloaded from central: https://repo.maven.apache.org/maven2/org/codehaus/plexus/plexus-io/3.1.0/plexus-io-3.1.0.jar (75 kB at 299 kB/s)
Progress (4): 70/592 kB | 82/192 kB | 106/109 kB | 58 kBProgress (4): 70/592 kB | 82/192 kB | 109 kB | 58 kB    Progress (4): 74/592 kB | 82/192 kB | 109 kB | 58 kBProgress (4): 78/592 kB | 82/192 kB | 109 kB | 58 kBProgress (4): 82/592 kB | 82/192 kB | 109 kB | 58 kBProgress (4): 86/592 kB | 82/192 kB | 109 kB | 58 kBProgress (4): 86/592 kB | 86/192 kB | 109 kB | 58 kBProgress (4): 86/592 kB | 90/192 kB | 109 kB | 58 kBProgress (4): 86/592 kB | 94/192 kB | 109 kB | 58 kBProgress (4): 86/592 kB | 99/192 kB | 109 kB | 58 kBProgress (4): 86/592 kB | 103/192 kB | 109 kB | 58 kBProgress (4): 86/592 kB | 107/192 kB | 109 kB | 58 kBProgress (4): 86/592 kB | 111/192 kB | 109 kB | 58 kBProgress (4): 86/592 kB | 115/192 kB | 109 kB | 58 kB                                                     Downloaded from central: https://repo.maven.apache.org/maven2/org/tukaani/xz/1.8/xz-1.8.jar (109 kB at 404 kB/s)
Downloaded from central: https://repo.maven.apache.org/maven2/org/iq80/snappy/snappy/0.4/snappy-0.4.jar (58 kB at 213 kB/s)
Progress (2): 90/592 kB | 115/192 kBProgress (2): 94/592 kB | 115/192 kBProgress (2): 99/592 kB | 115/192 kBProgress (2): 103/592 kB | 115/192 kBProgress (2): 107/592 kB | 115/192 kBProgress (2): 111/592 kB | 115/192 kBProgress (2): 115/592 kB | 115/192 kBProgress (2): 115/592 kB | 119/192 kBProgress (2): 115/592 kB | 123/192 kBProgress (2): 115/592 kB | 127/192 kBProgress (2): 115/592 kB | 131/192 kBProgress (2): 115/592 kB | 135/192 kBProgress (2): 115/592 kB | 140/192 kBProgress (2): 115/592 kB | 144/192 kBProgress (2): 119/592 kB | 144/192 kBProgress (2): 123/592 kB | 144/192 kBProgress (2): 127/592 kB | 144/192 kBProgress (2): 131/592 kB | 144/192 kBProgress (2): 135/592 kB | 144/192 kBProgress (2): 135/592 kB | 148/192 kBProgress (2): 135/592 kB | 152/192 kBProgress (2): 135/592 kB | 156/192 kBProgress (2): 135/592 kB | 160/192 kBProgress (2): 135/592 kB | 164/192 kBProgress (2): 135/592 kB | 168/192 kBProgress (2): 140/592 kB | 168/192 kBProgress (2): 144/592 kB | 168/192 kBProgress (2): 148/592 kB | 168/192 kBProgress (2): 152/592 kB | 168/192 kBProgress (2): 156/592 kB | 168/192 kBProgress (2): 160/592 kB | 168/192 kBProgress (2): 164/592 kB | 168/192 kBProgress (2): 168/592 kB | 168/192 kBProgress (2): 168/592 kB | 172/192 kBProgress (2): 168/592 kB | 176/192 kBProgress (2): 168/592 kB | 180/192 kBProgress (2): 168/592 kB | 185/192 kBProgress (2): 168/592 kB | 189/192 kBProgress (2): 168/592 kB | 192 kB    Progress (2): 172/592 kB | 192 kBProgress (2): 176/592 kB | 192 kBProgress (2): 180/592 kB | 192 kB                                 Downloaded from central: https://repo.maven.apache.org/maven2/org/codehaus/plexus/plexus-archiver/3.7.0/plexus-archiver-3.7.0.jar (192 kB at 549 kB/s)
Progress (1): 185/592 kBProgress (1): 189/592 kBProgress (1): 193/592 kBProgress (1): 197/592 kBProgress (1): 201/592 kBProgress (1): 205/592 kBProgress (1): 209/592 kBProgress (1): 213/592 kBProgress (1): 217/592 kBProgress (1): 221/592 kBProgress (1): 226/592 kBProgress (1): 230/592 kBProgress (1): 234/592 kBProgress (1): 238/592 kBProgress (1): 242/592 kBProgress (1): 246/592 kBProgress (1): 250/592 kBProgress (1): 254/592 kBProgress (1): 258/592 kBProgress (1): 262/592 kBProgress (1): 267/592 kBProgress (1): 271/592 kBProgress (1): 275/592 kBProgress (1): 279/592 kBProgress (1): 283/592 kBProgress (1): 287/592 kBProgress (1): 291/592 kBProgress (1): 295/592 kBProgress (1): 299/592 kBProgress (1): 303/592 kBProgress (1): 307/592 kBProgress (1): 312/592 kBProgress (1): 316/592 kBProgress (1): 320/592 kBProgress (1): 324/592 kBProgress (1): 328/592 kBProgress (1): 332/592 kBProgress (1): 336/592 kBProgress (1): 340/592 kBProgress (1): 344/592 kBProgress (1): 348/592 kBProgress (1): 353/592 kBProgress (1): 357/592 kBProgress (1): 361/592 kBProgress (1): 365/592 kBProgress (1): 369/592 kBProgress (1): 373/592 kBProgress (1): 377/592 kBProgress (1): 381/592 kBProgress (1): 385/592 kBProgress (1): 389/592 kBProgress (1): 393/592 kBProgress (1): 398/592 kBProgress (1): 402/592 kBProgress (1): 406/592 kBProgress (1): 410/592 kBProgress (1): 414/592 kBProgress (1): 418/592 kBProgress (1): 422/592 kBProgress (1): 426/592 kBProgress (1): 430/592 kBProgress (1): 434/592 kBProgress (1): 438/592 kBProgress (1): 442/592 kBProgress (1): 446/592 kBProgress (1): 450/592 kBProgress (1): 454/592 kBProgress (1): 459/592 kBProgress (1): 463/592 kBProgress (1): 467/592 kBProgress (1): 471/592 kBProgress (1): 475/592 kBProgress (1): 479/592 kBProgress (1): 483/592 kBProgress (1): 487/592 kBProgress (1): 491/592 kBProgress (1): 495/592 kBProgress (1): 499/592 kBProgress (1): 504/592 kBProgress (1): 508/592 kBProgress (1): 512/592 kBProgress (1): 516/592 kBProgress (1): 520/592 kBProgress (1): 524/592 kBProgress (1): 528/592 kBProgress (1): 532/592 kBProgress (1): 536/592 kBProgress (1): 540/592 kBProgress (1): 545/592 kBProgress (1): 549/592 kBProgress (1): 553/592 kBProgress (1): 557/592 kBProgress (1): 561/592 kBProgress (1): 565/592 kBProgress (1): 569/592 kBProgress (1): 573/592 kBProgress (1): 577/592 kBProgress (1): 581/592 kBProgress (1): 585/592 kBProgress (1): 590/592 kBProgress (1): 592 kB                        Downloaded from central: https://repo.maven.apache.org/maven2/org/apache/commons/commons-compress/1.18/commons-compress-1.18.jar (592 kB at 1.2 MB/s)
[INFO] Building jar: /var/jenkins_home/workspace/eCommerceAppBuild/starter_code/target/ecommerce-app-0.0.1-SNAPSHOT.jar
[INFO] 
[INFO] --- spring-boot-maven-plugin:2.3.2.RELEASE:repackage (repackage) @ ecommerce-app ---
Downloading from central: https://repo.maven.apache.org/maven2/org/springframework/boot/spring-boot-buildpack-platform/2.3.2.RELEASE/spring-boot-buildpack-platform-2.3.2.RELEASE.pom
Progress (1): 3.1 kB                    Downloaded from central: https://repo.maven.apache.org/maven2/org/springframework/boot/spring-boot-buildpack-platform/2.3.2.RELEASE/spring-boot-buildpack-platform-2.3.2.RELEASE.pom (3.1 kB at 236 kB/s)
Downloading from central: https://repo.maven.apache.org/maven2/net/java/dev/jna/jna-platform/5.5.0/jna-platform-5.5.0.pom
Progress (1): 1.8 kB                    Downloaded from central: https://repo.maven.apache.org/maven2/net/java/dev/jna/jna-platform/5.5.0/jna-platform-5.5.0.pom (1.8 kB at 112 kB/s)
Downloading from central: https://repo.maven.apache.org/maven2/net/java/dev/jna/jna/5.5.0/jna-5.5.0.pom
Progress (1): 1.6 kB                    Downloaded from central: https://repo.maven.apache.org/maven2/net/java/dev/jna/jna/5.5.0/jna-5.5.0.pom (1.6 kB at 122 kB/s)
Downloading from central: https://repo.maven.apache.org/maven2/org/apache/commons/commons-compress/1.19/commons-compress-1.19.pom
Progress (1): 4.1/18 kBProgress (1): 8.2/18 kBProgress (1): 12/18 kB Progress (1): 16/18 kBProgress (1): 18 kB                      Downloaded from central: https://repo.maven.apache.org/maven2/org/apache/commons/commons-compress/1.19/commons-compress-1.19.pom (18 kB at 1.4 MB/s)
Downloading from central: https://repo.maven.apache.org/maven2/org/apache/commons/commons-parent/48/commons-parent-48.pom
Progress (1): 4.1/72 kBProgress (1): 8.2/72 kBProgress (1): 12/72 kB Progress (1): 16/72 kBProgress (1): 20/72 kBProgress (1): 25/72 kBProgress (1): 29/72 kBProgress (1): 33/72 kBProgress (1): 37/72 kBProgress (1): 41/72 kBProgress (1): 45/72 kBProgress (1): 49/72 kBProgress (1): 53/72 kBProgress (1): 57/72 kBProgress (1): 61/72 kBProgress (1): 66/72 kBProgress (1): 70/72 kBProgress (1): 72 kB                      Downloaded from central: https://repo.maven.apache.org/maven2/org/apache/commons/commons-parent/48/commons-parent-48.pom (72 kB at 1.9 MB/s)
Downloading from central: https://repo.maven.apache.org/maven2/org/apache/httpcomponents/httpclient/4.5.12/httpclient-4.5.12.pom
Progress (1): 4.1/6.6 kBProgress (1): 6.6 kB                        Downloaded from central: https://repo.maven.apache.org/maven2/org/apache/httpcomponents/httpclient/4.5.12/httpclient-4.5.12.pom (6.6 kB at 330 kB/s)
Downloading from central: https://repo.maven.apache.org/maven2/org/apache/httpcomponents/httpcomponents-client/4.5.12/httpcomponents-client-4.5.12.pom
Progress (1): 4.1/16 kBProgress (1): 8.2/16 kBProgress (1): 12/16 kB Progress (1): 16 kB                      Downloaded from central: https://repo.maven.apache.org/maven2/org/apache/httpcomponents/httpcomponents-client/4.5.12/httpcomponents-client-4.5.12.pom (16 kB at 1.2 MB/s)
Downloading from central: https://repo.maven.apache.org/maven2/org/apache/httpcomponents/httpcomponents-parent/11/httpcomponents-parent-11.pom
Progress (1): 4.1/35 kBProgress (1): 8.2/35 kBProgress (1): 12/35 kB Progress (1): 16/35 kBProgress (1): 20/35 kBProgress (1): 25/35 kBProgress (1): 29/35 kBProgress (1): 33/35 kBProgress (1): 35 kB                      Downloaded from central: https://repo.maven.apache.org/maven2/org/apache/httpcomponents/httpcomponents-parent/11/httpcomponents-parent-11.pom (35 kB at 1.4 MB/s)
Downloading from central: https://repo.maven.apache.org/maven2/org/apache/httpcomponents/httpcore/4.4.13/httpcore-4.4.13.pom
Progress (1): 4.1/5.0 kBProgress (1): 5.0 kB                        Downloaded from central: https://repo.maven.apache.org/maven2/org/apache/httpcomponents/httpcore/4.4.13/httpcore-4.4.13.pom (5.0 kB at 497 kB/s)
Downloading from central: https://repo.maven.apache.org/maven2/org/apache/httpcomponents/httpcomponents-core/4.4.13/httpcomponents-core-4.4.13.pom
Progress (1): 4.1/13 kBProgress (1): 8.2/13 kBProgress (1): 12/13 kB Progress (1): 13 kB                      Downloaded from central: https://repo.maven.apache.org/maven2/org/apache/httpcomponents/httpcomponents-core/4.4.13/httpcomponents-core-4.4.13.pom (13 kB at 1.2 MB/s)
Downloading from central: https://repo.maven.apache.org/maven2/commons-logging/commons-logging/1.2/commons-logging-1.2.pom
Progress (1): 4.1/19 kBProgress (1): 8.2/19 kBProgress (1): 12/19 kB Progress (1): 16/19 kBProgress (1): 19 kB                      Downloaded from central: https://repo.maven.apache.org/maven2/commons-logging/commons-logging/1.2/commons-logging-1.2.pom (19 kB at 1.7 MB/s)
Downloading from central: https://repo.maven.apache.org/maven2/org/apache/commons/commons-parent/34/commons-parent-34.pom
Progress (1): 4.1/56 kBProgress (1): 8.2/56 kBProgress (1): 12/56 kB Progress (1): 16/56 kBProgress (1): 20/56 kBProgress (1): 25/56 kBProgress (1): 29/56 kBProgress (1): 33/56 kBProgress (1): 37/56 kBProgress (1): 41/56 kBProgress (1): 45/56 kBProgress (1): 49/56 kBProgress (1): 53/56 kBProgress (1): 56 kB                      Downloaded from central: https://repo.maven.apache.org/maven2/org/apache/commons/commons-parent/34/commons-parent-34.pom (56 kB at 2.3 MB/s)
Downloading from central: https://repo.maven.apache.org/maven2/commons-codec/commons-codec/1.11/commons-codec-1.11.pom
Progress (1): 4.1/14 kBProgress (1): 8.2/14 kBProgress (1): 12/14 kB Progress (1): 14 kB                      Downloaded from central: https://repo.maven.apache.org/maven2/commons-codec/commons-codec/1.11/commons-codec-1.11.pom (14 kB at 873 kB/s)
Downloading from central: https://repo.maven.apache.org/maven2/org/springframework/boot/spring-boot-loader-tools/2.3.2.RELEASE/spring-boot-loader-tools-2.3.2.RELEASE.pom
Progress (1): 2.3 kB                    Downloaded from central: https://repo.maven.apache.org/maven2/org/springframework/boot/spring-boot-loader-tools/2.3.2.RELEASE/spring-boot-loader-tools-2.3.2.RELEASE.pom (2.3 kB at 207 kB/s)
Downloading from central: https://repo.maven.apache.org/maven2/org/apache/maven/shared/maven-common-artifact-filters/3.1.0/maven-common-artifact-filters-3.1.0.pom
Progress (1): 4.1/5.3 kBProgress (1): 5.3 kB                        Downloaded from central: https://repo.maven.apache.org/maven2/org/apache/maven/shared/maven-common-artifact-filters/3.1.0/maven-common-artifact-filters-3.1.0.pom (5.3 kB at 407 kB/s)
Downloading from central: https://repo.maven.apache.org/maven2/org/codehaus/plexus/plexus-component-annotations/1.5.5/plexus-component-annotations-1.5.5.pom
Progress (1): 815 B                   Downloaded from central: https://repo.maven.apache.org/maven2/org/codehaus/plexus/plexus-component-annotations/1.5.5/plexus-component-annotations-1.5.5.pom (815 B at 54 kB/s)
Downloading from central: https://repo.maven.apache.org/maven2/org/codehaus/plexus/plexus-containers/1.5.5/plexus-containers-1.5.5.pom
Progress (1): 4.1/4.2 kBProgress (1): 4.2 kB                        Downloaded from central: https://repo.maven.apache.org/maven2/org/codehaus/plexus/plexus-containers/1.5.5/plexus-containers-1.5.5.pom (4.2 kB at 353 kB/s)
Downloading from central: https://repo.maven.apache.org/maven2/org/codehaus/plexus/plexus-component-annotations/1.5.4/plexus-component-annotations-1.5.4.pom
Progress (1): 815 B                   Downloaded from central: https://repo.maven.apache.org/maven2/org/codehaus/plexus/plexus-component-annotations/1.5.4/plexus-component-annotations-1.5.4.pom (815 B at 68 kB/s)
Downloading from central: https://repo.maven.apache.org/maven2/org/codehaus/plexus/plexus-containers/1.5.4/plexus-containers-1.5.4.pom
Progress (1): 4.1/4.2 kBProgress (1): 4.2 kB                        Downloaded from central: https://repo.maven.apache.org/maven2/org/codehaus/plexus/plexus-containers/1.5.4/plexus-containers-1.5.4.pom (4.2 kB at 353 kB/s)
Downloading from central: https://repo.maven.apache.org/maven2/org/codehaus/plexus/plexus/2.0.5/plexus-2.0.5.pom
Progress (1): 4.1/17 kBProgress (1): 8.2/17 kBProgress (1): 12/17 kB Progress (1): 16/17 kBProgress (1): 17 kB                      Downloaded from central: https://repo.maven.apache.org/maven2/org/codehaus/plexus/plexus/2.0.5/plexus-2.0.5.pom (17 kB at 964 kB/s)
Downloading from central: https://repo.maven.apache.org/maven2/org/apache/maven/shared/maven-shared-utils/3.1.0/maven-shared-utils-3.1.0.pom
Progress (1): 4.1/5.0 kBProgress (1): 5.0 kB                        Downloaded from central: https://repo.maven.apache.org/maven2/org/apache/maven/shared/maven-shared-utils/3.1.0/maven-shared-utils-3.1.0.pom (5.0 kB at 277 kB/s)
Downloading from central: https://repo.maven.apache.org/maven2/org/apache/maven/maven-plugin-api/3.6.3/maven-plugin-api-3.6.3.pom
Progress (1): 3.0 kB                    Downloaded from central: https://repo.maven.apache.org/maven2/org/apache/maven/maven-plugin-api/3.6.3/maven-plugin-api-3.6.3.pom (3.0 kB at 434 kB/s)
Downloading from central: https://repo.maven.apache.org/maven2/org/apache/maven/maven/3.6.3/maven-3.6.3.pom
Progress (1): 4.1/26 kBProgress (1): 8.2/26 kBProgress (1): 12/26 kB Progress (1): 16/26 kBProgress (1): 20/26 kBProgress (1): 25/26 kBProgress (1): 26 kB                      Downloaded from central: https://repo.maven.apache.org/maven2/org/apache/maven/maven/3.6.3/maven-3.6.3.pom (26 kB at 2.6 MB/s)
Downloading from central: https://repo.maven.apache.org/maven2/org/apache/maven/maven-model/3.6.3/maven-model-3.6.3.pom
Progress (1): 4.1 kB                    Downloaded from central: https://repo.maven.apache.org/maven2/org/apache/maven/maven-model/3.6.3/maven-model-3.6.3.pom (4.1 kB at 454 kB/s)
Downloading from central: https://repo.maven.apache.org/maven2/org/codehaus/plexus/plexus-utils/3.2.1/plexus-utils-3.2.1.pom
Progress (1): 4.1/5.3 kBProgress (1): 5.3 kB                        Downloaded from central: https://repo.maven.apache.org/maven2/org/codehaus/plexus/plexus-utils/3.2.1/plexus-utils-3.2.1.pom (5.3 kB at 411 kB/s)
Downloading from central: https://repo.maven.apache.org/maven2/org/apache/maven/maven-artifact/3.6.3/maven-artifact-3.6.3.pom
Progress (1): 2.4 kB                    Downloaded from central: https://repo.maven.apache.org/maven2/org/apache/maven/maven-artifact/3.6.3/maven-artifact-3.6.3.pom (2.4 kB at 184 kB/s)
Downloading from central: https://repo.maven.apache.org/maven2/org/apache/commons/commons-lang3/3.8.1/commons-lang3-3.8.1.pom
Progress (1): 4.1/28 kBProgress (1): 8.2/28 kBProgress (1): 12/28 kB Progress (1): 16/28 kBProgress (1): 20/28 kBProgress (1): 25/28 kBProgress (1): 28 kB                      Downloaded from central: https://repo.maven.apache.org/maven2/org/apache/commons/commons-lang3/3.8.1/commons-lang3-3.8.1.pom (28 kB at 2.0 MB/s)
Downloading from central: https://repo.maven.apache.org/maven2/org/eclipse/sisu/org.eclipse.sisu.plexus/0.3.4/org.eclipse.sisu.plexus-0.3.4.pom
Progress (1): 4.1/4.2 kBProgress (1): 4.2 kB                        Downloaded from central: https://repo.maven.apache.org/maven2/org/eclipse/sisu/org.eclipse.sisu.plexus/0.3.4/org.eclipse.sisu.plexus-0.3.4.pom (4.2 kB at 463 kB/s)
Downloading from central: https://repo.maven.apache.org/maven2/org/eclipse/sisu/sisu-plexus/0.3.4/sisu-plexus-0.3.4.pom
Progress (1): 4.1/14 kBProgress (1): 8.2/14 kBProgress (1): 12/14 kB Progress (1): 14 kB                      Downloaded from central: https://repo.maven.apache.org/maven2/org/eclipse/sisu/sisu-plexus/0.3.4/sisu-plexus-0.3.4.pom (14 kB at 980 kB/s)
Downloading from central: https://repo.maven.apache.org/maven2/javax/enterprise/cdi-api/1.0/cdi-api-1.0.pom
Progress (1): 1.4 kB                    Downloaded from central: https://repo.maven.apache.org/maven2/javax/enterprise/cdi-api/1.0/cdi-api-1.0.pom (1.4 kB at 143 kB/s)
Downloading from central: https://repo.maven.apache.org/maven2/org/jboss/weld/weld-api-parent/1.0/weld-api-parent-1.0.pom
Progress (1): 2.4 kB                    Downloaded from central: https://repo.maven.apache.org/maven2/org/jboss/weld/weld-api-parent/1.0/weld-api-parent-1.0.pom (2.4 kB at 392 kB/s)
Downloading from central: https://repo.maven.apache.org/maven2/org/jboss/weld/weld-api-bom/1.0/weld-api-bom-1.0.pom
Progress (1): 4.1/7.9 kBProgress (1): 7.9 kB                        Downloaded from central: https://repo.maven.apache.org/maven2/org/jboss/weld/weld-api-bom/1.0/weld-api-bom-1.0.pom (7.9 kB at 719 kB/s)
Downloading from central: https://repo.maven.apache.org/maven2/org/jboss/weld/weld-parent/6/weld-parent-6.pom
Progress (1): 4.1/21 kBProgress (1): 8.2/21 kBProgress (1): 12/21 kB Progress (1): 16/21 kBProgress (1): 20/21 kBProgress (1): 21 kB                      Downloaded from central: https://repo.maven.apache.org/maven2/org/jboss/weld/weld-parent/6/weld-parent-6.pom (21 kB at 1.6 MB/s)
Downloading from central: https://repo.maven.apache.org/maven2/javax/annotation/jsr250-api/1.0/jsr250-api-1.0.pom
Progress (1): 1.0 kB                    Downloaded from central: https://repo.maven.apache.org/maven2/javax/annotation/jsr250-api/1.0/jsr250-api-1.0.pom (1.0 kB at 93 kB/s)
Downloading from central: https://repo.maven.apache.org/maven2/javax/inject/javax.inject/1/javax.inject-1.pom
Progress (1): 612 B                   Downloaded from central: https://repo.maven.apache.org/maven2/javax/inject/javax.inject/1/javax.inject-1.pom (612 B at 76 kB/s)
Downloading from central: https://repo.maven.apache.org/maven2/org/eclipse/sisu/org.eclipse.sisu.inject/0.3.4/org.eclipse.sisu.inject-0.3.4.pom
Progress (1): 2.6 kB                    Downloaded from central: https://repo.maven.apache.org/maven2/org/eclipse/sisu/org.eclipse.sisu.inject/0.3.4/org.eclipse.sisu.inject-0.3.4.pom (2.6 kB at 328 kB/s)
Downloading from central: https://repo.maven.apache.org/maven2/org/eclipse/sisu/sisu-inject/0.3.4/sisu-inject-0.3.4.pom
Progress (1): 4.1/14 kBProgress (1): 8.2/14 kBProgress (1): 12/14 kB Progress (1): 14 kB                      Downloaded from central: https://repo.maven.apache.org/maven2/org/eclipse/sisu/sisu-inject/0.3.4/sisu-inject-0.3.4.pom (14 kB at 1.1 MB/s)
Downloading from central: https://repo.maven.apache.org/maven2/org/codehaus/plexus/plexus-classworlds/2.5.2/plexus-classworlds-2.5.2.pom
Progress (1): 4.1/7.3 kBProgress (1): 7.3 kB                        Downloaded from central: https://repo.maven.apache.org/maven2/org/codehaus/plexus/plexus-classworlds/2.5.2/plexus-classworlds-2.5.2.pom (7.3 kB at 730 kB/s)
Downloading from central: https://repo.maven.apache.org/maven2/org/codehaus/plexus/plexus-utils/3.0.17/plexus-utils-3.0.17.pom
Progress (1): 3.4 kB                    Downloaded from central: https://repo.maven.apache.org/maven2/org/codehaus/plexus/plexus-utils/3.0.17/plexus-utils-3.0.17.pom (3.4 kB at 283 kB/s)
Downloading from central: https://repo.maven.apache.org/maven2/org/codehaus/plexus/plexus-classworlds/2.6.0/plexus-classworlds-2.6.0.pom
Progress (1): 4.1/7.9 kBProgress (1): 7.9 kB                        Downloaded from central: https://repo.maven.apache.org/maven2/org/codehaus/plexus/plexus-classworlds/2.6.0/plexus-classworlds-2.6.0.pom (7.9 kB at 659 kB/s)
Downloading from central: https://repo.maven.apache.org/maven2/org/springframework/boot/spring-boot-buildpack-platform/2.3.2.RELEASE/spring-boot-buildpack-platform-2.3.2.RELEASE.jar
Downloading from central: https://repo.maven.apache.org/maven2/net/java/dev/jna/jna-platform/5.5.0/jna-platform-5.5.0.jar
Downloading from central: https://repo.maven.apache.org/maven2/net/java/dev/jna/jna/5.5.0/jna-5.5.0.jar
Downloading from central: https://repo.maven.apache.org/maven2/org/apache/commons/commons-compress/1.19/commons-compress-1.19.jar
Progress (1): 0/2.7 MBProgress (1): 0/2.7 MBProgress (1): 0/2.7 MBProgress (1): 0.1/2.7 MB                        Downloading from central: https://repo.maven.apache.org/maven2/org/apache/httpcomponents/httpclient/4.5.12/httpclient-4.5.12.jar
Progress (2): 0.1/2.7 MB | 4.1/182 kBProgress (2): 0.1/2.7 MB | 8.2/182 kBProgress (2): 0.1/2.7 MB | 12/182 kB Progress (2): 0.1/2.7 MB | 16/182 kBProgress (3): 0.1/2.7 MB | 16/182 kB | 0/1.5 MBProgress (3): 0.1/2.7 MB | 16/182 kB | 0/1.5 MBProgress (4): 0.1/2.7 MB | 16/182 kB | 0/1.5 MB | 2.7/615 kBProgress (4): 0.1/2.7 MB | 16/182 kB | 0/1.5 MB | 5.5/615 kBProgress (4): 0.1/2.7 MB | 16/182 kB | 0/1.5 MB | 9.6/615 kBProgress (4): 0.1/2.7 MB | 16/182 kB | 0/1.5 MB | 14/615 kB Progress (4): 0.1/2.7 MB | 16/182 kB | 0/1.5 MB | 18/615 kBProgress (4): 0.1/2.7 MB | 16/182 kB | 0/1.5 MB | 22/615 kBProgress (4): 0.1/2.7 MB | 20/182 kB | 0/1.5 MB | 22/615 kBProgress (4): 0.1/2.7 MB | 25/182 kB | 0/1.5 MB | 22/615 kBProgress (4): 0.1/2.7 MB | 29/182 kB | 0/1.5 MB | 22/615 kBProgress (4): 0.1/2.7 MB | 33/182 kB | 0/1.5 MB | 22/615 kBProgress (4): 0.1/2.7 MB | 33/182 kB | 0/1.5 MB | 22/615 kBProgress (4): 0.1/2.7 MB | 33/182 kB | 0/1.5 MB | 22/615 kBProgress (4): 0.1/2.7 MB | 33/182 kB | 0/1.5 MB | 22/615 kBProgress (4): 0.1/2.7 MB | 33/182 kB | 0/1.5 MB | 22/615 kBProgress (4): 0.1/2.7 MB | 33/182 kB | 0.1/1.5 MB | 22/615 kBProgress (4): 0.1/2.7 MB | 33/182 kB | 0.1/1.5 MB | 22/615 kBProgress (4): 0.1/2.7 MB | 33/182 kB | 0.1/1.5 MB | 22/615 kBProgress (4): 0.1/2.7 MB | 33/182 kB | 0.1/1.5 MB | 22/615 kBProgress (4): 0.1/2.7 MB | 33/182 kB | 0.1/1.5 MB | 22/615 kBProgress (4): 0.1/2.7 MB | 33/182 kB | 0.1/1.5 MB | 22/615 kBProgress (5): 0.1/2.7 MB | 33/182 kB | 0.1/1.5 MB | 22/615 kB | 4.1/778 kBProgress (5): 0.1/2.7 MB | 33/182 kB | 0.1/1.5 MB | 22/615 kB | 8.2/778 kBProgress (5): 0.1/2.7 MB | 33/182 kB | 0.1/1.5 MB | 22/615 kB | 12/778 kB Progress (5): 0.1/2.7 MB | 33/182 kB | 0.1/1.5 MB | 22/615 kB | 16/778 kBProgress (5): 0.1/2.7 MB | 33/182 kB | 0.1/1.5 MB | 26/615 kB | 16/778 kBProgress (5): 0.1/2.7 MB | 33/182 kB | 0.1/1.5 MB | 30/615 kB | 16/778 kBProgress (5): 0.1/2.7 MB | 33/182 kB | 0.1/1.5 MB | 34/615 kB | 16/778 kBProgress (5): 0.1/2.7 MB | 33/182 kB | 0.1/1.5 MB | 38/615 kB | 16/778 kBProgress (5): 0.1/2.7 MB | 33/182 kB | 0.1/1.5 MB | 38/615 kB | 16/778 kBProgress (5): 0.1/2.7 MB | 33/182 kB | 0.1/1.5 MB | 38/615 kB | 16/778 kBProgress (5): 0.1/2.7 MB | 33/182 kB | 0.1/1.5 MB | 38/615 kB | 16/778 kBProgress (5): 0.1/2.7 MB | 37/182 kB | 0.1/1.5 MB | 38/615 kB | 16/778 kBProgress (5): 0.1/2.7 MB | 41/182 kB | 0.1/1.5 MB | 38/615 kB | 16/778 kBProgress (5): 0.1/2.7 MB | 45/182 kB | 0.1/1.5 MB | 38/615 kB | 16/778 kBProgress (5): 0.1/2.7 MB | 49/182 kB | 0.1/1.5 MB | 38/615 kB | 16/778 kBProgress (5): 0.1/2.7 MB | 53/182 kB | 0.1/1.5 MB | 38/615 kB | 16/778 kBProgress (5): 0.1/2.7 MB | 57/182 kB | 0.1/1.5 MB | 38/615 kB | 16/778 kBProgress (5): 0.1/2.7 MB | 61/182 kB | 0.1/1.5 MB | 38/615 kB | 16/778 kBProgress (5): 0.1/2.7 MB | 66/182 kB | 0.1/1.5 MB | 38/615 kB | 16/778 kBProgress (5): 0.1/2.7 MB | 70/182 kB | 0.1/1.5 MB | 38/615 kB | 16/778 kBProgress (5): 0.1/2.7 MB | 74/182 kB | 0.1/1.5 MB | 38/615 kB | 16/778 kBProgress (5): 0.1/2.7 MB | 78/182 kB | 0.1/1.5 MB | 38/615 kB | 16/778 kBProgress (5): 0.1/2.7 MB | 82/182 kB | 0.1/1.5 MB | 38/615 kB | 16/778 kBProgress (5): 0.1/2.7 MB | 86/182 kB | 0.1/1.5 MB | 38/615 kB | 16/778 kBProgress (5): 0.1/2.7 MB | 90/182 kB | 0.1/1.5 MB | 38/615 kB | 16/778 kBProgress (5): 0.1/2.7 MB | 90/182 kB | 0.1/1.5 MB | 38/615 kB | 20/778 kBProgress (5): 0.1/2.7 MB | 90/182 kB | 0.1/1.5 MB | 38/615 kB | 25/778 kBProgress (5): 0.1/2.7 MB | 90/182 kB | 0.1/1.5 MB | 38/615 kB | 29/778 kBProgress (5): 0.1/2.7 MB | 90/182 kB | 0.1/1.5 MB | 38/615 kB | 33/778 kBProgress (5): 0.1/2.7 MB | 90/182 kB | 0.1/1.5 MB | 38/615 kB | 37/778 kBProgress (5): 0.1/2.7 MB | 90/182 kB | 0.1/1.5 MB | 38/615 kB | 41/778 kBProgress (5): 0.1/2.7 MB | 90/182 kB | 0.1/1.5 MB | 38/615 kB | 45/778 kBProgress (5): 0.1/2.7 MB | 90/182 kB | 0.1/1.5 MB | 38/615 kB | 49/778 kBProgress (5): 0.1/2.7 MB | 90/182 kB | 0.1/1.5 MB | 38/615 kB | 53/778 kBProgress (5): 0.1/2.7 MB | 90/182 kB | 0.1/1.5 MB | 38/615 kB | 57/778 kBProgress (5): 0.1/2.7 MB | 90/182 kB | 0.1/1.5 MB | 38/615 kB | 61/778 kBProgress (5): 0.1/2.7 MB | 90/182 kB | 0.1/1.5 MB | 38/615 kB | 66/778 kBProgress (5): 0.1/2.7 MB | 90/182 kB | 0.1/1.5 MB | 38/615 kB | 70/778 kBProgress (5): 0.1/2.7 MB | 90/182 kB | 0.1/1.5 MB | 38/615 kB | 74/778 kBProgress (5): 0.1/2.7 MB | 90/182 kB | 0.1/1.5 MB | 38/615 kB | 78/778 kBProgress (5): 0.1/2.7 MB | 90/182 kB | 0.1/1.5 MB | 38/615 kB | 82/778 kBProgress (5): 0.1/2.7 MB | 90/182 kB | 0.1/1.5 MB | 38/615 kB | 86/778 kBProgress (5): 0.1/2.7 MB | 90/182 kB | 0.1/1.5 MB | 38/615 kB | 86/778 kBProgress (5): 0.1/2.7 MB | 90/182 kB | 0.1/1.5 MB | 38/615 kB | 86/778 kBProgress (5): 0.1/2.7 MB | 90/182 kB | 0.1/1.5 MB | 38/615 kB | 86/778 kBProgress (5): 0.1/2.7 MB | 90/182 kB | 0.1/1.5 MB | 38/615 kB | 86/778 kBProgress (5): 0.1/2.7 MB | 90/182 kB | 0.1/1.5 MB | 38/615 kB | 86/778 kBProgress (5): 0.1/2.7 MB | 90/182 kB | 0.1/1.5 MB | 38/615 kB | 86/778 kBProgress (5): 0.1/2.7 MB | 90/182 kB | 0.2/1.5 MB | 38/615 kB | 86/778 kBProgress (5): 0.1/2.7 MB | 90/182 kB | 0.2/1.5 MB | 38/615 kB | 86/778 kBProgress (5): 0.1/2.7 MB | 90/182 kB | 0.2/1.5 MB | 38/615 kB | 86/778 kBProgress (5): 0.1/2.7 MB | 90/182 kB | 0.2/1.5 MB | 38/615 kB | 86/778 kBProgress (5): 0.2/2.7 MB | 90/182 kB | 0.2/1.5 MB | 38/615 kB | 86/778 kBProgress (5): 0.2/2.7 MB | 90/182 kB | 0.2/1.5 MB | 38/615 kB | 86/778 kBProgress (5): 0.2/2.7 MB | 90/182 kB | 0.2/1.5 MB | 38/615 kB | 86/778 kBProgress (5): 0.2/2.7 MB | 90/182 kB | 0.2/1.5 MB | 42/615 kB | 86/778 kBProgress (5): 0.2/2.7 MB | 90/182 kB | 0.2/1.5 MB | 46/615 kB | 86/778 kBProgress (5): 0.2/2.7 MB | 90/182 kB | 0.2/1.5 MB | 51/615 kB | 86/778 kBProgress (5): 0.2/2.7 MB | 90/182 kB | 0.2/1.5 MB | 55/615 kB | 86/778 kBProgress (5): 0.2/2.7 MB | 90/182 kB | 0.2/1.5 MB | 59/615 kB | 86/778 kBProgress (5): 0.2/2.7 MB | 90/182 kB | 0.2/1.5 MB | 63/615 kB | 86/778 kBProgress (5): 0.2/2.7 MB | 90/182 kB | 0.2/1.5 MB | 67/615 kB | 86/778 kBProgress (5): 0.2/2.7 MB | 90/182 kB | 0.2/1.5 MB | 71/615 kB | 86/778 kBProgress (5): 0.2/2.7 MB | 90/182 kB | 0.2/1.5 MB | 75/615 kB | 86/778 kBProgress (5): 0.2/2.7 MB | 90/182 kB | 0.2/1.5 MB | 79/615 kB | 86/778 kBProgress (5): 0.2/2.7 MB | 90/182 kB | 0.2/1.5 MB | 83/615 kB | 86/778 kBProgress (5): 0.2/2.7 MB | 90/182 kB | 0.2/1.5 MB | 87/615 kB | 86/778 kBProgress (5): 0.2/2.7 MB | 90/182 kB | 0.2/1.5 MB | 92/615 kB | 86/778 kBProgress (5): 0.2/2.7 MB | 94/182 kB | 0.2/1.5 MB | 92/615 kB | 86/778 kBProgress (5): 0.2/2.7 MB | 98/182 kB | 0.2/1.5 MB | 92/615 kB | 86/778 kBProgress (5): 0.2/2.7 MB | 102/182 kB | 0.2/1.5 MB | 92/615 kB | 86/778 kBProgress (5): 0.2/2.7 MB | 106/182 kB | 0.2/1.5 MB | 92/615 kB | 86/778 kBProgress (5): 0.2/2.7 MB | 111/182 kB | 0.2/1.5 MB | 92/615 kB | 86/778 kBProgress (5): 0.2/2.7 MB | 115/182 kB | 0.2/1.5 MB | 92/615 kB | 86/778 kBProgress (5): 0.2/2.7 MB | 119/182 kB | 0.2/1.5 MB | 92/615 kB | 86/778 kBProgress (5): 0.2/2.7 MB | 123/182 kB | 0.2/1.5 MB | 92/615 kB | 86/778 kBProgress (5): 0.2/2.7 MB | 127/182 kB | 0.2/1.5 MB | 92/615 kB | 86/778 kBProgress (5): 0.2/2.7 MB | 131/182 kB | 0.2/1.5 MB | 92/615 kB | 86/778 kBProgress (5): 0.2/2.7 MB | 135/182 kB | 0.2/1.5 MB | 92/615 kB | 86/778 kBProgress (5): 0.2/2.7 MB | 135/182 kB | 0.2/1.5 MB | 92/615 kB | 90/778 kBProgress (5): 0.2/2.7 MB | 135/182 kB | 0.2/1.5 MB | 92/615 kB | 94/778 kBProgress (5): 0.2/2.7 MB | 135/182 kB | 0.2/1.5 MB | 92/615 kB | 98/778 kBProgress (5): 0.2/2.7 MB | 135/182 kB | 0.2/1.5 MB | 92/615 kB | 102/778 kBProgress (5): 0.2/2.7 MB | 135/182 kB | 0.2/1.5 MB | 92/615 kB | 106/778 kBProgress (5): 0.2/2.7 MB | 135/182 kB | 0.2/1.5 MB | 92/615 kB | 111/778 kBProgress (5): 0.2/2.7 MB | 135/182 kB | 0.2/1.5 MB | 96/615 kB | 111/778 kBProgress (5): 0.2/2.7 MB | 135/182 kB | 0.2/1.5 MB | 100/615 kB | 111/778 kBProgress (5): 0.2/2.7 MB | 135/182 kB | 0.2/1.5 MB | 104/615 kB | 111/778 kBProgress (5): 0.2/2.7 MB | 135/182 kB | 0.2/1.5 MB | 108/615 kB | 111/778 kBProgress (5): 0.2/2.7 MB | 135/182 kB | 0.2/1.5 MB | 112/615 kB | 111/778 kBProgress (5): 0.2/2.7 MB | 135/182 kB | 0.2/1.5 MB | 116/615 kB | 111/778 kBProgress (5): 0.2/2.7 MB | 135/182 kB | 0.2/1.5 MB | 120/615 kB | 111/778 kBProgress (5): 0.2/2.7 MB | 135/182 kB | 0.2/1.5 MB | 120/615 kB | 111/778 kBProgress (5): 0.2/2.7 MB | 135/182 kB | 0.2/1.5 MB | 120/615 kB | 111/778 kBProgress (5): 0.2/2.7 MB | 135/182 kB | 0.2/1.5 MB | 120/615 kB | 111/778 kBProgress (5): 0.3/2.7 MB | 135/182 kB | 0.2/1.5 MB | 120/615 kB | 111/778 kBProgress (5): 0.3/2.7 MB | 135/182 kB | 0.2/1.5 MB | 120/615 kB | 111/778 kBProgress (5): 0.3/2.7 MB | 135/182 kB | 0.2/1.5 MB | 120/615 kB | 111/778 kBProgress (5): 0.3/2.7 MB | 135/182 kB | 0.2/1.5 MB | 120/615 kB | 111/778 kBProgress (5): 0.3/2.7 MB | 135/182 kB | 0.2/1.5 MB | 120/615 kB | 111/778 kBProgress (5): 0.3/2.7 MB | 135/182 kB | 0.2/1.5 MB | 120/615 kB | 111/778 kBProgress (5): 0.3/2.7 MB | 135/182 kB | 0.2/1.5 MB | 120/615 kB | 111/778 kBProgress (5): 0.3/2.7 MB | 135/182 kB | 0.2/1.5 MB | 120/615 kB | 111/778 kBProgress (5): 0.3/2.7 MB | 139/182 kB | 0.2/1.5 MB | 120/615 kB | 111/778 kBProgress (5): 0.3/2.7 MB | 143/182 kB | 0.2/1.5 MB | 120/615 kB | 111/778 kBProgress (5): 0.3/2.7 MB | 147/182 kB | 0.2/1.5 MB | 120/615 kB | 111/778 kBProgress (5): 0.3/2.7 MB | 152/182 kB | 0.2/1.5 MB | 120/615 kB | 111/778 kBProgress (5): 0.3/2.7 MB | 156/182 kB | 0.2/1.5 MB | 120/615 kB | 111/778 kBProgress (5): 0.3/2.7 MB | 156/182 kB | 0.2/1.5 MB | 120/615 kB | 115/778 kBProgress (5): 0.3/2.7 MB | 156/182 kB | 0.2/1.5 MB | 120/615 kB | 119/778 kBProgress (5): 0.3/2.7 MB | 156/182 kB | 0.2/1.5 MB | 120/615 kB | 123/778 kBProgress (5): 0.3/2.7 MB | 156/182 kB | 0.2/1.5 MB | 120/615 kB | 127/778 kBProgress (5): 0.3/2.7 MB | 156/182 kB | 0.2/1.5 MB | 120/615 kB | 131/778 kBProgress (5): 0.3/2.7 MB | 156/182 kB | 0.2/1.5 MB | 120/615 kB | 135/778 kBProgress (5): 0.3/2.7 MB | 156/182 kB | 0.2/1.5 MB | 120/615 kB | 135/778 kBProgress (5): 0.3/2.7 MB | 156/182 kB | 0.2/1.5 MB | 120/615 kB | 135/778 kBProgress (5): 0.3/2.7 MB | 156/182 kB | 0.2/1.5 MB | 120/615 kB | 135/778 kBProgress (5): 0.3/2.7 MB | 156/182 kB | 0.2/1.5 MB | 120/615 kB | 135/778 kBProgress (5): 0.3/2.7 MB | 156/182 kB | 0.3/1.5 MB | 120/615 kB | 135/778 kBProgress (5): 0.3/2.7 MB | 156/182 kB | 0.3/1.5 MB | 120/615 kB | 135/778 kBProgress (5): 0.3/2.7 MB | 156/182 kB | 0.3/1.5 MB | 120/615 kB | 135/778 kBProgress (5): 0.3/2.7 MB | 160/182 kB | 0.3/1.5 MB | 120/615 kB | 135/778 kBProgress (5): 0.3/2.7 MB | 164/182 kB | 0.3/1.5 MB | 120/615 kB | 135/778 kBProgress (5): 0.3/2.7 MB | 168/182 kB | 0.3/1.5 MB | 120/615 kB | 135/778 kBProgress (5): 0.3/2.7 MB | 172/182 kB | 0.3/1.5 MB | 120/615 kB | 135/778 kBProgress (5): 0.3/2.7 MB | 176/182 kB | 0.3/1.5 MB | 120/615 kB | 135/778 kBProgress (5): 0.3/2.7 MB | 180/182 kB | 0.3/1.5 MB | 120/615 kB | 135/778 kBProgress (5): 0.3/2.7 MB | 182 kB | 0.3/1.5 MB | 120/615 kB | 135/778 kB    Progress (5): 0.3/2.7 MB | 182 kB | 0.3/1.5 MB | 124/615 kB | 135/778 kBProgress (5): 0.3/2.7 MB | 182 kB | 0.3/1.5 MB | 128/615 kB | 135/778 kBProgress (5): 0.3/2.7 MB | 182 kB | 0.3/1.5 MB | 132/615 kB | 135/778 kBProgress (5): 0.3/2.7 MB | 182 kB | 0.3/1.5 MB | 137/615 kB | 135/778 kBProgress (5): 0.3/2.7 MB | 182 kB | 0.3/1.5 MB | 141/615 kB | 135/778 kBProgress (5): 0.3/2.7 MB | 182 kB | 0.3/1.5 MB | 145/615 kB | 135/778 kBProgress (5): 0.3/2.7 MB | 182 kB | 0.3/1.5 MB | 149/615 kB | 135/778 kBProgress (5): 0.3/2.7 MB | 182 kB | 0.3/1.5 MB | 153/615 kB | 135/778 kBProgress (5): 0.3/2.7 MB | 182 kB | 0.3/1.5 MB | 157/615 kB | 135/778 kBProgress (5): 0.3/2.7 MB | 182 kB | 0.3/1.5 MB | 157/615 kB | 135/778 kBProgress (5): 0.3/2.7 MB | 182 kB | 0.3/1.5 MB | 157/615 kB | 139/778 kBProgress (5): 0.3/2.7 MB | 182 kB | 0.3/1.5 MB | 157/615 kB | 143/778 kBProgress (5): 0.3/2.7 MB | 182 kB | 0.3/1.5 MB | 157/615 kB | 147/778 kBProgress (5): 0.3/2.7 MB | 182 kB | 0.3/1.5 MB | 157/615 kB | 152/778 kBProgress (5): 0.3/2.7 MB | 182 kB | 0.3/1.5 MB | 157/615 kB | 156/778 kBProgress (5): 0.3/2.7 MB | 182 kB | 0.3/1.5 MB | 157/615 kB | 160/778 kBProgress (5): 0.3/2.7 MB | 182 kB | 0.3/1.5 MB | 157/615 kB | 164/778 kBProgress (5): 0.3/2.7 MB | 182 kB | 0.3/1.5 MB | 157/615 kB | 164/778 kBProgress (5): 0.3/2.7 MB | 182 kB | 0.3/1.5 MB | 157/615 kB | 164/778 kBProgress (5): 0.3/2.7 MB | 182 kB | 0.3/1.5 MB | 157/615 kB | 164/778 kBProgress (5): 0.3/2.7 MB | 182 kB | 0.3/1.5 MB | 157/615 kB | 164/778 kBProgress (5): 0.3/2.7 MB | 182 kB | 0.3/1.5 MB | 157/615 kB | 164/778 kBProgress (5): 0.3/2.7 MB | 182 kB | 0.3/1.5 MB | 157/615 kB | 164/778 kBProgress (5): 0.3/2.7 MB | 182 kB | 0.3/1.5 MB | 157/615 kB | 164/778 kBProgress (5): 0.3/2.7 MB | 182 kB | 0.3/1.5 MB | 157/615 kB | 164/778 kBProgress (5): 0.3/2.7 MB | 182 kB | 0.3/1.5 MB | 157/615 kB | 164/778 kBProgress (5): 0.3/2.7 MB | 182 kB | 0.3/1.5 MB | 157/615 kB | 164/778 kBProgress (5): 0.3/2.7 MB | 182 kB | 0.3/1.5 MB | 157/615 kB | 164/778 kB                                                                        Downloaded from central: https://repo.maven.apache.org/maven2/org/springframework/boot/spring-boot-buildpack-platform/2.3.2.RELEASE/spring-boot-buildpack-platform-2.3.2.RELEASE.jar (182 kB at 1.1 MB/s)
Downloading from central: https://repo.maven.apache.org/maven2/org/apache/httpcomponents/httpcore/4.4.13/httpcore-4.4.13.jar
Progress (4): 0.4/2.7 MB | 0.3/1.5 MB | 157/615 kB | 164/778 kBProgress (4): 0.4/2.7 MB | 0.3/1.5 MB | 157/615 kB | 168/778 kBProgress (4): 0.4/2.7 MB | 0.3/1.5 MB | 157/615 kB | 172/778 kBProgress (4): 0.4/2.7 MB | 0.3/1.5 MB | 157/615 kB | 176/778 kBProgress (4): 0.4/2.7 MB | 0.3/1.5 MB | 157/615 kB | 180/778 kBProgress (4): 0.4/2.7 MB | 0.3/1.5 MB | 157/615 kB | 184/778 kBProgress (4): 0.4/2.7 MB | 0.3/1.5 MB | 157/615 kB | 188/778 kBProgress (4): 0.4/2.7 MB | 0.3/1.5 MB | 157/615 kB | 193/778 kBProgress (4): 0.4/2.7 MB | 0.3/1.5 MB | 157/615 kB | 197/778 kBProgress (4): 0.4/2.7 MB | 0.3/1.5 MB | 157/615 kB | 201/778 kBProgress (4): 0.4/2.7 MB | 0.3/1.5 MB | 157/615 kB | 205/778 kBProgress (4): 0.4/2.7 MB | 0.3/1.5 MB | 157/615 kB | 209/778 kBProgress (4): 0.4/2.7 MB | 0.3/1.5 MB | 157/615 kB | 213/778 kBProgress (4): 0.4/2.7 MB | 0.3/1.5 MB | 161/615 kB | 213/778 kBProgress (4): 0.4/2.7 MB | 0.3/1.5 MB | 165/615 kB | 213/778 kBProgress (4): 0.4/2.7 MB | 0.3/1.5 MB | 169/615 kB | 213/778 kBProgress (4): 0.4/2.7 MB | 0.3/1.5 MB | 173/615 kB | 213/778 kBProgress (4): 0.4/2.7 MB | 0.3/1.5 MB | 178/615 kB | 213/778 kBProgress (4): 0.4/2.7 MB | 0.3/1.5 MB | 182/615 kB | 213/778 kBProgress (4): 0.4/2.7 MB | 0.3/1.5 MB | 186/615 kB | 213/778 kBProgress (4): 0.4/2.7 MB | 0.3/1.5 MB | 190/615 kB | 213/778 kBProgress (4): 0.4/2.7 MB | 0.3/1.5 MB | 194/615 kB | 213/778 kBProgress (4): 0.4/2.7 MB | 0.3/1.5 MB | 198/615 kB | 213/778 kBProgress (4): 0.4/2.7 MB | 0.3/1.5 MB | 202/615 kB | 213/778 kBProgress (4): 0.4/2.7 MB | 0.3/1.5 MB | 206/615 kB | 213/778 kBProgress (4): 0.4/2.7 MB | 0.3/1.5 MB | 210/615 kB | 213/778 kBProgress (4): 0.4/2.7 MB | 0.3/1.5 MB | 210/615 kB | 213/778 kBProgress (4): 0.4/2.7 MB | 0.3/1.5 MB | 210/615 kB | 213/778 kBProgress (5): 0.4/2.7 MB | 0.3/1.5 MB | 210/615 kB | 213/778 kB | 4.1/329 kBProgress (5): 0.4/2.7 MB | 0.3/1.5 MB | 210/615 kB | 213/778 kB | 8.2/329 kBProgress (5): 0.4/2.7 MB | 0.3/1.5 MB | 210/615 kB | 213/778 kB | 12/329 kB Progress (5): 0.4/2.7 MB | 0.3/1.5 MB | 210/615 kB | 213/778 kB | 16/329 kBProgress (5): 0.4/2.7 MB | 0.3/1.5 MB | 210/615 kB | 213/778 kB | 20/329 kBProgress (5): 0.4/2.7 MB | 0.3/1.5 MB | 210/615 kB | 213/778 kB | 25/329 kBProgress (5): 0.4/2.7 MB | 0.3/1.5 MB | 210/615 kB | 213/778 kB | 29/329 kBProgress (5): 0.4/2.7 MB | 0.3/1.5 MB | 210/615 kB | 213/778 kB | 33/329 kBProgress (5): 0.4/2.7 MB | 0.3/1.5 MB | 210/615 kB | 213/778 kB | 37/329 kBProgress (5): 0.4/2.7 MB | 0.3/1.5 MB | 210/615 kB | 213/778 kB | 37/329 kBProgress (5): 0.4/2.7 MB | 0.4/1.5 MB | 210/615 kB | 213/778 kB | 37/329 kBProgress (5): 0.4/2.7 MB | 0.4/1.5 MB | 210/615 kB | 213/778 kB | 37/329 kBProgress (5): 0.4/2.7 MB | 0.4/1.5 MB | 210/615 kB | 213/778 kB | 37/329 kBProgress (5): 0.4/2.7 MB | 0.4/1.5 MB | 210/615 kB | 213/778 kB | 37/329 kBProgress (5): 0.4/2.7 MB | 0.4/1.5 MB | 210/615 kB | 213/778 kB | 37/329 kBProgress (5): 0.4/2.7 MB | 0.4/1.5 MB | 210/615 kB | 213/778 kB | 37/329 kBProgress (5): 0.4/2.7 MB | 0.4/1.5 MB | 210/615 kB | 213/778 kB | 37/329 kBProgress (5): 0.4/2.7 MB | 0.4/1.5 MB | 210/615 kB | 213/778 kB | 37/329 kBProgress (5): 0.4/2.7 MB | 0.4/1.5 MB | 214/615 kB | 213/778 kB | 37/329 kBProgress (5): 0.4/2.7 MB | 0.4/1.5 MB | 218/615 kB | 213/778 kB | 37/329 kBProgress (5): 0.4/2.7 MB | 0.4/1.5 MB | 223/615 kB | 213/778 kB | 37/329 kBProgress (5): 0.4/2.7 MB | 0.4/1.5 MB | 227/615 kB | 213/778 kB | 37/329 kBProgress (5): 0.4/2.7 MB | 0.4/1.5 MB | 231/615 kB | 213/778 kB | 37/329 kBProgress (5): 0.4/2.7 MB | 0.4/1.5 MB | 235/615 kB | 213/778 kB | 37/329 kBProgress (5): 0.4/2.7 MB | 0.4/1.5 MB | 235/615 kB | 217/778 kB | 37/329 kBProgress (5): 0.4/2.7 MB | 0.4/1.5 MB | 235/615 kB | 221/778 kB | 37/329 kBProgress (5): 0.4/2.7 MB | 0.4/1.5 MB | 235/615 kB | 225/778 kB | 37/329 kBProgress (5): 0.4/2.7 MB | 0.4/1.5 MB | 235/615 kB | 229/778 kB | 37/329 kBProgress (5): 0.4/2.7 MB | 0.4/1.5 MB | 235/615 kB | 233/778 kB | 37/329 kBProgress (5): 0.4/2.7 MB | 0.4/1.5 MB | 235/615 kB | 238/778 kB | 37/329 kBProgress (5): 0.4/2.7 MB | 0.4/1.5 MB | 235/615 kB | 242/778 kB | 37/329 kBProgress (5): 0.4/2.7 MB | 0.4/1.5 MB | 235/615 kB | 246/778 kB | 37/329 kBProgress (5): 0.4/2.7 MB | 0.4/1.5 MB | 235/615 kB | 250/778 kB | 37/329 kBProgress (5): 0.4/2.7 MB | 0.4/1.5 MB | 235/615 kB | 254/778 kB | 37/329 kBProgress (5): 0.4/2.7 MB | 0.4/1.5 MB | 235/615 kB | 258/778 kB | 37/329 kBProgress (5): 0.4/2.7 MB | 0.4/1.5 MB | 235/615 kB | 262/778 kB | 37/329 kBProgress (5): 0.4/2.7 MB | 0.4/1.5 MB | 235/615 kB | 266/778 kB | 37/329 kBProgress (5): 0.4/2.7 MB | 0.4/1.5 MB | 235/615 kB | 270/778 kB | 37/329 kBProgress (5): 0.4/2.7 MB | 0.4/1.5 MB | 235/615 kB | 270/778 kB | 41/329 kBProgress (5): 0.4/2.7 MB | 0.4/1.5 MB | 235/615 kB | 270/778 kB | 45/329 kBProgress (5): 0.4/2.7 MB | 0.4/1.5 MB | 235/615 kB | 270/778 kB | 49/329 kBProgress (5): 0.4/2.7 MB | 0.4/1.5 MB | 235/615 kB | 270/778 kB | 53/329 kBProgress (5): 0.4/2.7 MB | 0.4/1.5 MB | 235/615 kB | 270/778 kB | 57/329 kBProgress (5): 0.4/2.7 MB | 0.4/1.5 MB | 235/615 kB | 270/778 kB | 61/329 kBProgress (5): 0.4/2.7 MB | 0.4/1.5 MB | 235/615 kB | 270/778 kB | 66/329 kBProgress (5): 0.4/2.7 MB | 0.4/1.5 MB | 235/615 kB | 270/778 kB | 66/329 kBProgress (5): 0.4/2.7 MB | 0.4/1.5 MB | 235/615 kB | 270/778 kB | 66/329 kBProgress (5): 0.4/2.7 MB | 0.4/1.5 MB | 239/615 kB | 270/778 kB | 66/329 kBProgress (5): 0.4/2.7 MB | 0.4/1.5 MB | 243/615 kB | 270/778 kB | 66/329 kBProgress (5): 0.4/2.7 MB | 0.4/1.5 MB | 247/615 kB | 270/778 kB | 66/329 kBProgress (5): 0.4/2.7 MB | 0.4/1.5 MB | 251/615 kB | 270/778 kB | 66/329 kBProgress (5): 0.4/2.7 MB | 0.4/1.5 MB | 255/615 kB | 270/778 kB | 66/329 kBProgress (5): 0.4/2.7 MB | 0.4/1.5 MB | 259/615 kB | 270/778 kB | 66/329 kBProgress (5): 0.4/2.7 MB | 0.4/1.5 MB | 264/615 kB | 270/778 kB | 66/329 kBProgress (5): 0.4/2.7 MB | 0.4/1.5 MB | 268/615 kB | 270/778 kB | 66/329 kBProgress (5): 0.4/2.7 MB | 0.4/1.5 MB | 268/615 kB | 270/778 kB | 66/329 kBProgress (5): 0.5/2.7 MB | 0.4/1.5 MB | 268/615 kB | 270/778 kB | 66/329 kBProgress (5): 0.5/2.7 MB | 0.4/1.5 MB | 268/615 kB | 270/778 kB | 66/329 kBProgress (5): 0.5/2.7 MB | 0.4/1.5 MB | 268/615 kB | 270/778 kB | 66/329 kBProgress (5): 0.5/2.7 MB | 0.4/1.5 MB | 268/615 kB | 270/778 kB | 66/329 kBProgress (5): 0.5/2.7 MB | 0.4/1.5 MB | 268/615 kB | 274/778 kB | 66/329 kBProgress (5): 0.5/2.7 MB | 0.4/1.5 MB | 268/615 kB | 279/778 kB | 66/329 kBProgress (5): 0.5/2.7 MB | 0.4/1.5 MB | 268/615 kB | 283/778 kB | 66/329 kBProgress (5): 0.5/2.7 MB | 0.4/1.5 MB | 268/615 kB | 287/778 kB | 66/329 kBProgress (5): 0.5/2.7 MB | 0.4/1.5 MB | 268/615 kB | 291/778 kB | 66/329 kBProgress (5): 0.5/2.7 MB | 0.4/1.5 MB | 268/615 kB | 295/778 kB | 66/329 kBProgress (5): 0.5/2.7 MB | 0.4/1.5 MB | 268/615 kB | 299/778 kB | 66/329 kBProgress (5): 0.5/2.7 MB | 0.4/1.5 MB | 268/615 kB | 303/778 kB | 66/329 kBProgress (5): 0.5/2.7 MB | 0.4/1.5 MB | 268/615 kB | 307/778 kB | 66/329 kBProgress (5): 0.5/2.7 MB | 0.4/1.5 MB | 268/615 kB | 311/778 kB | 66/329 kBProgress (5): 0.5/2.7 MB | 0.4/1.5 MB | 268/615 kB | 311/778 kB | 66/329 kBProgress (5): 0.5/2.7 MB | 0.4/1.5 MB | 268/615 kB | 311/778 kB | 66/329 kBProgress (5): 0.5/2.7 MB | 0.4/1.5 MB | 268/615 kB | 311/778 kB | 66/329 kBProgress (5): 0.5/2.7 MB | 0.4/1.5 MB | 268/615 kB | 311/778 kB | 66/329 kBProgress (5): 0.5/2.7 MB | 0.5/1.5 MB | 268/615 kB | 311/778 kB | 66/329 kBProgress (5): 0.5/2.7 MB | 0.5/1.5 MB | 268/615 kB | 311/778 kB | 70/329 kBProgress (5): 0.5/2.7 MB | 0.5/1.5 MB | 268/615 kB | 311/778 kB | 74/329 kBProgress (5): 0.5/2.7 MB | 0.5/1.5 MB | 268/615 kB | 311/778 kB | 78/329 kBProgress (5): 0.5/2.7 MB | 0.5/1.5 MB | 268/615 kB | 311/778 kB | 82/329 kBProgress (5): 0.5/2.7 MB | 0.5/1.5 MB | 268/615 kB | 311/778 kB | 86/329 kBProgress (5): 0.5/2.7 MB | 0.5/1.5 MB | 268/615 kB | 311/778 kB | 90/329 kBProgress (5): 0.5/2.7 MB | 0.5/1.5 MB | 268/615 kB | 311/778 kB | 94/329 kBProgress (5): 0.5/2.7 MB | 0.5/1.5 MB | 268/615 kB | 311/778 kB | 98/329 kBProgress (5): 0.5/2.7 MB | 0.5/1.5 MB | 268/615 kB | 311/778 kB | 102/329 kBProgress (5): 0.5/2.7 MB | 0.5/1.5 MB | 268/615 kB | 311/778 kB | 106/329 kBProgress (5): 0.5/2.7 MB | 0.5/1.5 MB | 268/615 kB | 311/778 kB | 111/329 kBProgress (5): 0.5/2.7 MB | 0.5/1.5 MB | 268/615 kB | 311/778 kB | 115/329 kBProgress (5): 0.5/2.7 MB | 0.5/1.5 MB | 268/615 kB | 311/778 kB | 119/329 kBProgress (5): 0.5/2.7 MB | 0.5/1.5 MB | 268/615 kB | 311/778 kB | 119/329 kBProgress (5): 0.5/2.7 MB | 0.5/1.5 MB | 272/615 kB | 311/778 kB | 119/329 kBProgress (5): 0.5/2.7 MB | 0.5/1.5 MB | 276/615 kB | 311/778 kB | 119/329 kBProgress (5): 0.5/2.7 MB | 0.5/1.5 MB | 280/615 kB | 311/778 kB | 119/329 kBProgress (5): 0.5/2.7 MB | 0.5/1.5 MB | 284/615 kB | 311/778 kB | 119/329 kBProgress (5): 0.5/2.7 MB | 0.5/1.5 MB | 288/615 kB | 311/778 kB | 119/329 kBProgress (5): 0.5/2.7 MB | 0.5/1.5 MB | 292/615 kB | 311/778 kB | 119/329 kBProgress (5): 0.5/2.7 MB | 0.5/1.5 MB | 296/615 kB | 311/778 kB | 119/329 kBProgress (5): 0.5/2.7 MB | 0.5/1.5 MB | 300/615 kB | 311/778 kB | 119/329 kBProgress (5): 0.5/2.7 MB | 0.5/1.5 MB | 304/615 kB | 311/778 kB | 119/329 kBProgress (5): 0.5/2.7 MB | 0.5/1.5 MB | 309/615 kB | 311/778 kB | 119/329 kBProgress (5): 0.5/2.7 MB | 0.5/1.5 MB | 313/615 kB | 311/778 kB | 119/329 kBProgress (5): 0.5/2.7 MB | 0.5/1.5 MB | 317/615 kB | 311/778 kB | 119/329 kBProgress (5): 0.5/2.7 MB | 0.5/1.5 MB | 321/615 kB | 311/778 kB | 119/329 kBProgress (5): 0.5/2.7 MB | 0.5/1.5 MB | 325/615 kB | 311/778 kB | 119/329 kBProgress (5): 0.5/2.7 MB | 0.5/1.5 MB | 328/615 kB | 311/778 kB | 119/329 kBProgress (5): 0.5/2.7 MB | 0.5/1.5 MB | 332/615 kB | 311/778 kB | 119/329 kBProgress (5): 0.5/2.7 MB | 0.5/1.5 MB | 337/615 kB | 311/778 kB | 119/329 kBProgress (5): 0.5/2.7 MB | 0.5/1.5 MB | 341/615 kB | 311/778 kB | 119/329 kBProgress (5): 0.5/2.7 MB | 0.5/1.5 MB | 341/615 kB | 315/778 kB | 119/329 kBProgress (5): 0.5/2.7 MB | 0.5/1.5 MB | 341/615 kB | 319/778 kB | 119/329 kBProgress (5): 0.5/2.7 MB | 0.5/1.5 MB | 341/615 kB | 324/778 kB | 119/329 kBProgress (5): 0.5/2.7 MB | 0.5/1.5 MB | 341/615 kB | 328/778 kB | 119/329 kBProgress (5): 0.5/2.7 MB | 0.5/1.5 MB | 341/615 kB | 332/778 kB | 119/329 kBProgress (5): 0.5/2.7 MB | 0.5/1.5 MB | 341/615 kB | 336/778 kB | 119/329 kBProgress (5): 0.5/2.7 MB | 0.5/1.5 MB | 341/615 kB | 340/778 kB | 119/329 kBProgress (5): 0.5/2.7 MB | 0.5/1.5 MB | 341/615 kB | 344/778 kB | 119/329 kBProgress (5): 0.5/2.7 MB | 0.5/1.5 MB | 341/615 kB | 348/778 kB | 119/329 kBProgress (5): 0.5/2.7 MB | 0.5/1.5 MB | 341/615 kB | 352/778 kB | 119/329 kBProgress (5): 0.5/2.7 MB | 0.5/1.5 MB | 341/615 kB | 356/778 kB | 119/329 kBProgress (5): 0.5/2.7 MB | 0.5/1.5 MB | 341/615 kB | 360/778 kB | 119/329 kBProgress (5): 0.5/2.7 MB | 0.5/1.5 MB | 341/615 kB | 360/778 kB | 119/329 kBProgress (5): 0.5/2.7 MB | 0.5/1.5 MB | 341/615 kB | 360/778 kB | 119/329 kBProgress (5): 0.5/2.7 MB | 0.5/1.5 MB | 341/615 kB | 360/778 kB | 119/329 kBProgress (5): 0.5/2.7 MB | 0.5/1.5 MB | 341/615 kB | 360/778 kB | 119/329 kBProgress (5): 0.5/2.7 MB | 0.5/1.5 MB | 341/615 kB | 360/778 kB | 119/329 kBProgress (5): 0.5/2.7 MB | 0.5/1.5 MB | 341/615 kB | 360/778 kB | 119/329 kBProgress (5): 0.5/2.7 MB | 0.5/1.5 MB | 341/615 kB | 360/778 kB | 119/329 kBProgress (5): 0.5/2.7 MB | 0.5/1.5 MB | 341/615 kB | 360/778 kB | 123/329 kBProgress (5): 0.5/2.7 MB | 0.5/1.5 MB | 341/615 kB | 360/778 kB | 127/329 kBProgress (5): 0.5/2.7 MB | 0.5/1.5 MB | 341/615 kB | 360/778 kB | 131/329 kBProgress (5): 0.5/2.7 MB | 0.5/1.5 MB | 341/615 kB | 360/778 kB | 131/329 kBProgress (5): 0.6/2.7 MB | 0.5/1.5 MB | 341/615 kB | 360/778 kB | 131/329 kBProgress (5): 0.6/2.7 MB | 0.5/1.5 MB | 341/615 kB | 360/778 kB | 131/329 kBProgress (5): 0.6/2.7 MB | 0.5/1.5 MB | 341/615 kB | 360/778 kB | 131/329 kBProgress (5): 0.6/2.7 MB | 0.5/1.5 MB | 341/615 kB | 360/778 kB | 131/329 kBProgress (5): 0.6/2.7 MB | 0.5/1.5 MB | 341/615 kB | 360/778 kB | 135/329 kBProgress (5): 0.6/2.7 MB | 0.5/1.5 MB | 341/615 kB | 360/778 kB | 139/329 kBProgress (5): 0.6/2.7 MB | 0.5/1.5 MB | 341/615 kB | 360/778 kB | 143/329 kBProgress (5): 0.6/2.7 MB | 0.5/1.5 MB | 341/615 kB | 360/778 kB | 147/329 kBProgress (5): 0.6/2.7 MB | 0.5/1.5 MB | 341/615 kB | 360/778 kB | 152/329 kBProgress (5): 0.6/2.7 MB | 0.5/1.5 MB | 341/615 kB | 360/778 kB | 156/329 kBProgress (5): 0.6/2.7 MB | 0.5/1.5 MB | 341/615 kB | 360/778 kB | 160/329 kBProgress (5): 0.6/2.7 MB | 0.5/1.5 MB | 341/615 kB | 360/778 kB | 164/329 kBProgress (5): 0.6/2.7 MB | 0.5/1.5 MB | 345/615 kB | 360/778 kB | 164/329 kBProgress (5): 0.6/2.7 MB | 0.5/1.5 MB | 349/615 kB | 360/778 kB | 164/329 kBProgress (5): 0.6/2.7 MB | 0.5/1.5 MB | 353/615 kB | 360/778 kB | 164/329 kBProgress (5): 0.6/2.7 MB | 0.5/1.5 MB | 357/615 kB | 360/778 kB | 164/329 kBProgress (5): 0.6/2.7 MB | 0.5/1.5 MB | 361/615 kB | 360/778 kB | 164/329 kBProgress (5): 0.6/2.7 MB | 0.5/1.5 MB | 361/615 kB | 360/778 kB | 168/329 kBProgress (5): 0.6/2.7 MB | 0.5/1.5 MB | 361/615 kB | 360/778 kB | 172/329 kBProgress (5): 0.6/2.7 MB | 0.5/1.5 MB | 361/615 kB | 360/778 kB | 172/329 kBProgress (5): 0.6/2.7 MB | 0.5/1.5 MB | 361/615 kB | 360/778 kB | 172/329 kBProgress (5): 0.7/2.7 MB | 0.5/1.5 MB | 361/615 kB | 360/778 kB | 172/329 kBProgress (5): 0.7/2.7 MB | 0.5/1.5 MB | 361/615 kB | 360/778 kB | 172/329 kBProgress (5): 0.7/2.7 MB | 0.5/1.5 MB | 361/615 kB | 360/778 kB | 172/329 kBProgress (5): 0.7/2.7 MB | 0.5/1.5 MB | 361/615 kB | 365/778 kB | 172/329 kBProgress (5): 0.7/2.7 MB | 0.5/1.5 MB | 361/615 kB | 369/778 kB | 172/329 kBProgress (5): 0.7/2.7 MB | 0.5/1.5 MB | 361/615 kB | 373/778 kB | 172/329 kBProgress (5): 0.7/2.7 MB | 0.5/1.5 MB | 361/615 kB | 377/778 kB | 172/329 kBProgress (5): 0.7/2.7 MB | 0.5/1.5 MB | 361/615 kB | 381/778 kB | 172/329 kBProgress (5): 0.7/2.7 MB | 0.5/1.5 MB | 361/615 kB | 385/778 kB | 172/329 kBProgress (5): 0.7/2.7 MB | 0.5/1.5 MB | 361/615 kB | 389/778 kB | 172/329 kBProgress (5): 0.7/2.7 MB | 0.5/1.5 MB | 361/615 kB | 393/778 kB | 172/329 kBProgress (5): 0.7/2.7 MB | 0.5/1.5 MB | 361/615 kB | 397/778 kB | 172/329 kBProgress (5): 0.7/2.7 MB | 0.5/1.5 MB | 361/615 kB | 401/778 kB | 172/329 kBProgress (5): 0.7/2.7 MB | 0.5/1.5 MB | 361/615 kB | 406/778 kB | 172/329 kBProgress (5): 0.7/2.7 MB | 0.5/1.5 MB | 361/615 kB | 410/778 kB | 172/329 kBProgress (5): 0.7/2.7 MB | 0.5/1.5 MB | 361/615 kB | 414/778 kB | 172/329 kBProgress (5): 0.7/2.7 MB | 0.5/1.5 MB | 361/615 kB | 414/778 kB | 172/329 kBProgress (5): 0.7/2.7 MB | 0.5/1.5 MB | 361/615 kB | 414/778 kB | 172/329 kBProgress (5): 0.7/2.7 MB | 0.5/1.5 MB | 361/615 kB | 414/778 kB | 172/329 kBProgress (5): 0.7/2.7 MB | 0.5/1.5 MB | 361/615 kB | 414/778 kB | 172/329 kBProgress (5): 0.7/2.7 MB | 0.5/1.5 MB | 361/615 kB | 414/778 kB | 172/329 kBProgress (5): 0.7/2.7 MB | 0.6/1.5 MB | 361/615 kB | 414/778 kB | 172/329 kBProgress (5): 0.7/2.7 MB | 0.6/1.5 MB | 361/615 kB | 414/778 kB | 172/329 kBProgress (5): 0.7/2.7 MB | 0.6/1.5 MB | 361/615 kB | 414/778 kB | 172/329 kBProgress (5): 0.7/2.7 MB | 0.6/1.5 MB | 361/615 kB | 414/778 kB | 172/329 kBProgress (5): 0.7/2.7 MB | 0.6/1.5 MB | 361/615 kB | 414/778 kB | 172/329 kBProgress (5): 0.7/2.7 MB | 0.6/1.5 MB | 361/615 kB | 414/778 kB | 172/329 kBProgress (5): 0.7/2.7 MB | 0.6/1.5 MB | 361/615 kB | 414/778 kB | 176/329 kBProgress (5): 0.7/2.7 MB | 0.6/1.5 MB | 361/615 kB | 414/778 kB | 180/329 kBProgress (5): 0.7/2.7 MB | 0.6/1.5 MB | 361/615 kB | 414/778 kB | 184/329 kBProgress (5): 0.7/2.7 MB | 0.6/1.5 MB | 361/615 kB | 414/778 kB | 188/329 kBProgress (5): 0.7/2.7 MB | 0.6/1.5 MB | 361/615 kB | 414/778 kB | 193/329 kBProgress (5): 0.7/2.7 MB | 0.6/1.5 MB | 361/615 kB | 414/778 kB | 197/329 kBProgress (5): 0.7/2.7 MB | 0.6/1.5 MB | 361/615 kB | 414/778 kB | 201/329 kBProgress (5): 0.7/2.7 MB | 0.6/1.5 MB | 361/615 kB | 414/778 kB | 205/329 kBProgress (5): 0.7/2.7 MB | 0.6/1.5 MB | 361/615 kB | 414/778 kB | 209/329 kBProgress (5): 0.7/2.7 MB | 0.6/1.5 MB | 361/615 kB | 414/778 kB | 213/329 kBProgress (5): 0.7/2.7 MB | 0.6/1.5 MB | 365/615 kB | 414/778 kB | 213/329 kBProgress (5): 0.7/2.7 MB | 0.6/1.5 MB | 369/615 kB | 414/778 kB | 213/329 kBProgress (5): 0.7/2.7 MB | 0.6/1.5 MB | 373/615 kB | 414/778 kB | 213/329 kBProgress (5): 0.7/2.7 MB | 0.6/1.5 MB | 378/615 kB | 414/778 kB | 213/329 kBProgress (5): 0.7/2.7 MB | 0.6/1.5 MB | 382/615 kB | 414/778 kB | 213/329 kBProgress (5): 0.7/2.7 MB | 0.6/1.5 MB | 386/615 kB | 414/778 kB | 213/329 kBProgress (5): 0.7/2.7 MB | 0.6/1.5 MB | 390/615 kB | 414/778 kB | 213/329 kBProgress (5): 0.7/2.7 MB | 0.6/1.5 MB | 394/615 kB | 414/778 kB | 213/329 kBProgress (5): 0.7/2.7 MB | 0.6/1.5 MB | 394/615 kB | 418/778 kB | 213/329 kBProgress (5): 0.7/2.7 MB | 0.6/1.5 MB | 394/615 kB | 422/778 kB | 213/329 kBProgress (5): 0.7/2.7 MB | 0.6/1.5 MB | 394/615 kB | 426/778 kB | 213/329 kBProgress (5): 0.7/2.7 MB | 0.6/1.5 MB | 394/615 kB | 430/778 kB | 213/329 kBProgress (5): 0.7/2.7 MB | 0.6/1.5 MB | 394/615 kB | 434/778 kB | 213/329 kBProgress (5): 0.7/2.7 MB | 0.6/1.5 MB | 394/615 kB | 438/778 kB | 213/329 kBProgress (5): 0.7/2.7 MB | 0.6/1.5 MB | 394/615 kB | 442/778 kB | 213/329 kBProgress (5): 0.7/2.7 MB | 0.6/1.5 MB | 394/615 kB | 446/778 kB | 213/329 kBProgress (5): 0.7/2.7 MB | 0.6/1.5 MB | 394/615 kB | 450/778 kB | 213/329 kBProgress (5): 0.7/2.7 MB | 0.6/1.5 MB | 394/615 kB | 454/778 kB | 213/329 kBProgress (5): 0.7/2.7 MB | 0.6/1.5 MB | 394/615 kB | 454/778 kB | 217/329 kBProgress (5): 0.7/2.7 MB | 0.6/1.5 MB | 394/615 kB | 454/778 kB | 221/329 kBProgress (5): 0.7/2.7 MB | 0.6/1.5 MB | 394/615 kB | 454/778 kB | 225/329 kBProgress (5): 0.7/2.7 MB | 0.6/1.5 MB | 394/615 kB | 454/778 kB | 229/329 kBProgress (5): 0.7/2.7 MB | 0.6/1.5 MB | 394/615 kB | 454/778 kB | 233/329 kBProgress (5): 0.7/2.7 MB | 0.6/1.5 MB | 394/615 kB | 454/778 kB | 238/329 kBProgress (5): 0.7/2.7 MB | 0.6/1.5 MB | 394/615 kB | 454/778 kB | 242/329 kBProgress (5): 0.7/2.7 MB | 0.6/1.5 MB | 394/615 kB | 454/778 kB | 246/329 kBProgress (5): 0.7/2.7 MB | 0.6/1.5 MB | 394/615 kB | 454/778 kB | 250/329 kBProgress (5): 0.7/2.7 MB | 0.6/1.5 MB | 394/615 kB | 454/778 kB | 254/329 kBProgress (5): 0.7/2.7 MB | 0.6/1.5 MB | 394/615 kB | 454/778 kB | 258/329 kBProgress (5): 0.7/2.7 MB | 0.6/1.5 MB | 394/615 kB | 454/778 kB | 262/329 kBProgress (5): 0.7/2.7 MB | 0.6/1.5 MB | 394/615 kB | 454/778 kB | 266/329 kBProgress (5): 0.7/2.7 MB | 0.6/1.5 MB | 394/615 kB | 454/778 kB | 266/329 kBProgress (5): 0.7/2.7 MB | 0.6/1.5 MB | 394/615 kB | 454/778 kB | 266/329 kBProgress (5): 0.8/2.7 MB | 0.6/1.5 MB | 394/615 kB | 454/778 kB | 266/329 kBProgress (5): 0.8/2.7 MB | 0.6/1.5 MB | 394/615 kB | 454/778 kB | 266/329 kBProgress (5): 0.8/2.7 MB | 0.6/1.5 MB | 394/615 kB | 459/778 kB | 266/329 kBProgress (5): 0.8/2.7 MB | 0.6/1.5 MB | 394/615 kB | 463/778 kB | 266/329 kBProgress (5): 0.8/2.7 MB | 0.6/1.5 MB | 394/615 kB | 467/778 kB | 266/329 kBProgress (5): 0.8/2.7 MB | 0.6/1.5 MB | 394/615 kB | 471/778 kB | 266/329 kBProgress (5): 0.8/2.7 MB | 0.6/1.5 MB | 394/615 kB | 475/778 kB | 266/329 kBProgress (5): 0.8/2.7 MB | 0.6/1.5 MB | 394/615 kB | 479/778 kB | 266/329 kBProgress (5): 0.8/2.7 MB | 0.6/1.5 MB | 394/615 kB | 483/778 kB | 266/329 kBProgress (5): 0.8/2.7 MB | 0.6/1.5 MB | 394/615 kB | 487/778 kB | 266/329 kBProgress (5): 0.8/2.7 MB | 0.6/1.5 MB | 394/615 kB | 491/778 kB | 266/329 kBProgress (5): 0.8/2.7 MB | 0.6/1.5 MB | 394/615 kB | 495/778 kB | 266/329 kBProgress (5): 0.8/2.7 MB | 0.6/1.5 MB | 394/615 kB | 499/778 kB | 266/329 kBProgress (5): 0.8/2.7 MB | 0.6/1.5 MB | 394/615 kB | 504/778 kB | 266/329 kBProgress (5): 0.8/2.7 MB | 0.6/1.5 MB | 394/615 kB | 508/778 kB | 266/329 kBProgress (5): 0.8/2.7 MB | 0.6/1.5 MB | 394/615 kB | 512/778 kB | 266/329 kBProgress (5): 0.8/2.7 MB | 0.6/1.5 MB | 398/615 kB | 512/778 kB | 266/329 kBProgress (5): 0.8/2.7 MB | 0.6/1.5 MB | 402/615 kB | 512/778 kB | 266/329 kBProgress (5): 0.8/2.7 MB | 0.6/1.5 MB | 406/615 kB | 512/778 kB | 266/329 kBProgress (5): 0.8/2.7 MB | 0.6/1.5 MB | 410/615 kB | 512/778 kB | 266/329 kBProgress (5): 0.8/2.7 MB | 0.6/1.5 MB | 414/615 kB | 512/778 kB | 266/329 kBProgress (5): 0.8/2.7 MB | 0.6/1.5 MB | 419/615 kB | 512/778 kB | 266/329 kBProgress (5): 0.8/2.7 MB | 0.6/1.5 MB | 419/615 kB | 512/778 kB | 266/329 kBProgress (5): 0.8/2.7 MB | 0.6/1.5 MB | 419/615 kB | 512/778 kB | 266/329 kBProgress (5): 0.8/2.7 MB | 0.6/1.5 MB | 419/615 kB | 512/778 kB | 266/329 kBProgress (5): 0.8/2.7 MB | 0.6/1.5 MB | 419/615 kB | 512/778 kB | 266/329 kBProgress (5): 0.8/2.7 MB | 0.6/1.5 MB | 419/615 kB | 512/778 kB | 266/329 kBProgress (5): 0.8/2.7 MB | 0.6/1.5 MB | 419/615 kB | 512/778 kB | 266/329 kBProgress (5): 0.8/2.7 MB | 0.6/1.5 MB | 419/615 kB | 512/778 kB | 266/329 kBProgress (5): 0.8/2.7 MB | 0.6/1.5 MB | 419/615 kB | 512/778 kB | 270/329 kBProgress (5): 0.8/2.7 MB | 0.6/1.5 MB | 419/615 kB | 512/778 kB | 274/329 kBProgress (5): 0.8/2.7 MB | 0.6/1.5 MB | 419/615 kB | 512/778 kB | 279/329 kBProgress (5): 0.8/2.7 MB | 0.6/1.5 MB | 419/615 kB | 512/778 kB | 283/329 kBProgress (5): 0.8/2.7 MB | 0.6/1.5 MB | 419/615 kB | 512/778 kB | 287/329 kBProgress (5): 0.8/2.7 MB | 0.6/1.5 MB | 419/615 kB | 512/778 kB | 291/329 kBProgress (5): 0.8/2.7 MB | 0.6/1.5 MB | 419/615 kB | 512/778 kB | 295/329 kBProgress (5): 0.8/2.7 MB | 0.6/1.5 MB | 419/615 kB | 512/778 kB | 299/329 kBProgress (5): 0.8/2.7 MB | 0.6/1.5 MB | 419/615 kB | 512/778 kB | 303/329 kBProgress (5): 0.8/2.7 MB | 0.6/1.5 MB | 419/615 kB | 512/778 kB | 307/329 kBProgress (5): 0.8/2.7 MB | 0.6/1.5 MB | 419/615 kB | 512/778 kB | 311/329 kBProgress (5): 0.8/2.7 MB | 0.6/1.5 MB | 419/615 kB | 512/778 kB | 315/329 kBProgress (5): 0.8/2.7 MB | 0.6/1.5 MB | 419/615 kB | 512/778 kB | 319/329 kBProgress (5): 0.8/2.7 MB | 0.6/1.5 MB | 419/615 kB | 516/778 kB | 319/329 kBProgress (5): 0.8/2.7 MB | 0.6/1.5 MB | 423/615 kB | 516/778 kB | 319/329 kBProgress (5): 0.8/2.7 MB | 0.6/1.5 MB | 427/615 kB | 516/778 kB | 319/329 kBProgress (5): 0.8/2.7 MB | 0.6/1.5 MB | 431/615 kB | 516/778 kB | 319/329 kBProgress (5): 0.8/2.7 MB | 0.6/1.5 MB | 435/615 kB | 516/778 kB | 319/329 kBProgress (5): 0.8/2.7 MB | 0.6/1.5 MB | 439/615 kB | 516/778 kB | 319/329 kBProgress (5): 0.8/2.7 MB | 0.6/1.5 MB | 443/615 kB | 516/778 kB | 319/329 kBProgress (5): 0.8/2.7 MB | 0.6/1.5 MB | 447/615 kB | 516/778 kB | 319/329 kBProgress (5): 0.8/2.7 MB | 0.6/1.5 MB | 447/615 kB | 516/778 kB | 319/329 kBProgress (5): 0.8/2.7 MB | 0.6/1.5 MB | 447/615 kB | 516/778 kB | 319/329 kBProgress (5): 0.8/2.7 MB | 0.6/1.5 MB | 447/615 kB | 516/778 kB | 319/329 kBProgress (5): 0.8/2.7 MB | 0.6/1.5 MB | 447/615 kB | 516/778 kB | 319/329 kBProgress (5): 0.8/2.7 MB | 0.6/1.5 MB | 447/615 kB | 520/778 kB | 319/329 kBProgress (5): 0.8/2.7 MB | 0.6/1.5 MB | 447/615 kB | 524/778 kB | 319/329 kBProgress (5): 0.8/2.7 MB | 0.6/1.5 MB | 447/615 kB | 528/778 kB | 319/329 kBProgress (5): 0.8/2.7 MB | 0.6/1.5 MB | 447/615 kB | 532/778 kB | 319/329 kBProgress (5): 0.8/2.7 MB | 0.6/1.5 MB | 447/615 kB | 536/778 kB | 319/329 kBProgress (5): 0.8/2.7 MB | 0.6/1.5 MB | 447/615 kB | 540/778 kB | 319/329 kBProgress (5): 0.8/2.7 MB | 0.6/1.5 MB | 447/615 kB | 545/778 kB | 319/329 kBProgress (5): 0.8/2.7 MB | 0.6/1.5 MB | 447/615 kB | 549/778 kB | 319/329 kBProgress (5): 0.8/2.7 MB | 0.6/1.5 MB | 447/615 kB | 553/778 kB | 319/329 kBProgress (5): 0.8/2.7 MB | 0.6/1.5 MB | 447/615 kB | 557/778 kB | 319/329 kBProgress (5): 0.8/2.7 MB | 0.6/1.5 MB | 447/615 kB | 561/778 kB | 319/329 kBProgress (5): 0.8/2.7 MB | 0.6/1.5 MB | 447/615 kB | 565/778 kB | 319/329 kBProgress (5): 0.8/2.7 MB | 0.6/1.5 MB | 447/615 kB | 569/778 kB | 319/329 kBProgress (5): 0.8/2.7 MB | 0.7/1.5 MB | 447/615 kB | 569/778 kB | 319/329 kBProgress (5): 0.8/2.7 MB | 0.7/1.5 MB | 447/615 kB | 569/778 kB | 319/329 kBProgress (5): 0.8/2.7 MB | 0.7/1.5 MB | 447/615 kB | 569/778 kB | 319/329 kBProgress (5): 0.8/2.7 MB | 0.7/1.5 MB | 447/615 kB | 569/778 kB | 319/329 kBProgress (5): 0.8/2.7 MB | 0.7/1.5 MB | 447/615 kB | 569/778 kB | 319/329 kBProgress (5): 0.8/2.7 MB | 0.7/1.5 MB | 447/615 kB | 569/778 kB | 319/329 kBProgress (5): 0.8/2.7 MB | 0.7/1.5 MB | 447/615 kB | 569/778 kB | 319/329 kBProgress (5): 0.8/2.7 MB | 0.7/1.5 MB | 447/615 kB | 569/778 kB | 319/329 kBProgress (5): 0.8/2.7 MB | 0.7/1.5 MB | 447/615 kB | 569/778 kB | 319/329 kBProgress (5): 0.9/2.7 MB | 0.7/1.5 MB | 447/615 kB | 569/778 kB | 319/329 kBProgress (5): 0.9/2.7 MB | 0.7/1.5 MB | 447/615 kB | 569/778 kB | 319/329 kBProgress (5): 0.9/2.7 MB | 0.7/1.5 MB | 447/615 kB | 569/778 kB | 324/329 kBProgress (5): 0.9/2.7 MB | 0.7/1.5 MB | 447/615 kB | 569/778 kB | 328/329 kBProgress (5): 0.9/2.7 MB | 0.7/1.5 MB | 447/615 kB | 569/778 kB | 329 kB    Progress (5): 0.9/2.7 MB | 0.7/1.5 MB | 451/615 kB | 569/778 kB | 329 kBProgress (5): 0.9/2.7 MB | 0.7/1.5 MB | 455/615 kB | 569/778 kB | 329 kBProgress (5): 0.9/2.7 MB | 0.7/1.5 MB | 459/615 kB | 569/778 kB | 329 kBProgress (5): 0.9/2.7 MB | 0.7/1.5 MB | 464/615 kB | 569/778 kB | 329 kBProgress (5): 0.9/2.7 MB | 0.7/1.5 MB | 468/615 kB | 569/778 kB | 329 kBProgress (5): 0.9/2.7 MB | 0.7/1.5 MB | 472/615 kB | 569/778 kB | 329 kBProgress (5): 0.9/2.7 MB | 0.7/1.5 MB | 476/615 kB | 569/778 kB | 329 kBProgress (5): 0.9/2.7 MB | 0.7/1.5 MB | 480/615 kB | 569/778 kB | 329 kBProgress (5): 0.9/2.7 MB | 0.7/1.5 MB | 484/615 kB | 569/778 kB | 329 kBProgress (5): 0.9/2.7 MB | 0.7/1.5 MB | 488/615 kB | 569/778 kB | 329 kBProgress (5): 0.9/2.7 MB | 0.7/1.5 MB | 492/615 kB | 569/778 kB | 329 kBProgress (5): 0.9/2.7 MB | 0.7/1.5 MB | 492/615 kB | 569/778 kB | 329 kBProgress (5): 0.9/2.7 MB | 0.7/1.5 MB | 492/615 kB | 569/778 kB | 329 kBProgress (5): 0.9/2.7 MB | 0.7/1.5 MB | 492/615 kB | 569/778 kB | 329 kBProgress (5): 0.9/2.7 MB | 0.7/1.5 MB | 492/615 kB | 569/778 kB | 329 kBProgress (5): 1.0/2.7 MB | 0.7/1.5 MB | 492/615 kB | 569/778 kB | 329 kBProgress (5): 1.0/2.7 MB | 0.7/1.5 MB | 492/615 kB | 569/778 kB | 329 kBProgress (5): 1.0/2.7 MB | 0.7/1.5 MB | 492/615 kB | 569/778 kB | 329 kBProgress (5): 1.0/2.7 MB | 0.7/1.5 MB | 492/615 kB | 569/778 kB | 329 kBProgress (5): 1.0/2.7 MB | 0.7/1.5 MB | 492/615 kB | 573/778 kB | 329 kBProgress (5): 1.0/2.7 MB | 0.7/1.5 MB | 492/615 kB | 577/778 kB | 329 kBProgress (5): 1.0/2.7 MB | 0.7/1.5 MB | 492/615 kB | 581/778 kB | 329 kBProgress (5): 1.0/2.7 MB | 0.7/1.5 MB | 492/615 kB | 585/778 kB | 329 kBProgress (5): 1.0/2.7 MB | 0.7/1.5 MB | 492/615 kB | 590/778 kB | 329 kBProgress (5): 1.0/2.7 MB | 0.7/1.5 MB | 492/615 kB | 594/778 kB | 329 kBProgress (5): 1.0/2.7 MB | 0.7/1.5 MB | 492/615 kB | 598/778 kB | 329 kB                                                                        Downloaded from central: https://repo.maven.apache.org/maven2/org/apache/httpcomponents/httpcore/4.4.13/httpcore-4.4.13.jar (329 kB at 915 kB/s)
Downloading from central: https://repo.maven.apache.org/maven2/commons-logging/commons-logging/1.2/commons-logging-1.2.jar
Progress (4): 1.0/2.7 MB | 0.7/1.5 MB | 496/615 kB | 598/778 kBProgress (4): 1.0/2.7 MB | 0.7/1.5 MB | 500/615 kB | 598/778 kBProgress (5): 1.0/2.7 MB | 0.7/1.5 MB | 500/615 kB | 598/778 kB | 4.1/62 kBProgress (5): 1.0/2.7 MB | 0.7/1.5 MB | 500/615 kB | 598/778 kB | 8.2/62 kBProgress (5): 1.0/2.7 MB | 0.7/1.5 MB | 500/615 kB | 598/778 kB | 12/62 kB Progress (5): 1.0/2.7 MB | 0.7/1.5 MB | 500/615 kB | 598/778 kB | 16/62 kBProgress (5): 1.0/2.7 MB | 0.7/1.5 MB | 500/615 kB | 598/778 kB | 16/62 kBProgress (5): 1.0/2.7 MB | 0.8/1.5 MB | 500/615 kB | 598/778 kB | 16/62 kBProgress (5): 1.0/2.7 MB | 0.8/1.5 MB | 500/615 kB | 598/778 kB | 16/62 kBProgress (5): 1.0/2.7 MB | 0.8/1.5 MB | 500/615 kB | 598/778 kB | 16/62 kBProgress (5): 1.0/2.7 MB | 0.8/1.5 MB | 500/615 kB | 598/778 kB | 16/62 kBProgress (5): 1.0/2.7 MB | 0.8/1.5 MB | 500/615 kB | 598/778 kB | 16/62 kBProgress (5): 1.0/2.7 MB | 0.8/1.5 MB | 500/615 kB | 598/778 kB | 16/62 kBProgress (5): 1.0/2.7 MB | 0.8/1.5 MB | 500/615 kB | 602/778 kB | 16/62 kBProgress (5): 1.0/2.7 MB | 0.8/1.5 MB | 500/615 kB | 606/778 kB | 16/62 kBProgress (5): 1.0/2.7 MB | 0.8/1.5 MB | 500/615 kB | 610/778 kB | 16/62 kBProgress (5): 1.0/2.7 MB | 0.8/1.5 MB | 500/615 kB | 614/778 kB | 16/62 kBProgress (5): 1.0/2.7 MB | 0.8/1.5 MB | 500/615 kB | 618/778 kB | 16/62 kBProgress (5): 1.0/2.7 MB | 0.8/1.5 MB | 500/615 kB | 622/778 kB | 16/62 kBProgress (5): 1.0/2.7 MB | 0.8/1.5 MB | 500/615 kB | 626/778 kB | 16/62 kBProgress (5): 1.0/2.7 MB | 0.8/1.5 MB | 505/615 kB | 626/778 kB | 16/62 kBProgress (5): 1.0/2.7 MB | 0.8/1.5 MB | 509/615 kB | 626/778 kB | 16/62 kBProgress (5): 1.0/2.7 MB | 0.8/1.5 MB | 513/615 kB | 626/778 kB | 16/62 kBProgress (5): 1.0/2.7 MB | 0.8/1.5 MB | 517/615 kB | 626/778 kB | 16/62 kBProgress (5): 1.0/2.7 MB | 0.8/1.5 MB | 521/615 kB | 626/778 kB | 16/62 kBProgress (5): 1.0/2.7 MB | 0.8/1.5 MB | 525/615 kB | 626/778 kB | 16/62 kBProgress (5): 1.0/2.7 MB | 0.8/1.5 MB | 529/615 kB | 626/778 kB | 16/62 kBProgress (5): 1.0/2.7 MB | 0.8/1.5 MB | 533/615 kB | 626/778 kB | 16/62 kBProgress (5): 1.0/2.7 MB | 0.8/1.5 MB | 537/615 kB | 626/778 kB | 16/62 kBProgress (5): 1.0/2.7 MB | 0.8/1.5 MB | 541/615 kB | 626/778 kB | 16/62 kBProgress (5): 1.0/2.7 MB | 0.8/1.5 MB | 541/615 kB | 626/778 kB | 16/62 kBProgress (5): 1.0/2.7 MB | 0.8/1.5 MB | 541/615 kB | 626/778 kB | 16/62 kBProgress (5): 1.0/2.7 MB | 0.8/1.5 MB | 541/615 kB | 626/778 kB | 20/62 kBProgress (5): 1.0/2.7 MB | 0.8/1.5 MB | 541/615 kB | 626/778 kB | 25/62 kBProgress (5): 1.0/2.7 MB | 0.8/1.5 MB | 541/615 kB | 626/778 kB | 29/62 kBProgress (5): 1.0/2.7 MB | 0.8/1.5 MB | 541/615 kB | 626/778 kB | 33/62 kBProgress (5): 1.0/2.7 MB | 0.8/1.5 MB | 541/615 kB | 626/778 kB | 37/62 kBProgress (5): 1.0/2.7 MB | 0.8/1.5 MB | 541/615 kB | 626/778 kB | 41/62 kBProgress (5): 1.0/2.7 MB | 0.8/1.5 MB | 541/615 kB | 626/778 kB | 45/62 kBProgress (5): 1.0/2.7 MB | 0.8/1.5 MB | 541/615 kB | 626/778 kB | 49/62 kBProgress (5): 1.0/2.7 MB | 0.8/1.5 MB | 541/615 kB | 626/778 kB | 53/62 kBProgress (5): 1.0/2.7 MB | 0.8/1.5 MB | 541/615 kB | 626/778 kB | 57/62 kBProgress (5): 1.0/2.7 MB | 0.8/1.5 MB | 541/615 kB | 626/778 kB | 61/62 kBProgress (5): 1.0/2.7 MB | 0.8/1.5 MB | 541/615 kB | 626/778 kB | 62 kB   Progress (5): 1.0/2.7 MB | 0.8/1.5 MB | 541/615 kB | 626/778 kB | 62 kBProgress (5): 1.0/2.7 MB | 0.8/1.5 MB | 541/615 kB | 631/778 kB | 62 kBProgress (5): 1.0/2.7 MB | 0.8/1.5 MB | 541/615 kB | 635/778 kB | 62 kBProgress (5): 1.0/2.7 MB | 0.8/1.5 MB | 541/615 kB | 639/778 kB | 62 kBProgress (5): 1.0/2.7 MB | 0.8/1.5 MB | 541/615 kB | 643/778 kB | 62 kBProgress (5): 1.0/2.7 MB | 0.8/1.5 MB | 541/615 kB | 647/778 kB | 62 kBProgress (5): 1.0/2.7 MB | 0.8/1.5 MB | 541/615 kB | 651/778 kB | 62 kBProgress (5): 1.0/2.7 MB | 0.8/1.5 MB | 541/615 kB | 655/778 kB | 62 kBProgress (5): 1.0/2.7 MB | 0.8/1.5 MB | 541/615 kB | 657/778 kB | 62 kBProgress (5): 1.0/2.7 MB | 0.8/1.5 MB | 541/615 kB | 661/778 kB | 62 kBProgress (5): 1.0/2.7 MB | 0.8/1.5 MB | 541/615 kB | 665/778 kB | 62 kBProgress (5): 1.0/2.7 MB | 0.8/1.5 MB | 541/615 kB | 670/778 kB | 62 kBProgress (5): 1.0/2.7 MB | 0.8/1.5 MB | 541/615 kB | 670/778 kB | 62 kBProgress (5): 1.0/2.7 MB | 0.8/1.5 MB | 541/615 kB | 670/778 kB | 62 kBProgress (5): 1.0/2.7 MB | 0.8/1.5 MB | 541/615 kB | 670/778 kB | 62 kBProgress (5): 1.1/2.7 MB | 0.8/1.5 MB | 541/615 kB | 670/778 kB | 62 kB                                                                       Downloaded from central: https://repo.maven.apache.org/maven2/commons-logging/commons-logging/1.2/commons-logging-1.2.jar (62 kB at 154 kB/s)
Progress (4): 1.1/2.7 MB | 0.8/1.5 MB | 545/615 kB | 670/778 kBProgress (4): 1.1/2.7 MB | 0.8/1.5 MB | 548/615 kB | 670/778 kBProgress (4): 1.1/2.7 MB | 0.8/1.5 MB | 552/615 kB | 670/778 kBProgress (4): 1.1/2.7 MB | 0.8/1.5 MB | 556/615 kB | 670/778 kBProgress (4): 1.1/2.7 MB | 0.8/1.5 MB | 560/615 kB | 670/778 kBProgress (4): 1.1/2.7 MB | 0.8/1.5 MB | 564/615 kB | 670/778 kBProgress (4): 1.1/2.7 MB | 0.8/1.5 MB | 568/615 kB | 670/778 kBProgress (4): 1.1/2.7 MB | 0.8/1.5 MB | 572/615 kB | 670/778 kBProgress (4): 1.1/2.7 MB | 0.8/1.5 MB | 576/615 kB | 670/778 kBProgress (4): 1.1/2.7 MB | 0.8/1.5 MB | 580/615 kB | 670/778 kBProgress (4): 1.1/2.7 MB | 0.8/1.5 MB | 585/615 kB | 670/778 kBProgress (4): 1.1/2.7 MB | 0.8/1.5 MB | 589/615 kB | 670/778 kBProgress (4): 1.1/2.7 MB | 0.8/1.5 MB | 593/615 kB | 670/778 kBProgress (4): 1.1/2.7 MB | 0.8/1.5 MB | 597/615 kB | 670/778 kBProgress (4): 1.1/2.7 MB | 0.8/1.5 MB | 601/615 kB | 670/778 kBProgress (4): 1.1/2.7 MB | 0.8/1.5 MB | 605/615 kB | 670/778 kBProgress (4): 1.1/2.7 MB | 0.8/1.5 MB | 609/615 kB | 670/778 kBProgress (4): 1.1/2.7 MB | 0.8/1.5 MB | 613/615 kB | 670/778 kBProgress (4): 1.1/2.7 MB | 0.8/1.5 MB | 615 kB | 670/778 kB    Progress (4): 1.1/2.7 MB | 0.8/1.5 MB | 615 kB | 670/778 kBProgress (4): 1.1/2.7 MB | 0.8/1.5 MB | 615 kB | 670/778 kBProgress (4): 1.1/2.7 MB | 0.8/1.5 MB | 615 kB | 670/778 kBProgress (4): 1.1/2.7 MB | 0.8/1.5 MB | 615 kB | 670/778 kBProgress (4): 1.1/2.7 MB | 0.8/1.5 MB | 615 kB | 670/778 kBProgress (4): 1.1/2.7 MB | 0.8/1.5 MB | 615 kB | 670/778 kBProgress (4): 1.1/2.7 MB | 0.9/1.5 MB | 615 kB | 670/778 kBProgress (4): 1.1/2.7 MB | 0.9/1.5 MB | 615 kB | 670/778 kBProgress (4): 1.1/2.7 MB | 0.9/1.5 MB | 615 kB | 674/778 kBProgress (4): 1.1/2.7 MB | 0.9/1.5 MB | 615 kB | 678/778 kBProgress (4): 1.1/2.7 MB | 0.9/1.5 MB | 615 kB | 682/778 kBProgress (4): 1.1/2.7 MB | 0.9/1.5 MB | 615 kB | 686/778 kBProgress (4): 1.1/2.7 MB | 0.9/1.5 MB | 615 kB | 690/778 kBProgress (4): 1.1/2.7 MB | 0.9/1.5 MB | 615 kB | 694/778 kBProgress (4): 1.1/2.7 MB | 0.9/1.5 MB | 615 kB | 698/778 kBProgress (4): 1.1/2.7 MB | 0.9/1.5 MB | 615 kB | 702/778 kBProgress (4): 1.1/2.7 MB | 0.9/1.5 MB | 615 kB | 706/778 kBProgress (4): 1.1/2.7 MB | 0.9/1.5 MB | 615 kB | 711/778 kBProgress (4): 1.1/2.7 MB | 0.9/1.5 MB | 615 kB | 715/778 kBProgress (4): 1.1/2.7 MB | 0.9/1.5 MB | 615 kB | 719/778 kBProgress (4): 1.1/2.7 MB | 0.9/1.5 MB | 615 kB | 723/778 kB                                                           Downloading from central: https://repo.maven.apache.org/maven2/commons-codec/commons-codec/1.11/commons-codec-1.11.jar
Progress (4): 1.1/2.7 MB | 0.9/1.5 MB | 615 kB | 723/778 kBProgress (4): 1.1/2.7 MB | 0.9/1.5 MB | 615 kB | 723/778 kBProgress (4): 1.1/2.7 MB | 0.9/1.5 MB | 615 kB | 723/778 kBProgress (4): 1.1/2.7 MB | 0.9/1.5 MB | 615 kB | 723/778 kBProgress (4): 1.1/2.7 MB | 0.9/1.5 MB | 615 kB | 723/778 kBProgress (4): 1.1/2.7 MB | 0.9/1.5 MB | 615 kB | 723/778 kBProgress (5): 1.1/2.7 MB | 0.9/1.5 MB | 615 kB | 723/778 kB | 4.1/335 kBProgress (5): 1.1/2.7 MB | 0.9/1.5 MB | 615 kB | 723/778 kB | 8.2/335 kBProgress (5): 1.1/2.7 MB | 0.9/1.5 MB | 615 kB | 723/778 kB | 12/335 kB Progress (5): 1.1/2.7 MB | 0.9/1.5 MB | 615 kB | 723/778 kB | 16/335 kBProgress (5): 1.1/2.7 MB | 0.9/1.5 MB | 615 kB | 723/778 kB | 20/335 kBProgress (5): 1.1/2.7 MB | 0.9/1.5 MB | 615 kB | 723/778 kB | 25/335 kBProgress (5): 1.1/2.7 MB | 0.9/1.5 MB | 615 kB | 723/778 kB | 29/335 kBProgress (5): 1.1/2.7 MB | 0.9/1.5 MB | 615 kB | 723/778 kB | 33/335 kBProgress (5): 1.1/2.7 MB | 0.9/1.5 MB | 615 kB | 723/778 kB | 37/335 kBProgress (5): 1.1/2.7 MB | 0.9/1.5 MB | 615 kB | 723/778 kB | 41/335 kBProgress (5): 1.1/2.7 MB | 0.9/1.5 MB | 615 kB | 723/778 kB | 41/335 kBProgress (5): 1.1/2.7 MB | 0.9/1.5 MB | 615 kB | 723/778 kB | 41/335 kBProgress (5): 1.1/2.7 MB | 0.9/1.5 MB | 615 kB | 723/778 kB | 41/335 kBProgress (5): 1.1/2.7 MB | 0.9/1.5 MB | 615 kB | 723/778 kB | 41/335 kBProgress (5): 1.1/2.7 MB | 0.9/1.5 MB | 615 kB | 723/778 kB | 41/335 kBProgress (5): 1.1/2.7 MB | 0.9/1.5 MB | 615 kB | 723/778 kB | 41/335 kBProgress (5): 1.1/2.7 MB | 1.0/1.5 MB | 615 kB | 723/778 kB | 41/335 kBProgress (5): 1.1/2.7 MB | 1.0/1.5 MB | 615 kB | 723/778 kB | 41/335 kBProgress (5): 1.1/2.7 MB | 1.0/1.5 MB | 615 kB | 727/778 kB | 41/335 kBProgress (5): 1.1/2.7 MB | 1.0/1.5 MB | 615 kB | 731/778 kB | 41/335 kBProgress (5): 1.1/2.7 MB | 1.0/1.5 MB | 615 kB | 735/778 kB | 41/335 kBProgress (5): 1.1/2.7 MB | 1.0/1.5 MB | 615 kB | 739/778 kB | 41/335 kBProgress (5): 1.1/2.7 MB | 1.0/1.5 MB | 615 kB | 743/778 kB | 41/335 kBProgress (5): 1.1/2.7 MB | 1.0/1.5 MB | 615 kB | 747/778 kB | 41/335 kBProgress (5): 1.1/2.7 MB | 1.0/1.5 MB | 615 kB | 752/778 kB | 41/335 kBProgress (5): 1.1/2.7 MB | 1.0/1.5 MB | 615 kB | 756/778 kB | 41/335 kBProgress (5): 1.1/2.7 MB | 1.0/1.5 MB | 615 kB | 760/778 kB | 41/335 kBProgress (5): 1.1/2.7 MB | 1.0/1.5 MB | 615 kB | 764/778 kB | 41/335 kBProgress (5): 1.1/2.7 MB | 1.0/1.5 MB | 615 kB | 768/778 kB | 41/335 kBProgress (5): 1.1/2.7 MB | 1.0/1.5 MB | 615 kB | 772/778 kB | 41/335 kBProgress (5): 1.1/2.7 MB | 1.0/1.5 MB | 615 kB | 776/778 kB | 41/335 kBProgress (5): 1.1/2.7 MB | 1.0/1.5 MB | 615 kB | 778 kB | 41/335 kB    Progress (5): 1.1/2.7 MB | 1.0/1.5 MB | 615 kB | 778 kB | 41/335 kBProgress (5): 1.1/2.7 MB | 1.0/1.5 MB | 615 kB | 778 kB | 41/335 kBProgress (5): 1.1/2.7 MB | 1.0/1.5 MB | 615 kB | 778 kB | 41/335 kBProgress (5): 1.2/2.7 MB | 1.0/1.5 MB | 615 kB | 778 kB | 41/335 kBProgress (5): 1.2/2.7 MB | 1.0/1.5 MB | 615 kB | 778 kB | 41/335 kB                                                                   Downloaded from central: https://repo.maven.apache.org/maven2/org/apache/commons/commons-compress/1.19/commons-compress-1.19.jar (615 kB at 1.3 MB/s)
Downloading from central: https://repo.maven.apache.org/maven2/org/springframework/boot/spring-boot-loader-tools/2.3.2.RELEASE/spring-boot-loader-tools-2.3.2.RELEASE.jar
Progress (4): 1.2/2.7 MB | 1.0/1.5 MB | 778 kB | 45/335 kBProgress (4): 1.2/2.7 MB | 1.0/1.5 MB | 778 kB | 49/335 kBProgress (4): 1.2/2.7 MB | 1.0/1.5 MB | 778 kB | 53/335 kBProgress (4): 1.2/2.7 MB | 1.0/1.5 MB | 778 kB | 57/335 kBProgress (4): 1.2/2.7 MB | 1.0/1.5 MB | 778 kB | 61/335 kBProgress (4): 1.2/2.7 MB | 1.0/1.5 MB | 778 kB | 66/335 kBProgress (4): 1.2/2.7 MB | 1.0/1.5 MB | 778 kB | 66/335 kBProgress (5): 1.2/2.7 MB | 1.0/1.5 MB | 778 kB | 66/335 kB | 4.1/240 kBProgress (5): 1.2/2.7 MB | 1.0/1.5 MB | 778 kB | 66/335 kB | 8.2/240 kBProgress (5): 1.2/2.7 MB | 1.0/1.5 MB | 778 kB | 66/335 kB | 12/240 kB Progress (5): 1.2/2.7 MB | 1.0/1.5 MB | 778 kB | 66/335 kB | 16/240 kBProgress (5): 1.2/2.7 MB | 1.0/1.5 MB | 778 kB | 66/335 kB | 20/240 kBProgress (5): 1.2/2.7 MB | 1.0/1.5 MB | 778 kB | 66/335 kB | 25/240 kBProgress (5): 1.2/2.7 MB | 1.0/1.5 MB | 778 kB | 66/335 kB | 29/240 kBProgress (5): 1.2/2.7 MB | 1.0/1.5 MB | 778 kB | 66/335 kB | 33/240 kBProgress (5): 1.2/2.7 MB | 1.0/1.5 MB | 778 kB | 66/335 kB | 37/240 kBProgress (5): 1.2/2.7 MB | 1.0/1.5 MB | 778 kB | 66/335 kB | 41/240 kBProgress (5): 1.2/2.7 MB | 1.0/1.5 MB | 778 kB | 66/335 kB | 45/240 kBProgress (5): 1.2/2.7 MB | 1.0/1.5 MB | 778 kB | 66/335 kB | 49/240 kBProgress (5): 1.2/2.7 MB | 1.0/1.5 MB | 778 kB | 66/335 kB | 49/240 kBProgress (5): 1.2/2.7 MB | 1.0/1.5 MB | 778 kB | 66/335 kB | 49/240 kBProgress (5): 1.2/2.7 MB | 1.0/1.5 MB | 778 kB | 66/335 kB | 49/240 kB                                                                      Downloaded from central: https://repo.maven.apache.org/maven2/org/apache/httpcomponents/httpclient/4.5.12/httpclient-4.5.12.jar (778 kB at 1.6 MB/s)
Downloading from central: https://repo.maven.apache.org/maven2/org/apache/maven/shared/maven-common-artifact-filters/3.1.0/maven-common-artifact-filters-3.1.0.jar
Progress (4): 1.2/2.7 MB | 1.0/1.5 MB | 70/335 kB | 49/240 kBProgress (4): 1.2/2.7 MB | 1.0/1.5 MB | 74/335 kB | 49/240 kBProgress (4): 1.2/2.7 MB | 1.0/1.5 MB | 74/335 kB | 49/240 kBProgress (4): 1.2/2.7 MB | 1.0/1.5 MB | 74/335 kB | 49/240 kBProgress (4): 1.2/2.7 MB | 1.0/1.5 MB | 74/335 kB | 49/240 kBProgress (4): 1.2/2.7 MB | 1.0/1.5 MB | 78/335 kB | 49/240 kBProgress (4): 1.2/2.7 MB | 1.0/1.5 MB | 82/335 kB | 49/240 kBProgress (4): 1.2/2.7 MB | 1.0/1.5 MB | 86/335 kB | 49/240 kBProgress (4): 1.2/2.7 MB | 1.0/1.5 MB | 90/335 kB | 49/240 kBProgress (4): 1.2/2.7 MB | 1.0/1.5 MB | 94/335 kB | 49/240 kBProgress (4): 1.2/2.7 MB | 1.0/1.5 MB | 98/335 kB | 49/240 kBProgress (4): 1.2/2.7 MB | 1.0/1.5 MB | 98/335 kB | 49/240 kBProgress (4): 1.3/2.7 MB | 1.0/1.5 MB | 98/335 kB | 49/240 kBProgress (4): 1.3/2.7 MB | 1.0/1.5 MB | 98/335 kB | 49/240 kBProgress (4): 1.3/2.7 MB | 1.0/1.5 MB | 98/335 kB | 49/240 kBProgress (5): 1.3/2.7 MB | 1.0/1.5 MB | 98/335 kB | 49/240 kB | 4.1/61 kBProgress (5): 1.3/2.7 MB | 1.0/1.5 MB | 98/335 kB | 49/240 kB | 4.1/61 kBProgress (5): 1.3/2.7 MB | 1.0/1.5 MB | 98/335 kB | 49/240 kB | 4.1/61 kBProgress (5): 1.3/2.7 MB | 1.0/1.5 MB | 98/335 kB | 49/240 kB | 4.1/61 kBProgress (5): 1.3/2.7 MB | 1.0/1.5 MB | 98/335 kB | 49/240 kB | 4.1/61 kBProgress (5): 1.3/2.7 MB | 1.0/1.5 MB | 98/335 kB | 49/240 kB | 4.1/61 kBProgress (5): 1.3/2.7 MB | 1.0/1.5 MB | 98/335 kB | 49/240 kB | 4.1/61 kBProgress (5): 1.3/2.7 MB | 1.1/1.5 MB | 98/335 kB | 49/240 kB | 4.1/61 kBProgress (5): 1.3/2.7 MB | 1.1/1.5 MB | 98/335 kB | 49/240 kB | 4.1/61 kBProgress (5): 1.3/2.7 MB | 1.1/1.5 MB | 98/335 kB | 53/240 kB | 4.1/61 kBProgress (5): 1.3/2.7 MB | 1.1/1.5 MB | 98/335 kB | 57/240 kB | 4.1/61 kBProgress (5): 1.3/2.7 MB | 1.1/1.5 MB | 98/335 kB | 61/240 kB | 4.1/61 kBProgress (5): 1.3/2.7 MB | 1.1/1.5 MB | 98/335 kB | 66/240 kB | 4.1/61 kBProgress (5): 1.3/2.7 MB | 1.1/1.5 MB | 98/335 kB | 70/240 kB | 4.1/61 kBProgress (5): 1.3/2.7 MB | 1.1/1.5 MB | 98/335 kB | 74/240 kB | 4.1/61 kBProgress (5): 1.3/2.7 MB | 1.1/1.5 MB | 98/335 kB | 78/240 kB | 4.1/61 kBProgress (5): 1.3/2.7 MB | 1.1/1.5 MB | 98/335 kB | 82/240 kB | 4.1/61 kBProgress (5): 1.3/2.7 MB | 1.1/1.5 MB | 98/335 kB | 86/240 kB | 4.1/61 kBProgress (5): 1.3/2.7 MB | 1.1/1.5 MB | 98/335 kB | 90/240 kB | 4.1/61 kBProgress (5): 1.3/2.7 MB | 1.1/1.5 MB | 98/335 kB | 94/240 kB | 4.1/61 kBProgress (5): 1.3/2.7 MB | 1.1/1.5 MB | 98/335 kB | 98/240 kB | 4.1/61 kBProgress (5): 1.3/2.7 MB | 1.1/1.5 MB | 98/335 kB | 102/240 kB | 4.1/61 kBProgress (5): 1.3/2.7 MB | 1.1/1.5 MB | 98/335 kB | 102/240 kB | 4.1/61 kBProgress (5): 1.3/2.7 MB | 1.1/1.5 MB | 102/335 kB | 102/240 kB | 4.1/61 kBProgress (5): 1.3/2.7 MB | 1.1/1.5 MB | 106/335 kB | 102/240 kB | 4.1/61 kBProgress (5): 1.3/2.7 MB | 1.1/1.5 MB | 111/335 kB | 102/240 kB | 4.1/61 kBProgress (5): 1.3/2.7 MB | 1.1/1.5 MB | 115/335 kB | 102/240 kB | 4.1/61 kBProgress (5): 1.3/2.7 MB | 1.1/1.5 MB | 119/335 kB | 102/240 kB | 4.1/61 kBProgress (5): 1.3/2.7 MB | 1.1/1.5 MB | 123/335 kB | 102/240 kB | 4.1/61 kBProgress (5): 1.3/2.7 MB | 1.1/1.5 MB | 127/335 kB | 102/240 kB | 4.1/61 kBProgress (5): 1.3/2.7 MB | 1.1/1.5 MB | 131/335 kB | 102/240 kB | 4.1/61 kBProgress (5): 1.3/2.7 MB | 1.1/1.5 MB | 135/335 kB | 102/240 kB | 4.1/61 kBProgress (5): 1.3/2.7 MB | 1.1/1.5 MB | 139/335 kB | 102/240 kB | 4.1/61 kBProgress (5): 1.3/2.7 MB | 1.1/1.5 MB | 143/335 kB | 102/240 kB | 4.1/61 kBProgress (5): 1.3/2.7 MB | 1.1/1.5 MB | 147/335 kB | 102/240 kB | 4.1/61 kBProgress (5): 1.3/2.7 MB | 1.1/1.5 MB | 152/335 kB | 102/240 kB | 4.1/61 kBProgress (5): 1.3/2.7 MB | 1.1/1.5 MB | 152/335 kB | 102/240 kB | 8.2/61 kBProgress (5): 1.3/2.7 MB | 1.1/1.5 MB | 152/335 kB | 102/240 kB | 12/61 kB Progress (5): 1.3/2.7 MB | 1.1/1.5 MB | 152/335 kB | 102/240 kB | 16/61 kBProgress (5): 1.3/2.7 MB | 1.1/1.5 MB | 152/335 kB | 102/240 kB | 20/61 kBProgress (5): 1.3/2.7 MB | 1.1/1.5 MB | 152/335 kB | 102/240 kB | 25/61 kBProgress (5): 1.3/2.7 MB | 1.1/1.5 MB | 152/335 kB | 102/240 kB | 29/61 kBProgress (5): 1.3/2.7 MB | 1.1/1.5 MB | 152/335 kB | 102/240 kB | 33/61 kBProgress (5): 1.3/2.7 MB | 1.1/1.5 MB | 152/335 kB | 106/240 kB | 33/61 kBProgress (5): 1.3/2.7 MB | 1.1/1.5 MB | 152/335 kB | 111/240 kB | 33/61 kBProgress (5): 1.3/2.7 MB | 1.1/1.5 MB | 152/335 kB | 115/240 kB | 33/61 kBProgress (5): 1.3/2.7 MB | 1.1/1.5 MB | 152/335 kB | 115/240 kB | 33/61 kBProgress (5): 1.3/2.7 MB | 1.1/1.5 MB | 152/335 kB | 115/240 kB | 33/61 kBProgress (5): 1.3/2.7 MB | 1.1/1.5 MB | 152/335 kB | 115/240 kB | 33/61 kBProgress (5): 1.3/2.7 MB | 1.1/1.5 MB | 152/335 kB | 115/240 kB | 33/61 kBProgress (5): 1.3/2.7 MB | 1.1/1.5 MB | 152/335 kB | 115/240 kB | 33/61 kBProgress (5): 1.3/2.7 MB | 1.1/1.5 MB | 152/335 kB | 115/240 kB | 33/61 kBProgress (5): 1.3/2.7 MB | 1.1/1.5 MB | 152/335 kB | 115/240 kB | 33/61 kBProgress (5): 1.4/2.7 MB | 1.1/1.5 MB | 152/335 kB | 115/240 kB | 33/61 kBProgress (5): 1.4/2.7 MB | 1.1/1.5 MB | 152/335 kB | 115/240 kB | 37/61 kBProgress (5): 1.4/2.7 MB | 1.1/1.5 MB | 152/335 kB | 115/240 kB | 41/61 kBProgress (5): 1.4/2.7 MB | 1.1/1.5 MB | 152/335 kB | 115/240 kB | 45/61 kBProgress (5): 1.4/2.7 MB | 1.1/1.5 MB | 152/335 kB | 115/240 kB | 49/61 kBProgress (5): 1.4/2.7 MB | 1.1/1.5 MB | 152/335 kB | 115/240 kB | 53/61 kBProgress (5): 1.4/2.7 MB | 1.1/1.5 MB | 152/335 kB | 115/240 kB | 57/61 kBProgress (5): 1.4/2.7 MB | 1.1/1.5 MB | 152/335 kB | 115/240 kB | 61 kB   Progress (5): 1.4/2.7 MB | 1.1/1.5 MB | 156/335 kB | 115/240 kB | 61 kBProgress (5): 1.4/2.7 MB | 1.1/1.5 MB | 160/335 kB | 115/240 kB | 61 kBProgress (5): 1.4/2.7 MB | 1.1/1.5 MB | 164/335 kB | 115/240 kB | 61 kBProgress (5): 1.4/2.7 MB | 1.1/1.5 MB | 168/335 kB | 115/240 kB | 61 kBProgress (5): 1.4/2.7 MB | 1.1/1.5 MB | 168/335 kB | 119/240 kB | 61 kBProgress (5): 1.4/2.7 MB | 1.1/1.5 MB | 168/335 kB | 123/240 kB | 61 kBProgress (5): 1.4/2.7 MB | 1.1/1.5 MB | 168/335 kB | 127/240 kB | 61 kBProgress (5): 1.4/2.7 MB | 1.1/1.5 MB | 168/335 kB | 131/240 kB | 61 kBProgress (5): 1.4/2.7 MB | 1.1/1.5 MB | 168/335 kB | 131/240 kB | 61 kBProgress (5): 1.4/2.7 MB | 1.1/1.5 MB | 168/335 kB | 131/240 kB | 61 kBProgress (5): 1.4/2.7 MB | 1.1/1.5 MB | 168/335 kB | 131/240 kB | 61 kBProgress (5): 1.4/2.7 MB | 1.1/1.5 MB | 168/335 kB | 131/240 kB | 61 kBProgress (5): 1.4/2.7 MB | 1.1/1.5 MB | 168/335 kB | 131/240 kB | 61 kBProgress (5): 1.4/2.7 MB | 1.1/1.5 MB | 168/335 kB | 131/240 kB | 61 kBProgress (5): 1.4/2.7 MB | 1.1/1.5 MB | 168/335 kB | 135/240 kB | 61 kBProgress (5): 1.4/2.7 MB | 1.1/1.5 MB | 168/335 kB | 139/240 kB | 61 kBProgress (5): 1.4/2.7 MB | 1.1/1.5 MB | 168/335 kB | 143/240 kB | 61 kBProgress (5): 1.4/2.7 MB | 1.1/1.5 MB | 168/335 kB | 147/240 kB | 61 kBProgress (5): 1.4/2.7 MB | 1.1/1.5 MB | 168/335 kB | 152/240 kB | 61 kBProgress (5): 1.4/2.7 MB | 1.1/1.5 MB | 168/335 kB | 156/240 kB | 61 kBProgress (5): 1.4/2.7 MB | 1.1/1.5 MB | 168/335 kB | 160/240 kB | 61 kBProgress (5): 1.4/2.7 MB | 1.1/1.5 MB | 168/335 kB | 164/240 kB | 61 kBProgress (5): 1.4/2.7 MB | 1.1/1.5 MB | 168/335 kB | 168/240 kB | 61 kBProgress (5): 1.4/2.7 MB | 1.1/1.5 MB | 168/335 kB | 172/240 kB | 61 kBProgress (5): 1.4/2.7 MB | 1.1/1.5 MB | 168/335 kB | 176/240 kB | 61 kBProgress (5): 1.4/2.7 MB | 1.1/1.5 MB | 168/335 kB | 180/240 kB | 61 kBProgress (5): 1.4/2.7 MB | 1.1/1.5 MB | 168/335 kB | 180/240 kB | 61 kBProgress (5): 1.4/2.7 MB | 1.1/1.5 MB | 168/335 kB | 180/240 kB | 61 kBProgress (5): 1.4/2.7 MB | 1.2/1.5 MB | 168/335 kB | 180/240 kB | 61 kBProgress (5): 1.4/2.7 MB | 1.2/1.5 MB | 168/335 kB | 180/240 kB | 61 kBProgress (5): 1.4/2.7 MB | 1.2/1.5 MB | 168/335 kB | 180/240 kB | 61 kBProgress (5): 1.4/2.7 MB | 1.2/1.5 MB | 168/335 kB | 180/240 kB | 61 kBProgress (5): 1.4/2.7 MB | 1.2/1.5 MB | 168/335 kB | 180/240 kB | 61 kBProgress (5): 1.4/2.7 MB | 1.2/1.5 MB | 168/335 kB | 180/240 kB | 61 kBProgress (5): 1.4/2.7 MB | 1.2/1.5 MB | 168/335 kB | 180/240 kB | 61 kB                                                                       Downloaded from central: https://repo.maven.apache.org/maven2/org/apache/maven/shared/maven-common-artifact-filters/3.1.0/maven-common-artifact-filters-3.1.0.jar (61 kB at 109 kB/s)
Downloading from central: https://repo.maven.apache.org/maven2/org/codehaus/plexus/plexus-component-annotations/1.5.5/plexus-component-annotations-1.5.5.jar
Progress (4): 1.4/2.7 MB | 1.2/1.5 MB | 172/335 kB | 180/240 kBProgress (4): 1.4/2.7 MB | 1.2/1.5 MB | 176/335 kB | 180/240 kBProgress (4): 1.4/2.7 MB | 1.2/1.5 MB | 180/335 kB | 180/240 kBProgress (4): 1.4/2.7 MB | 1.2/1.5 MB | 184/335 kB | 180/240 kBProgress (4): 1.4/2.7 MB | 1.2/1.5 MB | 188/335 kB | 180/240 kBProgress (4): 1.4/2.7 MB | 1.2/1.5 MB | 193/335 kB | 180/240 kBProgress (4): 1.4/2.7 MB | 1.2/1.5 MB | 197/335 kB | 180/240 kBProgress (4): 1.4/2.7 MB | 1.2/1.5 MB | 201/335 kB | 180/240 kBProgress (4): 1.4/2.7 MB | 1.2/1.5 MB | 205/335 kB | 180/240 kBProgress (4): 1.4/2.7 MB | 1.2/1.5 MB | 209/335 kB | 180/240 kBProgress (4): 1.4/2.7 MB | 1.2/1.5 MB | 213/335 kB | 180/240 kBProgress (4): 1.4/2.7 MB | 1.2/1.5 MB | 217/335 kB | 180/240 kBProgress (4): 1.4/2.7 MB | 1.2/1.5 MB | 221/335 kB | 180/240 kBProgress (4): 1.4/2.7 MB | 1.2/1.5 MB | 221/335 kB | 184/240 kBProgress (4): 1.4/2.7 MB | 1.2/1.5 MB | 221/335 kB | 184/240 kBProgress (4): 1.4/2.7 MB | 1.2/1.5 MB | 221/335 kB | 184/240 kBProgress (4): 1.5/2.7 MB | 1.2/1.5 MB | 221/335 kB | 184/240 kBProgress (4): 1.5/2.7 MB | 1.2/1.5 MB | 221/335 kB | 184/240 kBProgress (4): 1.5/2.7 MB | 1.2/1.5 MB | 221/335 kB | 184/240 kBProgress (4): 1.5/2.7 MB | 1.2/1.5 MB | 221/335 kB | 184/240 kBProgress (5): 1.5/2.7 MB | 1.2/1.5 MB | 221/335 kB | 184/240 kB | 4.1/4.2 kBProgress (5): 1.5/2.7 MB | 1.2/1.5 MB | 221/335 kB | 184/240 kB | 4.2 kB    Progress (5): 1.5/2.7 MB | 1.2/1.5 MB | 221/335 kB | 184/240 kB | 4.2 kBProgress (5): 1.5/2.7 MB | 1.2/1.5 MB | 225/335 kB | 184/240 kB | 4.2 kBProgress (5): 1.5/2.7 MB | 1.2/1.5 MB | 225/335 kB | 188/240 kB | 4.2 kBProgress (5): 1.5/2.7 MB | 1.2/1.5 MB | 225/335 kB | 193/240 kB | 4.2 kBProgress (5): 1.5/2.7 MB | 1.2/1.5 MB | 225/335 kB | 197/240 kB | 4.2 kBProgress (5): 1.5/2.7 MB | 1.2/1.5 MB | 225/335 kB | 201/240 kB | 4.2 kBProgress (5): 1.5/2.7 MB | 1.2/1.5 MB | 225/335 kB | 205/240 kB | 4.2 kBProgress (5): 1.5/2.7 MB | 1.2/1.5 MB | 225/335 kB | 209/240 kB | 4.2 kBProgress (5): 1.5/2.7 MB | 1.2/1.5 MB | 225/335 kB | 213/240 kB | 4.2 kB                                                                        Downloaded from central: https://repo.maven.apache.org/maven2/org/codehaus/plexus/plexus-component-annotations/1.5.5/plexus-component-annotations-1.5.5.jar (4.2 kB at 7.3 kB/s)
Downloading from central: https://repo.maven.apache.org/maven2/org/apache/maven/shared/maven-shared-utils/3.1.0/maven-shared-utils-3.1.0.jar
Progress (4): 1.5/2.7 MB | 1.2/1.5 MB | 229/335 kB | 213/240 kBProgress (4): 1.5/2.7 MB | 1.2/1.5 MB | 233/335 kB | 213/240 kBProgress (4): 1.5/2.7 MB | 1.2/1.5 MB | 238/335 kB | 213/240 kBProgress (4): 1.5/2.7 MB | 1.2/1.5 MB | 242/335 kB | 213/240 kBProgress (4): 1.5/2.7 MB | 1.2/1.5 MB | 246/335 kB | 213/240 kBProgress (4): 1.5/2.7 MB | 1.2/1.5 MB | 246/335 kB | 213/240 kBProgress (4): 1.5/2.7 MB | 1.2/1.5 MB | 246/335 kB | 213/240 kBProgress (4): 1.5/2.7 MB | 1.2/1.5 MB | 246/335 kB | 213/240 kBProgress (4): 1.5/2.7 MB | 1.2/1.5 MB | 246/335 kB | 217/240 kBProgress (4): 1.5/2.7 MB | 1.2/1.5 MB | 246/335 kB | 221/240 kBProgress (4): 1.5/2.7 MB | 1.2/1.5 MB | 246/335 kB | 225/240 kBProgress (4): 1.5/2.7 MB | 1.2/1.5 MB | 246/335 kB | 229/240 kBProgress (4): 1.5/2.7 MB | 1.2/1.5 MB | 246/335 kB | 233/240 kBProgress (4): 1.5/2.7 MB | 1.2/1.5 MB | 246/335 kB | 233/240 kBProgress (4): 1.5/2.7 MB | 1.2/1.5 MB | 246/335 kB | 233/240 kBProgress (4): 1.5/2.7 MB | 1.2/1.5 MB | 246/335 kB | 233/240 kBProgress (4): 1.5/2.7 MB | 1.2/1.5 MB | 246/335 kB | 233/240 kBProgress (4): 1.6/2.7 MB | 1.2/1.5 MB | 246/335 kB | 233/240 kBProgress (4): 1.6/2.7 MB | 1.2/1.5 MB | 246/335 kB | 233/240 kBProgress (5): 1.6/2.7 MB | 1.2/1.5 MB | 246/335 kB | 233/240 kB | 4.1/164 kBProgress (5): 1.6/2.7 MB | 1.2/1.5 MB | 246/335 kB | 233/240 kB | 8.2/164 kBProgress (5): 1.6/2.7 MB | 1.2/1.5 MB | 246/335 kB | 233/240 kB | 12/164 kB Progress (5): 1.6/2.7 MB | 1.2/1.5 MB | 246/335 kB | 233/240 kB | 16/164 kBProgress (5): 1.6/2.7 MB | 1.2/1.5 MB | 246/335 kB | 233/240 kB | 20/164 kBProgress (5): 1.6/2.7 MB | 1.2/1.5 MB | 246/335 kB | 233/240 kB | 25/164 kBProgress (5): 1.6/2.7 MB | 1.2/1.5 MB | 246/335 kB | 233/240 kB | 29/164 kBProgress (5): 1.6/2.7 MB | 1.2/1.5 MB | 246/335 kB | 233/240 kB | 33/164 kBProgress (5): 1.6/2.7 MB | 1.2/1.5 MB | 246/335 kB | 233/240 kB | 37/164 kBProgress (5): 1.6/2.7 MB | 1.2/1.5 MB | 246/335 kB | 233/240 kB | 41/164 kBProgress (5): 1.6/2.7 MB | 1.2/1.5 MB | 246/335 kB | 233/240 kB | 45/164 kBProgress (5): 1.6/2.7 MB | 1.2/1.5 MB | 246/335 kB | 233/240 kB | 49/164 kBProgress (5): 1.6/2.7 MB | 1.2/1.5 MB | 246/335 kB | 233/240 kB | 53/164 kBProgress (5): 1.6/2.7 MB | 1.2/1.5 MB | 246/335 kB | 233/240 kB | 53/164 kBProgress (5): 1.6/2.7 MB | 1.3/1.5 MB | 246/335 kB | 233/240 kB | 53/164 kBProgress (5): 1.6/2.7 MB | 1.3/1.5 MB | 246/335 kB | 233/240 kB | 53/164 kBProgress (5): 1.6/2.7 MB | 1.3/1.5 MB | 250/335 kB | 233/240 kB | 53/164 kBProgress (5): 1.6/2.7 MB | 1.3/1.5 MB | 254/335 kB | 233/240 kB | 53/164 kBProgress (5): 1.6/2.7 MB | 1.3/1.5 MB | 258/335 kB | 233/240 kB | 53/164 kBProgress (5): 1.6/2.7 MB | 1.3/1.5 MB | 262/335 kB | 233/240 kB | 53/164 kBProgress (5): 1.6/2.7 MB | 1.3/1.5 MB | 266/335 kB | 233/240 kB | 53/164 kBProgress (5): 1.6/2.7 MB | 1.3/1.5 MB | 270/335 kB | 233/240 kB | 53/164 kBProgress (5): 1.6/2.7 MB | 1.3/1.5 MB | 274/335 kB | 233/240 kB | 53/164 kBProgress (5): 1.6/2.7 MB | 1.3/1.5 MB | 279/335 kB | 233/240 kB | 53/164 kBProgress (5): 1.6/2.7 MB | 1.3/1.5 MB | 279/335 kB | 238/240 kB | 53/164 kBProgress (5): 1.6/2.7 MB | 1.3/1.5 MB | 279/335 kB | 240 kB | 53/164 kB    Progress (5): 1.6/2.7 MB | 1.3/1.5 MB | 279/335 kB | 240 kB | 53/164 kBProgress (5): 1.6/2.7 MB | 1.3/1.5 MB | 279/335 kB | 240 kB | 53/164 kB                                                                       Downloaded from central: https://repo.maven.apache.org/maven2/org/springframework/boot/spring-boot-loader-tools/2.3.2.RELEASE/spring-boot-loader-tools-2.3.2.RELEASE.jar (240 kB at 393 kB/s)
Progress (4): 1.6/2.7 MB | 1.3/1.5 MB | 279/335 kB | 53/164 kBProgress (4): 1.6/2.7 MB | 1.3/1.5 MB | 279/335 kB | 53/164 kBProgress (4): 1.6/2.7 MB | 1.3/1.5 MB | 283/335 kB | 53/164 kBProgress (4): 1.6/2.7 MB | 1.3/1.5 MB | 287/335 kB | 53/164 kBProgress (4): 1.6/2.7 MB | 1.3/1.5 MB | 291/335 kB | 53/164 kBProgress (4): 1.6/2.7 MB | 1.3/1.5 MB | 295/335 kB | 53/164 kBProgress (4): 1.6/2.7 MB | 1.3/1.5 MB | 299/335 kB | 53/164 kBProgress (4): 1.6/2.7 MB | 1.3/1.5 MB | 303/335 kB | 53/164 kBProgress (4): 1.6/2.7 MB | 1.3/1.5 MB | 307/335 kB | 53/164 kBProgress (4): 1.6/2.7 MB | 1.3/1.5 MB | 311/335 kB | 53/164 kBProgress (4): 1.6/2.7 MB | 1.3/1.5 MB | 315/335 kB | 53/164 kBProgress (4): 1.6/2.7 MB | 1.3/1.5 MB | 319/335 kB | 53/164 kBProgress (4): 1.6/2.7 MB | 1.3/1.5 MB | 324/335 kB | 53/164 kBProgress (4): 1.6/2.7 MB | 1.3/1.5 MB | 328/335 kB | 53/164 kBProgress (4): 1.6/2.7 MB | 1.3/1.5 MB | 332/335 kB | 53/164 kBProgress (4): 1.6/2.7 MB | 1.3/1.5 MB | 335 kB | 53/164 kB                                                              Downloading from central: https://repo.maven.apache.org/maven2/org/apache/maven/maven-plugin-api/3.6.3/maven-plugin-api-3.6.3.jar
Progress (4): 1.6/2.7 MB | 1.3/1.5 MB | 335 kB | 53/164 kBProgress (4): 1.6/2.7 MB | 1.3/1.5 MB | 335 kB | 53/164 kBProgress (4): 1.6/2.7 MB | 1.3/1.5 MB | 335 kB | 53/164 kBProgress (4): 1.6/2.7 MB | 1.3/1.5 MB | 335 kB | 53/164 kBProgress (4): 1.6/2.7 MB | 1.3/1.5 MB | 335 kB | 53/164 kBProgress (4): 1.6/2.7 MB | 1.3/1.5 MB | 335 kB | 53/164 kBProgress (4): 1.6/2.7 MB | 1.3/1.5 MB | 335 kB | 57/164 kBProgress (4): 1.6/2.7 MB | 1.3/1.5 MB | 335 kB | 61/164 kBProgress (4): 1.6/2.7 MB | 1.3/1.5 MB | 335 kB | 66/164 kBProgress (4): 1.6/2.7 MB | 1.3/1.5 MB | 335 kB | 70/164 kBProgress (4): 1.6/2.7 MB | 1.3/1.5 MB | 335 kB | 74/164 kBProgress (4): 1.6/2.7 MB | 1.3/1.5 MB | 335 kB | 78/164 kBProgress (4): 1.6/2.7 MB | 1.3/1.5 MB | 335 kB | 82/164 kBProgress (4): 1.6/2.7 MB | 1.3/1.5 MB | 335 kB | 86/164 kBProgress (4): 1.6/2.7 MB | 1.3/1.5 MB | 335 kB | 90/164 kBProgress (4): 1.6/2.7 MB | 1.3/1.5 MB | 335 kB | 94/164 kBProgress (4): 1.6/2.7 MB | 1.3/1.5 MB | 335 kB | 98/164 kBProgress (4): 1.6/2.7 MB | 1.3/1.5 MB | 335 kB | 102/164 kBProgress (4): 1.6/2.7 MB | 1.3/1.5 MB | 335 kB | 106/164 kBProgress (4): 1.6/2.7 MB | 1.3/1.5 MB | 335 kB | 111/164 kBProgress (4): 1.6/2.7 MB | 1.3/1.5 MB | 335 kB | 115/164 kBProgress (4): 1.6/2.7 MB | 1.3/1.5 MB | 335 kB | 115/164 kBProgress (4): 1.6/2.7 MB | 1.3/1.5 MB | 335 kB | 115/164 kBProgress (4): 1.6/2.7 MB | 1.3/1.5 MB | 335 kB | 115/164 kBProgress (4): 1.6/2.7 MB | 1.4/1.5 MB | 335 kB | 115/164 kBProgress (4): 1.6/2.7 MB | 1.4/1.5 MB | 335 kB | 115/164 kBProgress (5): 1.6/2.7 MB | 1.4/1.5 MB | 335 kB | 115/164 kB | 4.1/47 kBProgress (5): 1.6/2.7 MB | 1.4/1.5 MB | 335 kB | 115/164 kB | 8.2/47 kBProgress (5): 1.6/2.7 MB | 1.4/1.5 MB | 335 kB | 115/164 kB | 12/47 kB Progress (5): 1.6/2.7 MB | 1.4/1.5 MB | 335 kB | 115/164 kB | 16/47 kBProgress (5): 1.6/2.7 MB | 1.4/1.5 MB | 335 kB | 115/164 kB | 20/47 kBProgress (5): 1.6/2.7 MB | 1.4/1.5 MB | 335 kB | 115/164 kB | 25/47 kBProgress (5): 1.6/2.7 MB | 1.4/1.5 MB | 335 kB | 115/164 kB | 25/47 kBProgress (5): 1.7/2.7 MB | 1.4/1.5 MB | 335 kB | 115/164 kB | 25/47 kBProgress (5): 1.7/2.7 MB | 1.4/1.5 MB | 335 kB | 119/164 kB | 25/47 kBProgress (5): 1.7/2.7 MB | 1.4/1.5 MB | 335 kB | 123/164 kB | 25/47 kBProgress (5): 1.7/2.7 MB | 1.4/1.5 MB | 335 kB | 123/164 kB | 25/47 kBProgress (5): 1.7/2.7 MB | 1.4/1.5 MB | 335 kB | 123/164 kB | 25/47 kBProgress (5): 1.7/2.7 MB | 1.4/1.5 MB | 335 kB | 123/164 kB | 25/47 kBProgress (5): 1.7/2.7 MB | 1.4/1.5 MB | 335 kB | 123/164 kB | 25/47 kBProgress (5): 1.7/2.7 MB | 1.4/1.5 MB | 335 kB | 123/164 kB | 25/47 kBProgress (5): 1.7/2.7 MB | 1.4/1.5 MB | 335 kB | 123/164 kB | 25/47 kB                                                                      Downloaded from central: https://repo.maven.apache.org/maven2/commons-codec/commons-codec/1.11/commons-codec-1.11.jar (335 kB at 502 kB/s)
Downloading from central: https://repo.maven.apache.org/maven2/org/eclipse/sisu/org.eclipse.sisu.plexus/0.3.4/org.eclipse.sisu.plexus-0.3.4.jar
Progress (4): 1.7/2.7 MB | 1.4/1.5 MB | 127/164 kB | 25/47 kBProgress (4): 1.7/2.7 MB | 1.4/1.5 MB | 131/164 kB | 25/47 kBProgress (4): 1.7/2.7 MB | 1.4/1.5 MB | 135/164 kB | 25/47 kBProgress (4): 1.7/2.7 MB | 1.4/1.5 MB | 135/164 kB | 29/47 kBProgress (4): 1.7/2.7 MB | 1.4/1.5 MB | 135/164 kB | 33/47 kBProgress (5): 1.7/2.7 MB | 1.4/1.5 MB | 135/164 kB | 33/47 kB | 4.1/205 kBProgress (5): 1.7/2.7 MB | 1.4/1.5 MB | 135/164 kB | 33/47 kB | 4.1/205 kBProgress (5): 1.7/2.7 MB | 1.4/1.5 MB | 135/164 kB | 33/47 kB | 4.1/205 kBProgress (5): 1.7/2.7 MB | 1.4/1.5 MB | 135/164 kB | 33/47 kB | 4.1/205 kBProgress (5): 1.7/2.7 MB | 1.4/1.5 MB | 135/164 kB | 33/47 kB | 8.2/205 kBProgress (5): 1.7/2.7 MB | 1.4/1.5 MB | 135/164 kB | 33/47 kB | 12/205 kB Progress (5): 1.7/2.7 MB | 1.4/1.5 MB | 135/164 kB | 33/47 kB | 16/205 kBProgress (5): 1.7/2.7 MB | 1.4/1.5 MB | 135/164 kB | 33/47 kB | 20/205 kBProgress (5): 1.7/2.7 MB | 1.4/1.5 MB | 135/164 kB | 33/47 kB | 25/205 kBProgress (5): 1.7/2.7 MB | 1.4/1.5 MB | 135/164 kB | 33/47 kB | 29/205 kBProgress (5): 1.7/2.7 MB | 1.4/1.5 MB | 135/164 kB | 33/47 kB | 33/205 kBProgress (5): 1.7/2.7 MB | 1.4/1.5 MB | 135/164 kB | 33/47 kB | 37/205 kBProgress (5): 1.7/2.7 MB | 1.4/1.5 MB | 135/164 kB | 33/47 kB | 41/205 kBProgress (5): 1.7/2.7 MB | 1.4/1.5 MB | 135/164 kB | 33/47 kB | 45/205 kBProgress (5): 1.7/2.7 MB | 1.4/1.5 MB | 135/164 kB | 37/47 kB | 45/205 kBProgress (5): 1.7/2.7 MB | 1.4/1.5 MB | 135/164 kB | 41/47 kB | 45/205 kBProgress (5): 1.7/2.7 MB | 1.4/1.5 MB | 135/164 kB | 45/47 kB | 45/205 kBProgress (5): 1.7/2.7 MB | 1.4/1.5 MB | 135/164 kB | 47 kB | 45/205 kB   Progress (5): 1.7/2.7 MB | 1.4/1.5 MB | 139/164 kB | 47 kB | 45/205 kBProgress (5): 1.7/2.7 MB | 1.4/1.5 MB | 143/164 kB | 47 kB | 45/205 kBProgress (5): 1.7/2.7 MB | 1.4/1.5 MB | 147/164 kB | 47 kB | 45/205 kBProgress (5): 1.7/2.7 MB | 1.4/1.5 MB | 152/164 kB | 47 kB | 45/205 kBProgress (5): 1.7/2.7 MB | 1.4/1.5 MB | 156/164 kB | 47 kB | 45/205 kBProgress (5): 1.7/2.7 MB | 1.4/1.5 MB | 156/164 kB | 47 kB | 45/205 kBProgress (5): 1.7/2.7 MB | 1.4/1.5 MB | 156/164 kB | 47 kB | 45/205 kBProgress (5): 1.7/2.7 MB | 1.4/1.5 MB | 160/164 kB | 47 kB | 45/205 kBProgress (5): 1.7/2.7 MB | 1.4/1.5 MB | 164 kB | 47 kB | 45/205 kB                                                                      Downloaded from central: https://repo.maven.apache.org/maven2/org/apache/maven/maven-plugin-api/3.6.3/maven-plugin-api-3.6.3.jar (47 kB at 69 kB/s)
Downloading from central: https://repo.maven.apache.org/maven2/javax/enterprise/cdi-api/1.0/cdi-api-1.0.jar
Progress (4): 1.7/2.7 MB | 1.4/1.5 MB | 164 kB | 45/205 kBProgress (4): 1.7/2.7 MB | 1.4/1.5 MB | 164 kB | 45/205 kBProgress (4): 1.8/2.7 MB | 1.4/1.5 MB | 164 kB | 45/205 kBProgress (4): 1.8/2.7 MB | 1.4/1.5 MB | 164 kB | 45/205 kBProgress (4): 1.8/2.7 MB | 1.4/1.5 MB | 164 kB | 45/205 kBProgress (4): 1.8/2.7 MB | 1.4/1.5 MB | 164 kB | 45/205 kBProgress (4): 1.8/2.7 MB | 1.4/1.5 MB | 164 kB | 45/205 kBProgress (4): 1.8/2.7 MB | 1.4/1.5 MB | 164 kB | 45/205 kBProgress (4): 1.8/2.7 MB | 1.4/1.5 MB | 164 kB | 45/205 kBProgress (4): 1.8/2.7 MB | 1.5/1.5 MB | 164 kB | 45/205 kBProgress (4): 1.8/2.7 MB | 1.5/1.5 MB | 164 kB | 45/205 kBProgress (4): 1.8/2.7 MB | 1.5/1.5 MB | 164 kB | 45/205 kBProgress (5): 1.8/2.7 MB | 1.5/1.5 MB | 164 kB | 45/205 kB | 4.1/45 kBProgress (5): 1.8/2.7 MB | 1.5/1.5 MB | 164 kB | 45/205 kB | 8.2/45 kBProgress (5): 1.8/2.7 MB | 1.5/1.5 MB | 164 kB | 45/205 kB | 12/45 kB Progress (5): 1.8/2.7 MB | 1.5/1.5 MB | 164 kB | 45/205 kB | 16/45 kBProgress (5): 1.8/2.7 MB | 1.5/1.5 MB | 164 kB | 45/205 kB | 20/45 kBProgress (5): 1.8/2.7 MB | 1.5/1.5 MB | 164 kB | 45/205 kB | 25/45 kBProgress (5): 1.8/2.7 MB | 1.5/1.5 MB | 164 kB | 45/205 kB | 29/45 kBProgress (5): 1.8/2.7 MB | 1.5/1.5 MB | 164 kB | 45/205 kB | 33/45 kB                                                                     Downloaded from central: https://repo.maven.apache.org/maven2/org/apache/maven/shared/maven-shared-utils/3.1.0/maven-shared-utils-3.1.0.jar (164 kB at 229 kB/s)
Downloading from central: https://repo.maven.apache.org/maven2/javax/annotation/jsr250-api/1.0/jsr250-api-1.0.jar
Progress (4): 1.8/2.7 MB | 1.5/1.5 MB | 49/205 kB | 33/45 kBProgress (4): 1.8/2.7 MB | 1.5/1.5 MB | 53/205 kB | 33/45 kBProgress (4): 1.8/2.7 MB | 1.5/1.5 MB | 57/205 kB | 33/45 kBProgress (4): 1.8/2.7 MB | 1.5/1.5 MB | 61/205 kB | 33/45 kBProgress (4): 1.8/2.7 MB | 1.5/1.5 MB | 66/205 kB | 33/45 kBProgress (4): 1.8/2.7 MB | 1.5/1.5 MB | 70/205 kB | 33/45 kBProgress (4): 1.8/2.7 MB | 1.5/1.5 MB | 74/205 kB | 33/45 kBProgress (4): 1.8/2.7 MB | 1.5/1.5 MB | 78/205 kB | 33/45 kBProgress (4): 1.8/2.7 MB | 1.5/1.5 MB | 82/205 kB | 33/45 kBProgress (5): 1.8/2.7 MB | 1.5/1.5 MB | 82/205 kB | 33/45 kB | 4.1/5.8 kBProgress (5): 1.8/2.7 MB | 1.5/1.5 MB | 82/205 kB | 33/45 kB | 5.8 kB    Progress (5): 1.8/2.7 MB | 1.5/1.5 MB | 82/205 kB | 33/45 kB | 5.8 kBProgress (5): 1.8/2.7 MB | 1.5/1.5 MB | 82/205 kB | 33/45 kB | 5.8 kBProgress (5): 1.8/2.7 MB | 1.5/1.5 MB | 82/205 kB | 33/45 kB | 5.8 kBProgress (5): 1.8/2.7 MB | 1.5/1.5 MB | 82/205 kB | 33/45 kB | 5.8 kBProgress (5): 1.8/2.7 MB | 1.5 MB | 82/205 kB | 33/45 kB | 5.8 kB    Progress (5): 1.8/2.7 MB | 1.5 MB | 82/205 kB | 37/45 kB | 5.8 kBProgress (5): 1.8/2.7 MB | 1.5 MB | 82/205 kB | 41/45 kB | 5.8 kBProgress (5): 1.8/2.7 MB | 1.5 MB | 82/205 kB | 45 kB | 5.8 kB   Progress (5): 1.8/2.7 MB | 1.5 MB | 82/205 kB | 45 kB | 5.8 kBProgress (5): 1.8/2.7 MB | 1.5 MB | 86/205 kB | 45 kB | 5.8 kBProgress (5): 1.8/2.7 MB | 1.5 MB | 90/205 kB | 45 kB | 5.8 kBProgress (5): 1.8/2.7 MB | 1.5 MB | 94/205 kB | 45 kB | 5.8 kBProgress (5): 1.8/2.7 MB | 1.5 MB | 98/205 kB | 45 kB | 5.8 kBProgress (5): 1.8/2.7 MB | 1.5 MB | 102/205 kB | 45 kB | 5.8 kBProgress (5): 1.8/2.7 MB | 1.5 MB | 106/205 kB | 45 kB | 5.8 kBProgress (5): 1.8/2.7 MB | 1.5 MB | 111/205 kB | 45 kB | 5.8 kBProgress (5): 1.8/2.7 MB | 1.5 MB | 115/205 kB | 45 kB | 5.8 kBProgress (5): 1.8/2.7 MB | 1.5 MB | 119/205 kB | 45 kB | 5.8 kBProgress (5): 1.8/2.7 MB | 1.5 MB | 123/205 kB | 45 kB | 5.8 kBProgress (5): 1.8/2.7 MB | 1.5 MB | 127/205 kB | 45 kB | 5.8 kBProgress (5): 1.8/2.7 MB | 1.5 MB | 131/205 kB | 45 kB | 5.8 kBProgress (5): 1.8/2.7 MB | 1.5 MB | 135/205 kB | 45 kB | 5.8 kBProgress (5): 1.8/2.7 MB | 1.5 MB | 139/205 kB | 45 kB | 5.8 kBProgress (5): 1.8/2.7 MB | 1.5 MB | 143/205 kB | 45 kB | 5.8 kBProgress (5): 1.8/2.7 MB | 1.5 MB | 147/205 kB | 45 kB | 5.8 kBProgress (5): 1.8/2.7 MB | 1.5 MB | 147/205 kB | 45 kB | 5.8 kBProgress (5): 1.9/2.7 MB | 1.5 MB | 147/205 kB | 45 kB | 5.8 kB                                                               Downloaded from central: https://repo.maven.apache.org/maven2/javax/annotation/jsr250-api/1.0/jsr250-api-1.0.jar (5.8 kB at 7.8 kB/s)
Downloading from central: https://repo.maven.apache.org/maven2/javax/inject/javax.inject/1/javax.inject-1.jar
Downloaded from central: https://repo.maven.apache.org/maven2/javax/enterprise/cdi-api/1.0/cdi-api-1.0.jar (45 kB at 60 kB/s)
Downloading from central: https://repo.maven.apache.org/maven2/org/eclipse/sisu/org.eclipse.sisu.inject/0.3.4/org.eclipse.sisu.inject-0.3.4.jar
Progress (3): 1.9/2.7 MB | 1.5 MB | 147/205 kBProgress (3): 1.9/2.7 MB | 1.5 MB | 147/205 kB                                              Downloaded from central: https://repo.maven.apache.org/maven2/net/java/dev/jna/jna/5.5.0/jna-5.5.0.jar (1.5 MB at 2.0 MB/s)
Downloading from central: https://repo.maven.apache.org/maven2/org/codehaus/plexus/plexus-utils/3.2.1/plexus-utils-3.2.1.jar
Progress (3): 1.9/2.7 MB | 147/205 kB | 2.5 kBProgress (3): 1.9/2.7 MB | 147/205 kB | 2.5 kBProgress (3): 1.9/2.7 MB | 152/205 kB | 2.5 kBProgress (3): 1.9/2.7 MB | 156/205 kB | 2.5 kBProgress (3): 1.9/2.7 MB | 160/205 kB | 2.5 kBProgress (3): 1.9/2.7 MB | 164/205 kB | 2.5 kBProgress (3): 1.9/2.7 MB | 168/205 kB | 2.5 kBProgress (4): 1.9/2.7 MB | 168/205 kB | 2.5 kB | 4.1/262 kBProgress (4): 1.9/2.7 MB | 168/205 kB | 2.5 kB | 8.2/262 kBProgress (4): 1.9/2.7 MB | 168/205 kB | 2.5 kB | 12/262 kB Progress (4): 1.9/2.7 MB | 168/205 kB | 2.5 kB | 16/262 kBProgress (4): 1.9/2.7 MB | 168/205 kB | 2.5 kB | 20/262 kBProgress (4): 1.9/2.7 MB | 168/205 kB | 2.5 kB | 25/262 kBProgress (4): 1.9/2.7 MB | 168/205 kB | 2.5 kB | 29/262 kBProgress (4): 1.9/2.7 MB | 168/205 kB | 2.5 kB | 33/262 kBProgress (4): 1.9/2.7 MB | 168/205 kB | 2.5 kB | 37/262 kBProgress (4): 1.9/2.7 MB | 168/205 kB | 2.5 kB | 41/262 kBProgress (4): 1.9/2.7 MB | 168/205 kB | 2.5 kB | 45/262 kBProgress (4): 1.9/2.7 MB | 168/205 kB | 2.5 kB | 49/262 kBProgress (4): 1.9/2.7 MB | 168/205 kB | 2.5 kB | 53/262 kBProgress (4): 1.9/2.7 MB | 168/205 kB | 2.5 kB | 57/262 kBProgress (4): 1.9/2.7 MB | 168/205 kB | 2.5 kB | 61/262 kBProgress (4): 1.9/2.7 MB | 168/205 kB | 2.5 kB | 66/262 kBProgress (5): 1.9/2.7 MB | 168/205 kB | 2.5 kB | 66/262 kB | 4.1/379 kBProgress (5): 1.9/2.7 MB | 168/205 kB | 2.5 kB | 66/262 kB | 8.2/379 kBProgress (5): 1.9/2.7 MB | 168/205 kB | 2.5 kB | 66/262 kB | 12/379 kB Progress (5): 1.9/2.7 MB | 168/205 kB | 2.5 kB | 66/262 kB | 16/379 kBProgress (5): 1.9/2.7 MB | 168/205 kB | 2.5 kB | 66/262 kB | 20/379 kBProgress (5): 1.9/2.7 MB | 168/205 kB | 2.5 kB | 66/262 kB | 25/379 kBProgress (5): 1.9/2.7 MB | 168/205 kB | 2.5 kB | 66/262 kB | 29/379 kBProgress (5): 1.9/2.7 MB | 168/205 kB | 2.5 kB | 66/262 kB | 33/379 kBProgress (5): 1.9/2.7 MB | 168/205 kB | 2.5 kB | 66/262 kB | 37/379 kBProgress (5): 1.9/2.7 MB | 168/205 kB | 2.5 kB | 66/262 kB | 41/379 kBProgress (5): 1.9/2.7 MB | 168/205 kB | 2.5 kB | 66/262 kB | 45/379 kBProgress (5): 1.9/2.7 MB | 168/205 kB | 2.5 kB | 66/262 kB | 49/379 kB                                                                      Downloaded from central: https://repo.maven.apache.org/maven2/javax/inject/javax.inject/1/javax.inject-1.jar (2.5 kB at 3.1 kB/s)
Downloading from central: https://repo.maven.apache.org/maven2/org/codehaus/plexus/plexus-classworlds/2.6.0/plexus-classworlds-2.6.0.jar
Progress (4): 1.9/2.7 MB | 172/205 kB | 66/262 kB | 49/379 kBProgress (4): 1.9/2.7 MB | 176/205 kB | 66/262 kB | 49/379 kBProgress (4): 1.9/2.7 MB | 180/205 kB | 66/262 kB | 49/379 kBProgress (4): 1.9/2.7 MB | 184/205 kB | 66/262 kB | 49/379 kBProgress (4): 1.9/2.7 MB | 188/205 kB | 66/262 kB | 49/379 kBProgress (4): 1.9/2.7 MB | 193/205 kB | 66/262 kB | 49/379 kBProgress (4): 1.9/2.7 MB | 197/205 kB | 66/262 kB | 49/379 kBProgress (4): 1.9/2.7 MB | 201/205 kB | 66/262 kB | 49/379 kBProgress (4): 1.9/2.7 MB | 205/205 kB | 66/262 kB | 49/379 kBProgress (4): 1.9/2.7 MB | 205 kB | 66/262 kB | 49/379 kB    Progress (4): 1.9/2.7 MB | 205 kB | 66/262 kB | 49/379 kBProgress (4): 1.9/2.7 MB | 205 kB | 66/262 kB | 49/379 kBProgress (4): 2.0/2.7 MB | 205 kB | 66/262 kB | 49/379 kBProgress (4): 2.0/2.7 MB | 205 kB | 66/262 kB | 49/379 kBProgress (4): 2.0/2.7 MB | 205 kB | 66/262 kB | 49/379 kBProgress (4): 2.0/2.7 MB | 205 kB | 66/262 kB | 49/379 kBProgress (5): 2.0/2.7 MB | 205 kB | 66/262 kB | 49/379 kB | 4.1/53 kBProgress (5): 2.0/2.7 MB | 205 kB | 66/262 kB | 49/379 kB | 8.2/53 kBProgress (5): 2.0/2.7 MB | 205 kB | 66/262 kB | 49/379 kB | 12/53 kB Progress (5): 2.0/2.7 MB | 205 kB | 66/262 kB | 49/379 kB | 16/53 kBProgress (5): 2.0/2.7 MB | 205 kB | 66/262 kB | 53/379 kB | 16/53 kBProgress (5): 2.0/2.7 MB | 205 kB | 66/262 kB | 57/379 kB | 16/53 kBProgress (5): 2.0/2.7 MB | 205 kB | 66/262 kB | 61/379 kB | 16/53 kBProgress (5): 2.0/2.7 MB | 205 kB | 66/262 kB | 66/379 kB | 16/53 kBProgress (5): 2.0/2.7 MB | 205 kB | 70/262 kB | 66/379 kB | 16/53 kBProgress (5): 2.0/2.7 MB | 205 kB | 74/262 kB | 66/379 kB | 16/53 kBProgress (5): 2.0/2.7 MB | 205 kB | 78/262 kB | 66/379 kB | 16/53 kBProgress (5): 2.0/2.7 MB | 205 kB | 82/262 kB | 66/379 kB | 16/53 kBProgress (5): 2.0/2.7 MB | 205 kB | 86/262 kB | 66/379 kB | 16/53 kBProgress (5): 2.0/2.7 MB | 205 kB | 90/262 kB | 66/379 kB | 16/53 kBProgress (5): 2.0/2.7 MB | 205 kB | 94/262 kB | 66/379 kB | 16/53 kBProgress (5): 2.0/2.7 MB | 205 kB | 98/262 kB | 66/379 kB | 16/53 kBProgress (5): 2.0/2.7 MB | 205 kB | 102/262 kB | 66/379 kB | 16/53 kBProgress (5): 2.0/2.7 MB | 205 kB | 106/262 kB | 66/379 kB | 16/53 kBProgress (5): 2.0/2.7 MB | 205 kB | 111/262 kB | 66/379 kB | 16/53 kBProgress (5): 2.0/2.7 MB | 205 kB | 115/262 kB | 66/379 kB | 16/53 kBProgress (5): 2.0/2.7 MB | 205 kB | 115/262 kB | 66/379 kB | 20/53 kBProgress (5): 2.0/2.7 MB | 205 kB | 115/262 kB | 66/379 kB | 25/53 kBProgress (5): 2.0/2.7 MB | 205 kB | 115/262 kB | 66/379 kB | 29/53 kBProgress (5): 2.0/2.7 MB | 205 kB | 115/262 kB | 66/379 kB | 33/53 kBProgress (5): 2.0/2.7 MB | 205 kB | 115/262 kB | 66/379 kB | 37/53 kBProgress (5): 2.0/2.7 MB | 205 kB | 115/262 kB | 66/379 kB | 41/53 kBProgress (5): 2.0/2.7 MB | 205 kB | 115/262 kB | 66/379 kB | 45/53 kBProgress (5): 2.0/2.7 MB | 205 kB | 115/262 kB | 66/379 kB | 49/53 kBProgress (5): 2.0/2.7 MB | 205 kB | 115/262 kB | 66/379 kB | 53 kB   Progress (5): 2.0/2.7 MB | 205 kB | 115/262 kB | 70/379 kB | 53 kBProgress (5): 2.0/2.7 MB | 205 kB | 115/262 kB | 74/379 kB | 53 kBProgress (5): 2.0/2.7 MB | 205 kB | 115/262 kB | 78/379 kB | 53 kBProgress (5): 2.0/2.7 MB | 205 kB | 115/262 kB | 78/379 kB | 53 kB                                                                  Downloaded from central: https://repo.maven.apache.org/maven2/org/eclipse/sisu/org.eclipse.sisu.plexus/0.3.4/org.eclipse.sisu.plexus-0.3.4.jar (205 kB at 246 kB/s)
Progress (4): 2.0/2.7 MB | 115/262 kB | 78/379 kB | 53 kBProgress (4): 2.1/2.7 MB | 115/262 kB | 78/379 kB | 53 kBProgress (4): 2.1/2.7 MB | 115/262 kB | 78/379 kB | 53 kBProgress (4): 2.1/2.7 MB | 115/262 kB | 78/379 kB | 53 kB                                                         Downloaded from central: https://repo.maven.apache.org/maven2/org/codehaus/plexus/plexus-classworlds/2.6.0/plexus-classworlds-2.6.0.jar (53 kB at 63 kB/s)
Progress (3): 2.1/2.7 MB | 115/262 kB | 82/379 kBProgress (3): 2.1/2.7 MB | 115/262 kB | 86/379 kBProgress (3): 2.1/2.7 MB | 115/262 kB | 90/379 kBProgress (3): 2.1/2.7 MB | 115/262 kB | 94/379 kBProgress (3): 2.1/2.7 MB | 115/262 kB | 98/379 kBProgress (3): 2.1/2.7 MB | 119/262 kB | 98/379 kBProgress (3): 2.1/2.7 MB | 123/262 kB | 98/379 kBProgress (3): 2.1/2.7 MB | 127/262 kB | 98/379 kBProgress (3): 2.1/2.7 MB | 131/262 kB | 98/379 kBProgress (3): 2.1/2.7 MB | 135/262 kB | 98/379 kBProgress (3): 2.1/2.7 MB | 139/262 kB | 98/379 kBProgress (3): 2.1/2.7 MB | 143/262 kB | 98/379 kBProgress (3): 2.1/2.7 MB | 147/262 kB | 98/379 kBProgress (3): 2.1/2.7 MB | 152/262 kB | 98/379 kBProgress (3): 2.1/2.7 MB | 156/262 kB | 98/379 kBProgress (3): 2.1/2.7 MB | 160/262 kB | 98/379 kBProgress (3): 2.1/2.7 MB | 164/262 kB | 98/379 kBProgress (3): 2.1/2.7 MB | 168/262 kB | 98/379 kBProgress (3): 2.1/2.7 MB | 172/262 kB | 98/379 kBProgress (3): 2.1/2.7 MB | 176/262 kB | 98/379 kBProgress (3): 2.1/2.7 MB | 180/262 kB | 98/379 kBProgress (3): 2.1/2.7 MB | 180/262 kB | 102/379 kBProgress (3): 2.1/2.7 MB | 180/262 kB | 106/379 kBProgress (3): 2.1/2.7 MB | 180/262 kB | 111/379 kBProgress (3): 2.1/2.7 MB | 180/262 kB | 115/379 kBProgress (3): 2.1/2.7 MB | 180/262 kB | 119/379 kBProgress (3): 2.1/2.7 MB | 180/262 kB | 123/379 kBProgress (3): 2.1/2.7 MB | 180/262 kB | 127/379 kBProgress (3): 2.1/2.7 MB | 180/262 kB | 131/379 kBProgress (3): 2.1/2.7 MB | 180/262 kB | 135/379 kBProgress (3): 2.1/2.7 MB | 180/262 kB | 135/379 kBProgress (3): 2.1/2.7 MB | 180/262 kB | 135/379 kBProgress (3): 2.1/2.7 MB | 180/262 kB | 135/379 kBProgress (3): 2.1/2.7 MB | 180/262 kB | 135/379 kBProgress (3): 2.2/2.7 MB | 180/262 kB | 135/379 kBProgress (3): 2.2/2.7 MB | 184/262 kB | 135/379 kBProgress (3): 2.2/2.7 MB | 188/262 kB | 135/379 kBProgress (3): 2.2/2.7 MB | 193/262 kB | 135/379 kBProgress (3): 2.2/2.7 MB | 197/262 kB | 135/379 kBProgress (3): 2.2/2.7 MB | 201/262 kB | 135/379 kBProgress (3): 2.2/2.7 MB | 205/262 kB | 135/379 kBProgress (3): 2.2/2.7 MB | 209/262 kB | 135/379 kBProgress (3): 2.2/2.7 MB | 213/262 kB | 135/379 kBProgress (3): 2.2/2.7 MB | 217/262 kB | 135/379 kBProgress (3): 2.2/2.7 MB | 221/262 kB | 135/379 kBProgress (3): 2.2/2.7 MB | 221/262 kB | 139/379 kBProgress (3): 2.2/2.7 MB | 221/262 kB | 143/379 kBProgress (3): 2.2/2.7 MB | 221/262 kB | 147/379 kBProgress (3): 2.2/2.7 MB | 221/262 kB | 152/379 kBProgress (3): 2.2/2.7 MB | 221/262 kB | 156/379 kBProgress (3): 2.2/2.7 MB | 221/262 kB | 160/379 kBProgress (3): 2.2/2.7 MB | 221/262 kB | 164/379 kBProgress (3): 2.2/2.7 MB | 221/262 kB | 168/379 kBProgress (3): 2.2/2.7 MB | 221/262 kB | 172/379 kBProgress (3): 2.2/2.7 MB | 221/262 kB | 176/379 kBProgress (3): 2.2/2.7 MB | 221/262 kB | 180/379 kBProgress (3): 2.2/2.7 MB | 225/262 kB | 180/379 kBProgress (3): 2.2/2.7 MB | 229/262 kB | 180/379 kBProgress (3): 2.2/2.7 MB | 233/262 kB | 180/379 kBProgress (3): 2.2/2.7 MB | 238/262 kB | 180/379 kBProgress (3): 2.2/2.7 MB | 242/262 kB | 180/379 kBProgress (3): 2.2/2.7 MB | 246/262 kB | 180/379 kBProgress (3): 2.2/2.7 MB | 246/262 kB | 180/379 kBProgress (3): 2.2/2.7 MB | 246/262 kB | 180/379 kBProgress (3): 2.2/2.7 MB | 246/262 kB | 184/379 kBProgress (3): 2.2/2.7 MB | 246/262 kB | 188/379 kBProgress (3): 2.2/2.7 MB | 246/262 kB | 193/379 kBProgress (3): 2.2/2.7 MB | 246/262 kB | 197/379 kBProgress (3): 2.2/2.7 MB | 246/262 kB | 201/379 kBProgress (3): 2.2/2.7 MB | 246/262 kB | 205/379 kBProgress (3): 2.2/2.7 MB | 246/262 kB | 209/379 kBProgress (3): 2.2/2.7 MB | 246/262 kB | 213/379 kBProgress (3): 2.2/2.7 MB | 246/262 kB | 217/379 kBProgress (3): 2.2/2.7 MB | 246/262 kB | 217/379 kBProgress (3): 2.2/2.7 MB | 246/262 kB | 217/379 kBProgress (3): 2.2/2.7 MB | 250/262 kB | 217/379 kBProgress (3): 2.2/2.7 MB | 254/262 kB | 217/379 kBProgress (3): 2.2/2.7 MB | 258/262 kB | 217/379 kBProgress (3): 2.2/2.7 MB | 262 kB | 217/379 kB    Progress (3): 2.2/2.7 MB | 262 kB | 221/379 kBProgress (3): 2.2/2.7 MB | 262 kB | 225/379 kBProgress (3): 2.2/2.7 MB | 262 kB | 229/379 kBProgress (3): 2.2/2.7 MB | 262 kB | 233/379 kBProgress (3): 2.2/2.7 MB | 262 kB | 238/379 kBProgress (3): 2.2/2.7 MB | 262 kB | 242/379 kBProgress (3): 2.2/2.7 MB | 262 kB | 246/379 kBProgress (3): 2.2/2.7 MB | 262 kB | 250/379 kBProgress (3): 2.2/2.7 MB | 262 kB | 250/379 kBProgress (3): 2.3/2.7 MB | 262 kB | 250/379 kBProgress (3): 2.3/2.7 MB | 262 kB | 250/379 kB                                              Downloaded from central: https://repo.maven.apache.org/maven2/org/codehaus/plexus/plexus-utils/3.2.1/plexus-utils-3.2.1.jar (262 kB at 291 kB/s)
Progress (2): 2.3/2.7 MB | 254/379 kBProgress (2): 2.3/2.7 MB | 258/379 kBProgress (2): 2.3/2.7 MB | 262/379 kBProgress (2): 2.3/2.7 MB | 266/379 kBProgress (2): 2.3/2.7 MB | 270/379 kBProgress (2): 2.3/2.7 MB | 270/379 kBProgress (2): 2.3/2.7 MB | 270/379 kBProgress (2): 2.3/2.7 MB | 270/379 kBProgress (2): 2.3/2.7 MB | 274/379 kBProgress (2): 2.3/2.7 MB | 279/379 kBProgress (2): 2.3/2.7 MB | 283/379 kBProgress (2): 2.3/2.7 MB | 287/379 kBProgress (2): 2.3/2.7 MB | 291/379 kBProgress (2): 2.3/2.7 MB | 295/379 kBProgress (2): 2.3/2.7 MB | 299/379 kBProgress (2): 2.3/2.7 MB | 303/379 kBProgress (2): 2.3/2.7 MB | 307/379 kBProgress (2): 2.3/2.7 MB | 311/379 kBProgress (2): 2.3/2.7 MB | 315/379 kBProgress (2): 2.3/2.7 MB | 319/379 kBProgress (2): 2.3/2.7 MB | 319/379 kBProgress (2): 2.4/2.7 MB | 319/379 kBProgress (2): 2.4/2.7 MB | 319/379 kBProgress (2): 2.4/2.7 MB | 319/379 kBProgress (2): 2.4/2.7 MB | 324/379 kBProgress (2): 2.4/2.7 MB | 328/379 kBProgress (2): 2.4/2.7 MB | 332/379 kBProgress (2): 2.4/2.7 MB | 336/379 kBProgress (2): 2.4/2.7 MB | 340/379 kBProgress (2): 2.4/2.7 MB | 344/379 kBProgress (2): 2.4/2.7 MB | 348/379 kBProgress (2): 2.4/2.7 MB | 352/379 kBProgress (2): 2.4/2.7 MB | 356/379 kBProgress (2): 2.4/2.7 MB | 360/379 kBProgress (2): 2.4/2.7 MB | 365/379 kBProgress (2): 2.4/2.7 MB | 369/379 kBProgress (2): 2.4/2.7 MB | 369/379 kBProgress (2): 2.4/2.7 MB | 369/379 kBProgress (2): 2.4/2.7 MB | 369/379 kBProgress (2): 2.5/2.7 MB | 369/379 kBProgress (2): 2.5/2.7 MB | 369/379 kBProgress (2): 2.5/2.7 MB | 373/379 kBProgress (2): 2.5/2.7 MB | 377/379 kBProgress (2): 2.5/2.7 MB | 379 kB    Progress (2): 2.5/2.7 MB | 379 kBProgress (2): 2.5/2.7 MB | 379 kB                                 Downloaded from central: https://repo.maven.apache.org/maven2/org/eclipse/sisu/org.eclipse.sisu.inject/0.3.4/org.eclipse.sisu.inject-0.3.4.jar (379 kB at 404 kB/s)
Progress (1): 2.5/2.7 MBProgress (1): 2.5/2.7 MBProgress (1): 2.6/2.7 MBProgress (1): 2.6/2.7 MBProgress (1): 2.6/2.7 MBProgress (1): 2.6/2.7 MBProgress (1): 2.6/2.7 MBProgress (1): 2.6/2.7 MBProgress (1): 2.7/2.7 MBProgress (1): 2.7/2.7 MBProgress (1): 2.7 MB                        Downloaded from central: https://repo.maven.apache.org/maven2/net/java/dev/jna/jna-platform/5.5.0/jna-platform-5.5.0.jar (2.7 MB at 2.8 MB/s)
[INFO] Replacing main artifact with repackaged archive
[INFO] ------------------------------------------------------------------------
[INFO] BUILD SUCCESS
[INFO] ------------------------------------------------------------------------
[INFO] Total time:  27.421 s
[INFO] Finished at: 2021-11-05T13:55:57Z
[INFO] ------------------------------------------------------------------------
Finished: SUCCESS
