Started by user admin
Running as SYSTEM
Building in workspace /var/jenkins_home/workspace/eCommerceAppBuild
[WS-CLEANUP] Deleting project workspace...
[WS-CLEANUP] Deferred wipeout is used...
[WS-CLEANUP] Done
The recommended git tool is: NONE
using credential e139137c-78ab-404e-90b2-357538b26058
Cloning the remote Git repository
Cloning repository https://github.com/ahmealy/eCommerce-App
 > git init /var/jenkins_home/workspace/eCommerceAppBuild # timeout=10
Fetching upstream changes from https://github.com/ahmealy/eCommerce-App
 > git --version # timeout=10
 > git --version # 'git version 2.32.0'
using GIT_SSH to set credentials 
 > git fetch --tags --force --progress -- https://github.com/ahmealy/eCommerce-App +refs/heads/*:refs/remotes/origin/* # timeout=10
 > git config remote.origin.url https://github.com/ahmealy/eCommerce-App # timeout=10
 > git config --add remote.origin.fetch +refs/heads/*:refs/remotes/origin/* # timeout=10
Avoid second fetch
 > git rev-parse refs/remotes/origin/master^{commit} # timeout=10
Checking out Revision 0be50645d347258f19c30416464a5f42946979f5 (refs/remotes/origin/master)
 > git config core.sparsecheckout # timeout=10
 > git checkout -f 0be50645d347258f19c30416464a5f42946979f5 # timeout=10
Commit message: "Change packaging to war"
 > git rev-list --no-walk 0be50645d347258f19c30416464a5f42946979f5 # timeout=10
[eCommerceAppBuild] $ /var/jenkins_home/tools/hudson.tasks.Maven_MavenInstallation/Maven_3.6.3/bin/mvn -f starter_code/pom.xml clean compile package
[INFO] Scanning for projects...
[INFO] 
[INFO] ---------------------< com.example:ecommerce-app >----------------------
[INFO] Building ecommerce-application 0.0.1-SNAPSHOT
[INFO] --------------------------------[ war ]---------------------------------
[INFO] 
[INFO] --- maven-clean-plugin:3.1.0:clean (default-clean) @ ecommerce-app ---
[INFO] Deleting /var/jenkins_home/workspace/eCommerceAppBuild/starter_code/target
[INFO] 
[INFO] --- maven-resources-plugin:3.1.0:resources (default-resources) @ ecommerce-app ---
[INFO] Using 'UTF-8' encoding to copy filtered resources.
[INFO] Copying 1 resource
[INFO] Copying 2 resources
[INFO] 
[INFO] --- maven-compiler-plugin:3.8.1:compile (default-compile) @ ecommerce-app ---
[INFO] Changes detected - recompiling the module!
[INFO] Compiling 20 source files to /var/jenkins_home/workspace/eCommerceAppBuild/starter_code/target/classes
[INFO] 
[INFO] --- maven-resources-plugin:3.1.0:resources (default-resources) @ ecommerce-app ---
[INFO] Using 'UTF-8' encoding to copy filtered resources.
[INFO] Copying 1 resource
[INFO] Copying 2 resources
[INFO] 
[INFO] --- maven-compiler-plugin:3.8.1:compile (default-compile) @ ecommerce-app ---
[INFO] Changes detected - recompiling the module!
[INFO] Compiling 20 source files to /var/jenkins_home/workspace/eCommerceAppBuild/starter_code/target/classes
[INFO] 
[INFO] --- maven-resources-plugin:3.1.0:testResources (default-testResources) @ ecommerce-app ---
[INFO] Using 'UTF-8' encoding to copy filtered resources.
[INFO] skip non existing resourceDirectory /var/jenkins_home/workspace/eCommerceAppBuild/starter_code/src/test/resources
[INFO] 
[INFO] --- maven-compiler-plugin:3.8.1:testCompile (default-testCompile) @ ecommerce-app ---
[INFO] Changes detected - recompiling the module!
[INFO] Compiling 6 source files to /var/jenkins_home/workspace/eCommerceAppBuild/starter_code/target/test-classes
[INFO] /var/jenkins_home/workspace/eCommerceAppBuild/starter_code/src/test/java/com/example/demo/TestUtils.java: /var/jenkins_home/workspace/eCommerceAppBuild/starter_code/src/test/java/com/example/demo/TestUtils.java uses or overrides a deprecated API.
[INFO] /var/jenkins_home/workspace/eCommerceAppBuild/starter_code/src/test/java/com/example/demo/TestUtils.java: Recompile with -Xlint:deprecation for details.
[INFO] 
[INFO] --- maven-surefire-plugin:2.19.1:test (default-test) @ ecommerce-app ---

-------------------------------------------------------
 T E S T S
-------------------------------------------------------
Running com.example.demo.controllers.CartControllerTest
2021-11-05T21:16:44.343+0000 INFO [ADD TO CART] [SUCCESS] for user: Ahmed
2021-11-05T21:16:44.411+0000 ERROR [REMOVE FROM CART] [FAIL] for user: test, REASON: User not found!
2021-11-05T21:16:44.412+0000 ERROR [REMOVE FROM CART] [FAIL] for user: treka, REASON: User not found!
Tests run: 3, Failures: 0, Errors: 0, Skipped: 0, Time elapsed: 3.455 sec - in com.example.demo.controllers.CartControllerTest
Running com.example.demo.controllers.OrderControllerTest
2021-11-05T21:16:44.566+0000 ERROR [SUBMIT ORDER] [FAIL] for user: someone, REASON: User not found!
2021-11-05T21:16:44.571+0000 ERROR [ORDER HISTORY] [FAIL] for user: someone, REASON: User not found!
2021-11-05T21:16:44.579+0000 INFO [ORDER HISTORY] [SUCCESS] for user: test
2021-11-05T21:16:44.583+0000 INFO [SUBMIT ORDER] [SUCCESS] for user: test
Tests run: 4, Failures: 0, Errors: 0, Skipped: 0, Time elapsed: 0.121 sec - in com.example.demo.controllers.OrderControllerTest
Running com.example.demo.controllers.ItemControllerTest
Tests run: 5, Failures: 0, Errors: 0, Skipped: 0, Time elapsed: 0.031 sec - in com.example.demo.controllers.ItemControllerTest
Running com.example.demo.controllers.UserControllerTest
2021-11-05T21:16:44.712+0000 ERROR [CREATE USER] [FAIL] for user: Ahmed, REASON: Either length is less than 7 or pass and conf pass do not match. Unable to create!
2021-11-05T21:16:44.719+0000 ERROR [CREATE USER] [FAIL] for user: Ahmed, REASON: Either length is less than 7 or pass and conf pass do not match. Unable to create!
2021-11-05T21:16:44.723+0000 ERROR [CREATE USER] [FAIL] for user: test, REASON: Either length is less than 7 or pass and conf pass do not match. Unable to create!
2021-11-05T21:16:44.742+0000 INFO [CREATE USER] [SUCCESS] for user: Ahmed
Tests run: 8, Failures: 0, Errors: 0, Skipped: 0, Time elapsed: 0.121 sec - in com.example.demo.controllers.UserControllerTest

Results :

Tests run: 20, Failures: 0, Errors: 0, Skipped: 0

[INFO] 
[INFO] --- maven-war-plugin:3.2.3:war (default-war) @ ecommerce-app ---
[INFO] Packaging webapp
[INFO] Assembling webapp [ecommerce-app] in [/var/jenkins_home/workspace/eCommerceAppBuild/starter_code/target/ecommerce-app-0.0.1-SNAPSHOT]
[INFO] Processing war project
[INFO] Webapp assembled in [856 msecs]
[INFO] Building war: /var/jenkins_home/workspace/eCommerceAppBuild/starter_code/target/ecommerce-app-0.0.1-SNAPSHOT.war
[INFO] 
[INFO] --- spring-boot-maven-plugin:2.3.2.RELEASE:repackage (repackage) @ ecommerce-app ---
[INFO] Replacing main artifact with repackaged archive
[INFO] ------------------------------------------------------------------------
[INFO] BUILD SUCCESS
[INFO] ------------------------------------------------------------------------
[INFO] Total time:  20.214 s
[INFO] Finished at: 2021-11-05T21:16:50Z
[INFO] ------------------------------------------------------------------------
[DeployPublisher][INFO] Attempting to deploy 1 war file(s)
[DeployPublisher][INFO] Deploying /var/jenkins_home/workspace/eCommerceAppBuild/starter_code/target/ecommerce-app-0.0.1-SNAPSHOT.war to container Tomcat 9.x Remote with context ecommerceApp
  [/var/jenkins_home/workspace/eCommerceAppBuild/starter_code/target/ecommerce-app-0.0.1-SNAPSHOT.war] is not deployed. Doing a fresh deployment.
  Deploying [/var/jenkins_home/workspace/eCommerceAppBuild/starter_code/target/ecommerce-app-0.0.1-SNAPSHOT.war]
Finished: SUCCESS
